# zsim stats
===
root: # Stats
 contention: # Contention simulation stats
  domain-0: # Domain stats
   time: 429382002 # Weave simulation time
 time: # Simulator time breakdown
  init: 10385656202507
  bound: 20349711739
  weave: 3455150330
  ff: 0
 trigger: 20000 # Reason for this stats dump
 phase: 6435 # Simulated phases
 westmere: # Core stats
  westmere-0: # Core stats
   cycles: 64350455 # Simulated unhalted cycles
   cCycles: 3724290 # Cycles due to contention stalls
   instrs: 100004996 # Simulated instructions
   uops: 112889989 # Retired micro-ops
   bbls: 31961630 # Basic blocks
   approxInstrs: 287583 # Instrs with approx uop decoding
   mispredBranches: 185491 # Mispredicted branches
   condBranches: 26118851 # conditional branches
 l1i: # Cache stats
  l1i-0: # Filter cache stats
   fhGETS: 30655506 # Filtered GETS hits
   fhGETX: 0 # Filtered GETX hits
   hGETS: 2054494 # GETS hits
   hGETX: 0 # GETX hits
   mGETS: 284762 # GETS misses
   mGETXIM: 0 # GETX I->M misses
   mGETXSM: 0 # GETX S->M misses (upgrade misses)
   PUTS: 0 # Clean evictions (from lower level)
   PUTX: 0 # Dirty evictions (from lower level)
   INV: 6 # Invalidates (from upper level)
   INVX: 0 # Downgrades (from upper level)
   FWD: 0 # Forwards (from upper level)
   latGETnl: 3411722 # GET request latency on next level
   latGETnet: 0 # GET request latency on network to next level
 l1d: # Cache stats
  l1d-0: # Filter cache stats
   fhGETS: 25596713 # Filtered GETS hits
   fhGETX: 6926192 # Filtered GETX hits
   hGETS: 3366368 # GETS hits
   hGETX: 1001821 # GETX hits
   mGETS: 2216382 # GETS misses
   mGETXIM: 210576 # GETX I->M misses
   mGETXSM: 0 # GETX S->M misses (upgrade misses)
   PUTS: 0 # Clean evictions (from lower level)
   PUTX: 0 # Dirty evictions (from lower level)
   INV: 0 # Invalidates (from upper level)
   INVX: 0 # Downgrades (from upper level)
   FWD: 0 # Forwards (from upper level)
   latGETnl: 51663894 # GET request latency on next level
   latGETnet: 0 # GET request latency on network to next level
 l2: # Cache stats
  l2-0: # Cache stats
   hGETS: 2350352 # GETS hits
   hGETX: 32729 # GETX hits
   mGETS: 150792 # GETS misses
   mGETXIM: 177847 # GETX I->M misses
   mGETXSM: 0 # GETX S->M misses (upgrade misses)
   PUTS: 2360042 # Clean evictions (from lower level)
   PUTX: 350648 # Dirty evictions (from lower level)
   INV: 0 # Invalidates (from upper level)
   INVX: 0 # Downgrades (from upper level)
   FWD: 0 # Forwards (from upper level)
   latGETnl: 27958416 # GET request latency on next level
   latGETnet: 0 # GET request latency on network to next level
 l3: # Cache stats
  l3-0: # Cache stats
   hGETS: 76776 # GETS hits
   hGETX: 28851 # GETX hits
   mGETS: 74016 # GETS misses
   mGETXIM: 148996 # GETX I->M misses
   mGETXSM: 0 # GETX S->M misses (upgrade misses)
   PUTS: 74002 # Clean evictions (from lower level)
   PUTX: 250541 # Dirty evictions (from lower level)
   INV: 0 # Invalidates (from upper level)
   INVX: 0 # Downgrades (from upper level)
   FWD: 0 # Forwards (from upper level)
   latGETnl: 20071080 # GET request latency on next level
   latGETnet: 0 # GET request latency on network to next level
 mem: # Memory controller stats
  mem-0: # Memory controller stats
   rd: 55716 # Read requests
   wr: 42829 # Write requests
   rdlat: 7551762 # Total latency experienced by read requests
   wrlat: 6745850 # Total latency experienced by write requests
   rdhits: 35 # Read row hits
   wrhits: 67 # Write row hits
   mlh: # latency histogram for memory requests
    0: 0
    1: 0
    2: 0
    3: 0
    4: 0
    5: 0
    6: 0
    7: 0
    8: 0
    9: 0
    10: 0
    11: 4
    12: 7
    13: 51513
    14: 1274
    15: 1102
    16: 818
    17: 62
    18: 49
    19: 58
    20: 60
    21: 45
    22: 36
    23: 44
    24: 52
    25: 33
    26: 18
    27: 23
    28: 25
    29: 28
    30: 31
    31: 25
    32: 33
    33: 37
    34: 35
    35: 32
    36: 36
    37: 37
    38: 30
    39: 32
    40: 29
    41: 41
    42: 30
    43: 12
    44: 5
    45: 8
    46: 6
    47: 3
    48: 2
    49: 0
    50: 0
    51: 0
    52: 1
    53: 0
    54: 0
    55: 0
    56: 0
    57: 0
    58: 0
    59: 0
    60: 0
    61: 0
    62: 0
    63: 0
    64: 0
    65: 0
    66: 0
    67: 0
    68: 0
    69: 0
    70: 0
    71: 0
    72: 0
    73: 0
    74: 0
    75: 0
    76: 0
    77: 0
    78: 0
    79: 0
    80: 0
    81: 0
    82: 0
    83: 0
    84: 0
    85: 0
    86: 0
    87: 0
    88: 0
    89: 0
    90: 0
    91: 0
    92: 0
    93: 0
    94: 0
    95: 0
    96: 0
    97: 0
    98: 0
    99: 0
  mem-1: # Memory controller stats
   rd: 55775 # Read requests
   wr: 42850 # Write requests
   rdlat: 7558045 # Total latency experienced by read requests
   wrlat: 6759520 # Total latency experienced by write requests
   rdhits: 35 # Read row hits
   wrhits: 73 # Write row hits
   mlh: # latency histogram for memory requests
    0: 0
    1: 0
    2: 0
    3: 0
    4: 0
    5: 0
    6: 0
    7: 0
    8: 0
    9: 0
    10: 0
    11: 1
    12: 4
    13: 51506
    14: 1267
    15: 1150
    16: 842
    17: 84
    18: 61
    19: 48
    20: 47
    21: 47
    22: 35
    23: 34
    24: 69
    25: 42
    26: 18
    27: 16
    28: 21
    29: 24
    30: 29
    31: 23
    32: 30
    33: 35
    34: 45
    35: 38
    36: 34
    37: 53
    38: 25
    39: 32
    40: 33
    41: 26
    42: 25
    43: 15
    44: 7
    45: 4
    46: 1
    47: 3
    48: 1
    49: 0
    50: 0
    51: 0
    52: 0
    53: 0
    54: 0
    55: 0
    56: 0
    57: 0
    58: 0
    59: 0
    60: 0
    61: 0
    62: 0
    63: 0
    64: 0
    65: 0
    66: 0
    67: 0
    68: 0
    69: 0
    70: 0
    71: 0
    72: 0
    73: 0
    74: 0
    75: 0
    76: 0
    77: 0
    78: 0
    79: 0
    80: 0
    81: 0
    82: 0
    83: 0
    84: 0
    85: 0
    86: 0
    87: 0
    88: 0
    89: 0
    90: 0
    91: 0
    92: 0
    93: 0
    94: 0
    95: 0
    96: 0
    97: 0
    98: 0
    99: 0
  mem-2: # Memory controller stats
   rd: 55813 # Read requests
   wr: 42811 # Write requests
   rdlat: 7549717 # Total latency experienced by read requests
   wrlat: 6723028 # Total latency experienced by write requests
   rdhits: 32 # Read row hits
   wrhits: 66 # Write row hits
   mlh: # latency histogram for memory requests
    0: 0
    1: 0
    2: 0
    3: 0
    4: 0
    5: 0
    6: 0
    7: 0
    8: 0
    9: 0
    10: 0
    11: 2
    12: 4
    13: 51670
    14: 1316
    15: 1096
    16: 822
    17: 54
    18: 50
    19: 31
    20: 55
    21: 45
    22: 33
    23: 39
    24: 58
    25: 33
    26: 17
    27: 25
    28: 15
    29: 26
    30: 23
    31: 27
    32: 16
    33: 33
    34: 44
    35: 30
    36: 37
    37: 39
    38: 33
    39: 31
    40: 31
    41: 24
    42: 21
    43: 17
    44: 7
    45: 4
    46: 1
    47: 2
    48: 1
    49: 0
    50: 1
    51: 0
    52: 0
    53: 0
    54: 0
    55: 0
    56: 0
    57: 0
    58: 0
    59: 0
    60: 0
    61: 0
    62: 0
    63: 0
    64: 0
    65: 0
    66: 0
    67: 0
    68: 0
    69: 0
    70: 0
    71: 0
    72: 0
    73: 0
    74: 0
    75: 0
    76: 0
    77: 0
    78: 0
    79: 0
    80: 0
    81: 0
    82: 0
    83: 0
    84: 0
    85: 0
    86: 0
    87: 0
    88: 0
    89: 0
    90: 0
    91: 0
    92: 0
    93: 0
    94: 0
    95: 0
    96: 0
    97: 0
    98: 0
    99: 0
  mem-3: # Memory controller stats
   rd: 55704 # Read requests
   wr: 42711 # Write requests
   rdlat: 7546613 # Total latency experienced by read requests
   wrlat: 6710760 # Total latency experienced by write requests
   rdhits: 49 # Read row hits
   wrhits: 73 # Write row hits
   mlh: # latency histogram for memory requests
    0: 0
    1: 0
    2: 0
    3: 0
    4: 0
    5: 0
    6: 0
    7: 0
    8: 0
    9: 0
    10: 0
    11: 1
    12: 2
    13: 51541
    14: 1277
    15: 1079
    16: 850
    17: 53
    18: 53
    19: 41
    20: 44
    21: 38
    22: 46
    23: 41
    24: 55
    25: 35
    26: 18
    27: 26
    28: 23
    29: 22
    30: 24
    31: 25
    32: 34
    33: 33
    34: 35
    35: 38
    36: 30
    37: 36
    38: 39
    39: 36
    40: 30
    41: 25
    42: 29
    43: 17
    44: 8
    45: 11
    46: 2
    47: 2
    48: 4
    49: 0
    50: 0
    51: 0
    52: 0
    53: 0
    54: 1
    55: 0
    56: 0
    57: 0
    58: 0
    59: 0
    60: 0
    61: 0
    62: 0
    63: 0
    64: 0
    65: 0
    66: 0
    67: 0
    68: 0
    69: 0
    70: 0
    71: 0
    72: 0
    73: 0
    74: 0
    75: 0
    76: 0
    77: 0
    78: 0
    79: 0
    80: 0
    81: 0
    82: 0
    83: 0
    84: 0
    85: 0
    86: 0
    87: 0
    88: 0
    89: 0
    90: 0
    91: 0
    92: 0
    93: 0
    94: 0
    95: 0
    96: 0
    97: 0
    98: 0
    99: 0
 sched: # Scheduler stats
  thCr: 1 # Threads created
  thFn: 1 # Threads finished
  schedEvs: 1 # Schedule events
  waitEvs: 0 # Wait events
  handoffEvs: 0 # Handoff events
  sleepEvs: 0 # Sleep events
  idlePhases: 0 # Phases with no thread active
  idlePeriods: 0 # Periods with no thread active
  occHist: # Occupancy histogram
   0: 0
   1: 6435
  rqSzHist: # Run queue size histogram
   0: 6435
   1: 0
   2: 0
   3: 0
   4: 0
   5: 0
   6: 0
   7: 0
   8: 0
   9: 0
   10: 0
   11: 0
   12: 0
   13: 0
   14: 0
   15: 0
   16: 0
 procCycles: # Per-process unhalted core cycles
  0: 64350455
  1: 0
  2: 0
  3: 0
  4: 0
  5: 0
  6: 0
  7: 0
  8: 0
  9: 0
  10: 0
  11: 0
  12: 0
  13: 0
  14: 0
  15: 0
  16: 0
  17: 0
  18: 0
  19: 0
  20: 0
  21: 0
  22: 0
  23: 0
  24: 0
  25: 0
  26: 0
  27: 0
  28: 0
  29: 0
  30: 0
  31: 0
  32: 0
  33: 0
  34: 0
  35: 0
  36: 0
  37: 0
  38: 0
  39: 0
  40: 0
  41: 0
  42: 0
  43: 0
  44: 0
  45: 0
  46: 0
  47: 0
  48: 0
  49: 0
  50: 0
  51: 0
  52: 0
  53: 0
  54: 0
  55: 0
  56: 0
  57: 0
  58: 0
  59: 0
  60: 0
  61: 0
  62: 0
  63: 0
 procInstrs: # Per-process instructions
  0: 100004996
  1: 0
  2: 0
  3: 0
  4: 0
  5: 0
  6: 0
  7: 0
  8: 0
  9: 0
  10: 0
  11: 0
  12: 0
  13: 0
  14: 0
  15: 0
  16: 0
  17: 0
  18: 0
  19: 0
  20: 0
  21: 0
  22: 0
  23: 0
  24: 0
  25: 0
  26: 0
  27: 0
  28: 0
  29: 0
  30: 0
  31: 0
  32: 0
  33: 0
  34: 0
  35: 0
  36: 0
  37: 0
  38: 0
  39: 0
  40: 0
  41: 0
  42: 0
  43: 0
  44: 0
  45: 0
  46: 0
  47: 0
  48: 0
  49: 0
  50: 0
  51: 0
  52: 0
  53: 0
  54: 0
  55: 0
  56: 0
  57: 0
  58: 0
  59: 0
  60: 0
  61: 0
  62: 0
  63: 0
 heartbeats: # Per-process heartbeats
  0: 0
  1: 0
  2: 0
  3: 0
  4: 0
  5: 0
  6: 0
  7: 0
  8: 0
  9: 0
  10: 0
  11: 0
  12: 0
  13: 0
  14: 0
  15: 0
  16: 0
  17: 0
  18: 0
  19: 0
  20: 0
  21: 0
  22: 0
  23: 0
  24: 0
  25: 0
  26: 0
  27: 0
  28: 0
  29: 0
  30: 0
  31: 0
  32: 0
  33: 0
  34: 0
  35: 0
  36: 0
  37: 0
  38: 0
  39: 0
  40: 0
  41: 0
  42: 0
  43: 0
  44: 0
  45: 0
  46: 0
  47: 0
  48: 0
  49: 0
  50: 0
  51: 0
  52: 0
  53: 0
  54: 0
  55: 0
  56: 0
  57: 0
  58: 0
  59: 0
  60: 0
  61: 0
  62: 0
  63: 0
===
