# zsim stats
===
root: # Stats
 contention: # Contention simulation stats
  domain-0: # Domain stats
   time: 3831216893 # Weave simulation time
 time: # Simulator time breakdown
  init: 1192586584591
  bound: 19106465269
  weave: 4134965242
  ff: 0
 trigger: 20000 # Reason for this stats dump
 phase: 14689 # Simulated phases
 westmere: # Core stats
  westmere-0: # Core stats
   cycles: 146892583 # Simulated unhalted cycles
   cCycles: 26868460 # Cycles due to contention stalls
   instrs: 100000137 # Simulated instructions
   uops: 114157387 # Retired micro-ops
   bbls: 2329584 # Basic blocks
   approxInstrs: 553668 # Instrs with approx uop decoding
   mispredBranches: 3170 # Mispredicted branches
   condBranches: 914804 # conditional branches
 l1i: # Cache stats
  l1i-0: # Filter cache stats
   fhGETS: 9224855 # Filtered GETS hits
   fhGETX: 0 # Filtered GETX hits
   hGETS: 11 # GETS hits
   hGETX: 0 # GETX hits
   mGETS: 139 # GETS misses
   mGETXIM: 0 # GETX I->M misses
   mGETXSM: 0 # GETX S->M misses (upgrade misses)
   PUTS: 0 # Clean evictions (from lower level)
   PUTX: 0 # Dirty evictions (from lower level)
   INV: 0 # Invalidates (from upper level)
   INVX: 0 # Downgrades (from upper level)
   FWD: 0 # Forwards (from upper level)
   latGETnl: 17236 # GET request latency on next level
   latGETnet: 0 # GET request latency on network to next level
 l1d: # Cache stats
  l1d-0: # Filter cache stats
   fhGETS: 17995270 # Filtered GETS hits
   fhGETX: 5395178 # Filtered GETX hits
   hGETS: 969998 # GETS hits
   hGETX: 756994 # GETX hits
   mGETS: 785976 # GETS misses
   mGETXIM: 4309084 # GETX I->M misses
   mGETXSM: 0 # GETX S->M misses (upgrade misses)
   PUTS: 0 # Clean evictions (from lower level)
   PUTX: 0 # Dirty evictions (from lower level)
   INV: 0 # Invalidates (from upper level)
   INVX: 0 # Downgrades (from upper level)
   FWD: 0 # Forwards (from upper level)
   latGETnl: 403784440 # GET request latency on next level
   latGETnet: 0 # GET request latency on network to next level
 l2: # Cache stats
  l2-0: # Cache stats
   hGETS: 96 # GETS hits
   hGETX: 1999864 # GETX hits
   mGETS: 786019 # GETS misses
   mGETXIM: 2309220 # GETX I->M misses
   mGETXSM: 0 # GETX S->M misses (upgrade misses)
   PUTS: 785460 # Clean evictions (from lower level)
   PUTX: 4309088 # Dirty evictions (from lower level)
   INV: 0 # Invalidates (from upper level)
   INVX: 0 # Downgrades (from upper level)
   FWD: 0 # Forwards (from upper level)
   latGETnl: 352849686 # GET request latency on next level
   latGETnet: 0 # GET request latency on network to next level
 l3: # Cache stats
  l3-0: # Cache stats
   hGETS: 48 # GETS hits
   hGETX: 36 # GETX hits
   mGETS: 785971 # GETS misses
   mGETXIM: 2309184 # GETX I->M misses
   mGETXSM: 0 # GETX S->M misses (upgrade misses)
   PUTS: 781919 # Clean evictions (from lower level)
   PUTX: 2309224 # Dirty evictions (from lower level)
   INV: 0 # Invalidates (from upper level)
   INVX: 0 # Downgrades (from upper level)
   FWD: 0 # Forwards (from upper level)
   latGETnl: 278563950 # GET request latency on next level
   latGETnet: 0 # GET request latency on network to next level
 mem: # Memory controller stats
  mem-0: # Memory controller stats
   rd: 773782 # Read requests
   wr: 574205 # Write requests
   rdlat: 110395991 # Total latency experienced by read requests
   wrlat: 101319631 # Total latency experienced by write requests
   rdhits: 48 # Read row hits
   wrhits: 12079 # Write row hits
   mlh: # latency histogram for memory requests
    0: 0
    1: 0
    2: 0
    3: 0
    4: 0
    5: 0
    6: 0
    7: 0
    8: 0
    9: 1
    10: 1
    11: 3
    12: 2
    13: 451988
    14: 156225
    15: 108285
    16: 6475
    17: 30744
    18: 1133
    19: 1674
    20: 2408
    21: 3385
    22: 2156
    23: 1592
    24: 841
    25: 564
    26: 416
    27: 552
    28: 505
    29: 370
    30: 330
    31: 361
    32: 368
    33: 387
    34: 356
    35: 249
    36: 214
    37: 176
    38: 166
    39: 375
    40: 269
    41: 281
    42: 282
    43: 152
    44: 95
    45: 47
    46: 68
    47: 60
    48: 113
    49: 45
    50: 13
    51: 10
    52: 12
    53: 15
    54: 16
    55: 1
    56: 1
    57: 0
    58: 0
    59: 0
    60: 0
    61: 0
    62: 0
    63: 0
    64: 0
    65: 0
    66: 0
    67: 0
    68: 0
    69: 0
    70: 0
    71: 0
    72: 0
    73: 0
    74: 0
    75: 0
    76: 0
    77: 0
    78: 0
    79: 0
    80: 0
    81: 0
    82: 0
    83: 0
    84: 0
    85: 0
    86: 0
    87: 0
    88: 0
    89: 0
    90: 0
    91: 0
    92: 0
    93: 0
    94: 0
    95: 0
    96: 0
    97: 0
    98: 0
    99: 0
  mem-1: # Memory controller stats
   rd: 773772 # Read requests
   wr: 574194 # Write requests
   rdlat: 110400279 # Total latency experienced by read requests
   wrlat: 100630239 # Total latency experienced by write requests
   rdhits: 89 # Read row hits
   wrhits: 13283 # Write row hits
   mlh: # latency histogram for memory requests
    0: 0
    1: 0
    2: 0
    3: 0
    4: 0
    5: 0
    6: 0
    7: 0
    8: 0
    9: 0
    10: 0
    11: 1
    12: 3
    13: 451902
    14: 156480
    15: 106820
    16: 8526
    17: 31126
    18: 853
    19: 1595
    20: 2095
    21: 3056
    22: 1946
    23: 1556
    24: 841
    25: 669
    26: 436
    27: 515
    28: 423
    29: 366
    30: 328
    31: 335
    32: 344
    33: 396
    34: 398
    35: 275
    36: 216
    37: 154
    38: 176
    39: 343
    40: 254
    41: 276
    42: 301
    43: 161
    44: 105
    45: 55
    46: 87
    47: 71
    48: 160
    49: 71
    50: 23
    51: 11
    52: 8
    53: 6
    54: 5
    55: 2
    56: 0
    57: 1
    58: 0
    59: 0
    60: 0
    61: 1
    62: 0
    63: 0
    64: 0
    65: 0
    66: 0
    67: 0
    68: 0
    69: 0
    70: 0
    71: 0
    72: 0
    73: 0
    74: 0
    75: 0
    76: 0
    77: 0
    78: 0
    79: 0
    80: 0
    81: 0
    82: 0
    83: 0
    84: 0
    85: 0
    86: 0
    87: 0
    88: 0
    89: 0
    90: 0
    91: 0
    92: 0
    93: 0
    94: 0
    95: 0
    96: 0
    97: 0
    98: 0
    99: 0
  mem-2: # Memory controller stats
   rd: 773767 # Read requests
   wr: 574200 # Write requests
   rdlat: 110442353 # Total latency experienced by read requests
   wrlat: 101345300 # Total latency experienced by write requests
   rdhits: 54 # Read row hits
   wrhits: 12862 # Write row hits
   mlh: # latency histogram for memory requests
    0: 0
    1: 0
    2: 0
    3: 0
    4: 0
    5: 0
    6: 0
    7: 0
    8: 0
    9: 0
    10: 0
    11: 0
    12: 0
    13: 451330
    14: 155867
    15: 108879
    16: 6885
    17: 30522
    18: 1048
    19: 1633
    20: 2507
    21: 3521
    22: 2194
    23: 1671
    24: 824
    25: 520
    26: 417
    27: 562
    28: 529
    29: 406
    30: 354
    31: 326
    32: 342
    33: 359
    34: 329
    35: 250
    36: 199
    37: 191
    38: 191
    39: 354
    40: 258
    41: 284
    42: 293
    43: 157
    44: 103
    45: 40
    46: 76
    47: 61
    48: 176
    49: 64
    50: 24
    51: 7
    52: 4
    53: 4
    54: 4
    55: 2
    56: 0
    57: 0
    58: 0
    59: 0
    60: 0
    61: 0
    62: 0
    63: 0
    64: 0
    65: 0
    66: 0
    67: 0
    68: 0
    69: 0
    70: 0
    71: 0
    72: 0
    73: 0
    74: 0
    75: 0
    76: 0
    77: 0
    78: 0
    79: 0
    80: 0
    81: 0
    82: 0
    83: 0
    84: 0
    85: 0
    86: 0
    87: 0
    88: 0
    89: 0
    90: 0
    91: 0
    92: 0
    93: 0
    94: 0
    95: 0
    96: 0
    97: 0
    98: 0
    99: 0
  mem-3: # Memory controller stats
   rd: 773769 # Read requests
   wr: 574215 # Write requests
   rdlat: 110423536 # Total latency experienced by read requests
   wrlat: 100675664 # Total latency experienced by write requests
   rdhits: 38 # Read row hits
   wrhits: 12649 # Write row hits
   mlh: # latency histogram for memory requests
    0: 0
    1: 0
    2: 0
    3: 0
    4: 0
    5: 0
    6: 0
    7: 0
    8: 0
    9: 0
    10: 0
    11: 1
    12: 2
    13: 450947
    14: 156122
    15: 107758
    16: 8694
    17: 31245
    18: 899
    19: 1605
    20: 2089
    21: 3030
    22: 1984
    23: 1573
    24: 853
    25: 671
    26: 422
    27: 495
    28: 488
    29: 379
    30: 332
    31: 362
    32: 364
    33: 389
    34: 348
    35: 272
    36: 193
    37: 176
    38: 193
    39: 343
    40: 260
    41: 289
    42: 296
    43: 147
    44: 89
    45: 45
    46: 69
    47: 86
    48: 148
    49: 64
    50: 16
    51: 4
    52: 7
    53: 9
    54: 6
    55: 5
    56: 0
    57: 0
    58: 0
    59: 0
    60: 0
    61: 0
    62: 0
    63: 0
    64: 0
    65: 0
    66: 0
    67: 0
    68: 0
    69: 0
    70: 0
    71: 0
    72: 0
    73: 0
    74: 0
    75: 0
    76: 0
    77: 0
    78: 0
    79: 0
    80: 0
    81: 0
    82: 0
    83: 0
    84: 0
    85: 0
    86: 0
    87: 0
    88: 0
    89: 0
    90: 0
    91: 0
    92: 0
    93: 0
    94: 0
    95: 0
    96: 0
    97: 0
    98: 0
    99: 0
 sched: # Scheduler stats
  thCr: 1 # Threads created
  thFn: 1 # Threads finished
  schedEvs: 1 # Schedule events
  waitEvs: 0 # Wait events
  handoffEvs: 0 # Handoff events
  sleepEvs: 0 # Sleep events
  idlePhases: 0 # Phases with no thread active
  idlePeriods: 0 # Periods with no thread active
  occHist: # Occupancy histogram
   0: 0
   1: 14689
  rqSzHist: # Run queue size histogram
   0: 14689
   1: 0
   2: 0
   3: 0
   4: 0
   5: 0
   6: 0
   7: 0
   8: 0
   9: 0
   10: 0
   11: 0
   12: 0
   13: 0
   14: 0
   15: 0
   16: 0
 procCycles: # Per-process unhalted core cycles
  0: 146892583
  1: 0
  2: 0
  3: 0
  4: 0
  5: 0
  6: 0
  7: 0
  8: 0
  9: 0
  10: 0
  11: 0
  12: 0
  13: 0
  14: 0
  15: 0
  16: 0
  17: 0
  18: 0
  19: 0
  20: 0
  21: 0
  22: 0
  23: 0
  24: 0
  25: 0
  26: 0
  27: 0
  28: 0
  29: 0
  30: 0
  31: 0
  32: 0
  33: 0
  34: 0
  35: 0
  36: 0
  37: 0
  38: 0
  39: 0
  40: 0
  41: 0
  42: 0
  43: 0
  44: 0
  45: 0
  46: 0
  47: 0
  48: 0
  49: 0
  50: 0
  51: 0
  52: 0
  53: 0
  54: 0
  55: 0
  56: 0
  57: 0
  58: 0
  59: 0
  60: 0
  61: 0
  62: 0
  63: 0
 procInstrs: # Per-process instructions
  0: 100000137
  1: 0
  2: 0
  3: 0
  4: 0
  5: 0
  6: 0
  7: 0
  8: 0
  9: 0
  10: 0
  11: 0
  12: 0
  13: 0
  14: 0
  15: 0
  16: 0
  17: 0
  18: 0
  19: 0
  20: 0
  21: 0
  22: 0
  23: 0
  24: 0
  25: 0
  26: 0
  27: 0
  28: 0
  29: 0
  30: 0
  31: 0
  32: 0
  33: 0
  34: 0
  35: 0
  36: 0
  37: 0
  38: 0
  39: 0
  40: 0
  41: 0
  42: 0
  43: 0
  44: 0
  45: 0
  46: 0
  47: 0
  48: 0
  49: 0
  50: 0
  51: 0
  52: 0
  53: 0
  54: 0
  55: 0
  56: 0
  57: 0
  58: 0
  59: 0
  60: 0
  61: 0
  62: 0
  63: 0
 heartbeats: # Per-process heartbeats
  0: 0
  1: 0
  2: 0
  3: 0
  4: 0
  5: 0
  6: 0
  7: 0
  8: 0
  9: 0
  10: 0
  11: 0
  12: 0
  13: 0
  14: 0
  15: 0
  16: 0
  17: 0
  18: 0
  19: 0
  20: 0
  21: 0
  22: 0
  23: 0
  24: 0
  25: 0
  26: 0
  27: 0
  28: 0
  29: 0
  30: 0
  31: 0
  32: 0
  33: 0
  34: 0
  35: 0
  36: 0
  37: 0
  38: 0
  39: 0
  40: 0
  41: 0
  42: 0
  43: 0
  44: 0
  45: 0
  46: 0
  47: 0
  48: 0
  49: 0
  50: 0
  51: 0
  52: 0
  53: 0
  54: 0
  55: 0
  56: 0
  57: 0
  58: 0
  59: 0
  60: 0
  61: 0
  62: 0
  63: 0
===
