# zsim stats
===
root: # Stats
 contention: # Contention simulation stats
  domain-0: # Domain stats
   time: 11480553040 # Weave simulation time
 time: # Simulator time breakdown
  init: 1329076524104
  bound: 62127053448
  weave: 20807170630
  ff: 0
 trigger: 20000 # Reason for this stats dump
 phase: 63266 # Simulated phases
 westmere: # Core stats
  westmere-0: # Core stats
   cycles: 632662495 # Simulated unhalted cycles
   cCycles: 142576758 # Cycles due to contention stalls
   instrs: 100000890 # Simulated instructions
   uops: 101913452 # Retired micro-ops
   bbls: 27652767 # Basic blocks
   approxInstrs: 22406 # Instrs with approx uop decoding
   mispredBranches: 1591369 # Mispredicted branches
   condBranches: 25800968 # conditional branches
 l1i: # Cache stats
  l1i-0: # Filter cache stats
   fhGETS: 35460838 # Filtered GETS hits
   fhGETX: 0 # Filtered GETX hits
   hGETS: 0 # GETS hits
   hGETX: 0 # GETX hits
   mGETS: 47 # GETS misses
   mGETXIM: 0 # GETX I->M misses
   mGETXSM: 0 # GETX S->M misses (upgrade misses)
   PUTS: 0 # Clean evictions (from lower level)
   PUTX: 0 # Dirty evictions (from lower level)
   INV: 0 # Invalidates (from upper level)
   INVX: 0 # Downgrades (from upper level)
   FWD: 0 # Forwards (from upper level)
   latGETnl: 5828 # GET request latency on next level
   latGETnet: 0 # GET request latency on network to next level
 l1d: # Cache stats
  l1d-0: # Filter cache stats
   fhGETS: 22273874 # Filtered GETS hits
   fhGETX: 2287186 # Filtered GETX hits
   hGETS: 1845221 # GETS hits
   hGETX: 3241864 # GETX hits
   mGETS: 12457602 # GETS misses
   mGETXIM: 262270 # GETX I->M misses
   mGETXSM: 0 # GETX S->M misses (upgrade misses)
   PUTS: 0 # Clean evictions (from lower level)
   PUTX: 0 # Dirty evictions (from lower level)
   INV: 0 # Invalidates (from upper level)
   INVX: 0 # Downgrades (from upper level)
   FWD: 0 # Forwards (from upper level)
   latGETnl: 1069133806 # GET request latency on next level
   latGETnet: 0 # GET request latency on network to next level
 l2: # Cache stats
  l2-0: # Cache stats
   hGETS: 2414190 # GETS hits
   hGETX: 89098 # GETX hits
   mGETS: 10043459 # GETS misses
   mGETXIM: 173172 # GETX I->M misses
   mGETXSM: 0 # GETX S->M misses (upgrade misses)
   PUTS: 9460400 # Clean evictions (from lower level)
   PUTX: 3258960 # Dirty evictions (from lower level)
   INV: 0 # Invalidates (from upper level)
   INVX: 0 # Downgrades (from upper level)
   FWD: 0 # Forwards (from upper level)
   latGETnl: 941940444 # GET request latency on next level
   latGETnet: 0 # GET request latency on network to next level
 l3: # Cache stats
  l3-0: # Cache stats
   hGETS: 2417494 # GETS hits
   hGETX: 57567 # GETX hits
   mGETS: 7625965 # GETS misses
   mGETXIM: 115605 # GETX I->M misses
   mGETXSM: 0 # GETX S->M misses (upgrade misses)
   PUTS: 7440619 # Clean evictions (from lower level)
   PUTX: 2771916 # Dirty evictions (from lower level)
   INV: 0 # Invalidates (from upper level)
   INVX: 0 # Downgrades (from upper level)
   FWD: 0 # Forwards (from upper level)
   latGETnl: 696741300 # GET request latency on next level
   latGETnet: 0 # GET request latency on network to next level
 mem: # Memory controller stats
  mem-0: # Memory controller stats
   rd: 1933291 # Read requests
   wr: 615544 # Write requests
   rdlat: 263193489 # Total latency experienced by read requests
   wrlat: 89495940 # Total latency experienced by write requests
   rdhits: 1938 # Read row hits
   wrhits: 1891 # Write row hits
   mlh: # latency histogram for memory requests
    0: 0
    1: 0
    2: 0
    3: 0
    4: 0
    5: 0
    6: 0
    7: 0
    8: 0
    9: 0
    10: 0
    11: 288
    12: 334
    13: 1705572
    14: 131800
    15: 48739
    16: 13933
    17: 2678
    18: 874
    19: 1033
    20: 1206
    21: 1255
    22: 891
    23: 1236
    24: 2741
    25: 1602
    26: 493
    27: 591
    28: 637
    29: 679
    30: 1045
    31: 1309
    32: 1140
    33: 1150
    34: 1184
    35: 1339
    36: 1363
    37: 1126
    38: 1100
    39: 1172
    40: 1068
    41: 1070
    42: 1039
    43: 553
    44: 238
    45: 206
    46: 134
    47: 254
    48: 143
    49: 41
    50: 10
    51: 9
    52: 11
    53: 2
    54: 2
    55: 0
    56: 1
    57: 0
    58: 0
    59: 0
    60: 0
    61: 0
    62: 0
    63: 0
    64: 0
    65: 0
    66: 0
    67: 0
    68: 0
    69: 0
    70: 0
    71: 0
    72: 0
    73: 0
    74: 0
    75: 0
    76: 0
    77: 0
    78: 0
    79: 0
    80: 0
    81: 0
    82: 0
    83: 0
    84: 0
    85: 0
    86: 0
    87: 0
    88: 0
    89: 0
    90: 0
    91: 0
    92: 0
    93: 0
    94: 0
    95: 0
    96: 0
    97: 0
    98: 0
    99: 0
  mem-1: # Memory controller stats
   rd: 1930917 # Read requests
   wr: 614555 # Write requests
   rdlat: 262837663 # Total latency experienced by read requests
   wrlat: 89434786 # Total latency experienced by write requests
   rdhits: 1824 # Read row hits
   wrhits: 1896 # Write row hits
   mlh: # latency histogram for memory requests
    0: 0
    1: 0
    2: 0
    3: 0
    4: 0
    5: 0
    6: 0
    7: 0
    8: 0
    9: 0
    10: 0
    11: 238
    12: 399
    13: 1704395
    14: 131086
    15: 48274
    16: 14296
    17: 2454
    18: 936
    19: 1026
    20: 1265
    21: 1164
    22: 796
    23: 1152
    24: 2568
    25: 1740
    26: 567
    27: 626
    28: 635
    29: 689
    30: 1071
    31: 1350
    32: 1058
    33: 1054
    34: 1238
    35: 1345
    36: 1266
    37: 1193
    38: 1123
    39: 1133
    40: 1119
    41: 1123
    42: 1071
    43: 494
    44: 222
    45: 174
    46: 140
    47: 220
    48: 131
    49: 37
    50: 14
    51: 9
    52: 7
    53: 8
    54: 6
    55: 2
    56: 1
    57: 0
    58: 0
    59: 1
    60: 0
    61: 0
    62: 1
    63: 0
    64: 0
    65: 0
    66: 0
    67: 0
    68: 0
    69: 0
    70: 0
    71: 0
    72: 0
    73: 0
    74: 0
    75: 0
    76: 0
    77: 0
    78: 0
    79: 0
    80: 0
    81: 0
    82: 0
    83: 0
    84: 0
    85: 0
    86: 0
    87: 0
    88: 0
    89: 0
    90: 0
    91: 0
    92: 0
    93: 0
    94: 0
    95: 0
    96: 0
    97: 0
    98: 0
    99: 0
  mem-2: # Memory controller stats
   rd: 1951355 # Read requests
   wr: 614749 # Write requests
   rdlat: 265802151 # Total latency experienced by read requests
   wrlat: 89612365 # Total latency experienced by write requests
   rdhits: 2107 # Read row hits
   wrhits: 1971 # Write row hits
   mlh: # latency histogram for memory requests
    0: 0
    1: 0
    2: 0
    3: 0
    4: 0
    5: 0
    6: 0
    7: 0
    8: 0
    9: 0
    10: 0
    11: 233
    12: 566
    13: 1716763
    14: 137924
    15: 48951
    16: 13087
    17: 2249
    18: 886
    19: 924
    20: 1388
    21: 1659
    22: 934
    23: 1342
    24: 3156
    25: 1761
    26: 559
    27: 625
    28: 685
    29: 748
    30: 1106
    31: 1343
    32: 1087
    33: 1210
    34: 1301
    35: 1290
    36: 1258
    37: 1151
    38: 1171
    39: 1140
    40: 1088
    41: 1108
    42: 1057
    43: 523
    44: 213
    45: 189
    46: 157
    47: 260
    48: 171
    49: 46
    50: 18
    51: 6
    52: 9
    53: 7
    54: 0
    55: 2
    56: 2
    57: 0
    58: 1
    59: 0
    60: 0
    61: 1
    62: 0
    63: 0
    64: 0
    65: 0
    66: 0
    67: 0
    68: 0
    69: 0
    70: 0
    71: 0
    72: 0
    73: 0
    74: 0
    75: 0
    76: 0
    77: 0
    78: 0
    79: 0
    80: 0
    81: 0
    82: 0
    83: 0
    84: 0
    85: 0
    86: 0
    87: 0
    88: 0
    89: 0
    90: 0
    91: 0
    92: 0
    93: 0
    94: 0
    95: 0
    96: 0
    97: 0
    98: 0
    99: 0
  mem-3: # Memory controller stats
   rd: 1925952 # Read requests
   wr: 612865 # Write requests
   rdlat: 262154118 # Total latency experienced by read requests
   wrlat: 89048389 # Total latency experienced by write requests
   rdhits: 2114 # Read row hits
   wrhits: 1985 # Write row hits
   mlh: # latency histogram for memory requests
    0: 0
    1: 0
    2: 0
    3: 0
    4: 0
    5: 0
    6: 0
    7: 0
    8: 0
    9: 0
    10: 0
    11: 303
    12: 451
    13: 1698825
    14: 131890
    15: 48007
    16: 14561
    17: 2275
    18: 952
    19: 1034
    20: 1348
    21: 1250
    22: 885
    23: 1136
    24: 2566
    25: 1483
    26: 527
    27: 587
    28: 623
    29: 698
    30: 1080
    31: 1273
    32: 1078
    33: 1110
    34: 1239
    35: 1342
    36: 1279
    37: 1136
    38: 1068
    39: 1088
    40: 1098
    41: 1128
    42: 1064
    43: 546
    44: 260
    45: 200
    46: 134
    47: 235
    48: 127
    49: 39
    50: 10
    51: 5
    52: 3
    53: 4
    54: 3
    55: 2
    56: 0
    57: 0
    58: 0
    59: 0
    60: 0
    61: 0
    62: 0
    63: 0
    64: 0
    65: 0
    66: 0
    67: 0
    68: 0
    69: 0
    70: 0
    71: 0
    72: 0
    73: 0
    74: 0
    75: 0
    76: 0
    77: 0
    78: 0
    79: 0
    80: 0
    81: 0
    82: 0
    83: 0
    84: 0
    85: 0
    86: 0
    87: 0
    88: 0
    89: 0
    90: 0
    91: 0
    92: 0
    93: 0
    94: 0
    95: 0
    96: 0
    97: 0
    98: 0
    99: 0
 sched: # Scheduler stats
  thCr: 1 # Threads created
  thFn: 1 # Threads finished
  schedEvs: 1 # Schedule events
  waitEvs: 0 # Wait events
  handoffEvs: 0 # Handoff events
  sleepEvs: 0 # Sleep events
  idlePhases: 0 # Phases with no thread active
  idlePeriods: 0 # Periods with no thread active
  occHist: # Occupancy histogram
   0: 0
   1: 63266
  rqSzHist: # Run queue size histogram
   0: 63266
   1: 0
   2: 0
   3: 0
   4: 0
   5: 0
   6: 0
   7: 0
   8: 0
   9: 0
   10: 0
   11: 0
   12: 0
   13: 0
   14: 0
   15: 0
   16: 0
 procCycles: # Per-process unhalted core cycles
  0: 632662495
  1: 0
  2: 0
  3: 0
  4: 0
  5: 0
  6: 0
  7: 0
  8: 0
  9: 0
  10: 0
  11: 0
  12: 0
  13: 0
  14: 0
  15: 0
  16: 0
  17: 0
  18: 0
  19: 0
  20: 0
  21: 0
  22: 0
  23: 0
  24: 0
  25: 0
  26: 0
  27: 0
  28: 0
  29: 0
  30: 0
  31: 0
  32: 0
  33: 0
  34: 0
  35: 0
  36: 0
  37: 0
  38: 0
  39: 0
  40: 0
  41: 0
  42: 0
  43: 0
  44: 0
  45: 0
  46: 0
  47: 0
  48: 0
  49: 0
  50: 0
  51: 0
  52: 0
  53: 0
  54: 0
  55: 0
  56: 0
  57: 0
  58: 0
  59: 0
  60: 0
  61: 0
  62: 0
  63: 0
 procInstrs: # Per-process instructions
  0: 100000890
  1: 0
  2: 0
  3: 0
  4: 0
  5: 0
  6: 0
  7: 0
  8: 0
  9: 0
  10: 0
  11: 0
  12: 0
  13: 0
  14: 0
  15: 0
  16: 0
  17: 0
  18: 0
  19: 0
  20: 0
  21: 0
  22: 0
  23: 0
  24: 0
  25: 0
  26: 0
  27: 0
  28: 0
  29: 0
  30: 0
  31: 0
  32: 0
  33: 0
  34: 0
  35: 0
  36: 0
  37: 0
  38: 0
  39: 0
  40: 0
  41: 0
  42: 0
  43: 0
  44: 0
  45: 0
  46: 0
  47: 0
  48: 0
  49: 0
  50: 0
  51: 0
  52: 0
  53: 0
  54: 0
  55: 0
  56: 0
  57: 0
  58: 0
  59: 0
  60: 0
  61: 0
  62: 0
  63: 0
 heartbeats: # Per-process heartbeats
  0: 0
  1: 0
  2: 0
  3: 0
  4: 0
  5: 0
  6: 0
  7: 0
  8: 0
  9: 0
  10: 0
  11: 0
  12: 0
  13: 0
  14: 0
  15: 0
  16: 0
  17: 0
  18: 0
  19: 0
  20: 0
  21: 0
  22: 0
  23: 0
  24: 0
  25: 0
  26: 0
  27: 0
  28: 0
  29: 0
  30: 0
  31: 0
  32: 0
  33: 0
  34: 0
  35: 0
  36: 0
  37: 0
  38: 0
  39: 0
  40: 0
  41: 0
  42: 0
  43: 0
  44: 0
  45: 0
  46: 0
  47: 0
  48: 0
  49: 0
  50: 0
  51: 0
  52: 0
  53: 0
  54: 0
  55: 0
  56: 0
  57: 0
  58: 0
  59: 0
  60: 0
  61: 0
  62: 0
  63: 0
===
