# zsim stats
===
root: # Stats
 contention: # Contention simulation stats
  domain-0: # Domain stats
   time: 316503749 # Weave simulation time
 time: # Simulator time breakdown
  init: 9327327519
  bound: 322539925046
  weave: 12090683571
  ff: 5421651035
 trigger: 20000 # Reason for this stats dump
 phase: 37202 # Simulated phases
 westmere: # Core stats
  westmere-0: # Core stats
   cycles: 372026272 # Simulated unhalted cycles
   cCycles: 85498 # Cycles due to contention stalls
   instrs: 507838614 # Simulated instructions
   uops: 621931270 # Retired micro-ops
   bbls: 48855703 # Basic blocks
   approxInstrs: 6665768 # Instrs with approx uop decoding
   mispredBranches: 242356 # Mispredicted branches
   condBranches: 30583394 # conditional branches
  westmere-1: # Core stats
   cycles: 371874057 # Simulated unhalted cycles
   cCycles: 85074 # Cycles due to contention stalls
   instrs: 507826013 # Simulated instructions
   uops: 621914800 # Retired micro-ops
   bbls: 48856747 # Basic blocks
   approxInstrs: 6666304 # Instrs with approx uop decoding
   mispredBranches: 242322 # Mispredicted branches
   condBranches: 30582723 # conditional branches
  westmere-2: # Core stats
   cycles: 371873545 # Simulated unhalted cycles
   cCycles: 84621 # Cycles due to contention stalls
   instrs: 507838513 # Simulated instructions
   uops: 621931700 # Retired micro-ops
   bbls: 48854447 # Basic blocks
   approxInstrs: 6666504 # Instrs with approx uop decoding
   mispredBranches: 242499 # Mispredicted branches
   condBranches: 30582523 # conditional branches
  westmere-3: # Core stats
   cycles: 371893130 # Simulated unhalted cycles
   cCycles: 85702 # Cycles due to contention stalls
   instrs: 507819013 # Simulated instructions
   uops: 621906700 # Retired micro-ops
   bbls: 48856447 # Basic blocks
   approxInstrs: 6665804 # Instrs with approx uop decoding
   mispredBranches: 244689 # Mispredicted branches
   condBranches: 30582823 # conditional branches
  westmere-4: # Core stats
   cycles: 371869686 # Simulated unhalted cycles
   cCycles: 83171 # Cycles due to contention stalls
   instrs: 507835200 # Simulated instructions
   uops: 621928102 # Retired micro-ops
   bbls: 48857843 # Basic blocks
   approxInstrs: 6667522 # Instrs with approx uop decoding
   mispredBranches: 242671 # Mispredicted branches
   condBranches: 30583674 # conditional branches
  westmere-5: # Core stats
   cycles: 371922043 # Simulated unhalted cycles
   cCycles: 83314 # Cycles due to contention stalls
   instrs: 507846413 # Simulated instructions
   uops: 621940300 # Retired micro-ops
   bbls: 48859247 # Basic blocks
   approxInstrs: 6669604 # Instrs with approx uop decoding
   mispredBranches: 243301 # Mispredicted branches
   condBranches: 30582723 # conditional branches
  westmere-6: # Core stats
   cycles: 371903657 # Simulated unhalted cycles
   cCycles: 85425 # Cycles due to contention stalls
   instrs: 507858713 # Simulated instructions
   uops: 621955800 # Retired micro-ops
   bbls: 48856747 # Basic blocks
   approxInstrs: 6668804 # Instrs with approx uop decoding
   mispredBranches: 242392 # Mispredicted branches
   condBranches: 30582323 # conditional branches
  westmere-7: # Core stats
   cycles: 371935098 # Simulated unhalted cycles
   cCycles: 80670 # Cycles due to contention stalls
   instrs: 507837413 # Simulated instructions
   uops: 621928900 # Retired micro-ops
   bbls: 48855047 # Basic blocks
   approxInstrs: 6666004 # Instrs with approx uop decoding
   mispredBranches: 244958 # Mispredicted branches
   condBranches: 30582423 # conditional branches
 l1i: # Cache stats
  l1i-0: # Filter cache stats
   fhGETS: 54378940 # Filtered GETS hits
   fhGETX: 0 # Filtered GETX hits
   hGETS: 15624237 # GETS hits
   hGETX: 0 # GETX hits
   mGETS: 196 # GETS misses
   mGETXIM: 0 # GETX I->M misses
   mGETXSM: 0 # GETX S->M misses (upgrade misses)
   PUTS: 0 # Clean evictions (from lower level)
   PUTX: 0 # Dirty evictions (from lower level)
   INV: 0 # Invalidates (from upper level)
   INVX: 0 # Downgrades (from upper level)
   FWD: 0 # Forwards (from upper level)
   latGETnl: 16744 # GET request latency on next level
   latGETnet: 0 # GET request latency on network to next level
  l1i-1: # Filter cache stats
   fhGETS: 54385418 # Filtered GETS hits
   fhGETX: 0 # Filtered GETX hits
   hGETS: 15618608 # GETS hits
   hGETX: 0 # GETX hits
   mGETS: 86 # GETS misses
   mGETXIM: 0 # GETX I->M misses
   mGETXSM: 0 # GETX S->M misses (upgrade misses)
   PUTS: 0 # Clean evictions (from lower level)
   PUTX: 0 # Dirty evictions (from lower level)
   INV: 0 # Invalidates (from upper level)
   INVX: 0 # Downgrades (from upper level)
   FWD: 0 # Forwards (from upper level)
   latGETnl: 5804 # GET request latency on next level
   latGETnet: 0 # GET request latency on network to next level
  l1i-2: # Filter cache stats
   fhGETS: 54370555 # Filtered GETS hits
   fhGETX: 0 # Filtered GETX hits
   hGETS: 15632354 # GETS hits
   hGETX: 0 # GETX hits
   mGETS: 88 # GETS misses
   mGETXIM: 0 # GETX I->M misses
   mGETXSM: 0 # GETX S->M misses (upgrade misses)
   PUTS: 0 # Clean evictions (from lower level)
   PUTX: 0 # Dirty evictions (from lower level)
   INV: 0 # Invalidates (from upper level)
   INVX: 0 # Downgrades (from upper level)
   FWD: 0 # Forwards (from upper level)
   latGETnl: 4972 # GET request latency on next level
   latGETnet: 0 # GET request latency on network to next level
  l1i-3: # Filter cache stats
   fhGETS: 54387774 # Filtered GETS hits
   fhGETX: 0 # Filtered GETX hits
   hGETS: 15627583 # GETS hits
   hGETX: 0 # GETX hits
   mGETS: 86 # GETS misses
   mGETXIM: 0 # GETX I->M misses
   mGETXSM: 0 # GETX S->M misses (upgrade misses)
   PUTS: 0 # Clean evictions (from lower level)
   PUTX: 0 # Dirty evictions (from lower level)
   INV: 0 # Invalidates (from upper level)
   INVX: 0 # Downgrades (from upper level)
   FWD: 0 # Forwards (from upper level)
   latGETnl: 4184 # GET request latency on next level
   latGETnet: 0 # GET request latency on network to next level
  l1i-4: # Filter cache stats
   fhGETS: 54376994 # Filtered GETS hits
   fhGETX: 0 # Filtered GETX hits
   hGETS: 15629287 # GETS hits
   hGETX: 0 # GETX hits
   mGETS: 211 # GETS misses
   mGETXIM: 0 # GETX I->M misses
   mGETXSM: 0 # GETX S->M misses (upgrade misses)
   PUTS: 0 # Clean evictions (from lower level)
   PUTX: 0 # Dirty evictions (from lower level)
   INV: 0 # Invalidates (from upper level)
   INVX: 0 # Downgrades (from upper level)
   FWD: 0 # Forwards (from upper level)
   latGETnl: 18604 # GET request latency on next level
   latGETnet: 0 # GET request latency on network to next level
  l1i-5: # Filter cache stats
   fhGETS: 54385494 # Filtered GETS hits
   fhGETX: 0 # Filtered GETX hits
   hGETS: 15625723 # GETS hits
   hGETX: 0 # GETX hits
   mGETS: 85 # GETS misses
   mGETXIM: 0 # GETX I->M misses
   mGETXSM: 0 # GETX S->M misses (upgrade misses)
   PUTS: 0 # Clean evictions (from lower level)
   PUTX: 0 # Dirty evictions (from lower level)
   INV: 0 # Invalidates (from upper level)
   INVX: 0 # Downgrades (from upper level)
   FWD: 0 # Forwards (from upper level)
   latGETnl: 2890 # GET request latency on next level
   latGETnet: 0 # GET request latency on network to next level
  l1i-6: # Filter cache stats
   fhGETS: 54375496 # Filtered GETS hits
   fhGETX: 0 # Filtered GETX hits
   hGETS: 15629576 # GETS hits
   hGETX: 0 # GETX hits
   mGETS: 88 # GETS misses
   mGETXIM: 0 # GETX I->M misses
   mGETXSM: 0 # GETX S->M misses (upgrade misses)
   PUTS: 0 # Clean evictions (from lower level)
   PUTX: 0 # Dirty evictions (from lower level)
   INV: 0 # Invalidates (from upper level)
   INVX: 0 # Downgrades (from upper level)
   FWD: 0 # Forwards (from upper level)
   latGETnl: 3082 # GET request latency on next level
   latGETnet: 0 # GET request latency on network to next level
  l1i-7: # Filter cache stats
   fhGETS: 54384883 # Filtered GETS hits
   fhGETX: 0 # Filtered GETX hits
   hGETS: 15631229 # GETS hits
   hGETX: 0 # GETX hits
   mGETS: 87 # GETS misses
   mGETXIM: 0 # GETX I->M misses
   mGETXSM: 0 # GETX S->M misses (upgrade misses)
   PUTS: 0 # Clean evictions (from lower level)
   PUTX: 0 # Dirty evictions (from lower level)
   INV: 0 # Invalidates (from upper level)
   INVX: 0 # Downgrades (from upper level)
   FWD: 0 # Forwards (from upper level)
   latGETnl: 2958 # GET request latency on next level
   latGETnet: 0 # GET request latency on network to next level
 l1d: # Cache stats
  l1d-0: # Filter cache stats
   fhGETS: 96463070 # Filtered GETS hits
   fhGETX: 39154324 # Filtered GETX hits
   hGETS: 9704208 # GETS hits
   hGETX: 1995897 # GETX hits
   mGETS: 452907 # GETS misses
   mGETXIM: 51433 # GETX I->M misses
   mGETXSM: 4 # GETX S->M misses (upgrade misses)
   PUTS: 0 # Clean evictions (from lower level)
   PUTX: 0 # Dirty evictions (from lower level)
   INV: 36 # Invalidates (from upper level)
   INVX: 35 # Downgrades (from upper level)
   FWD: 0 # Forwards (from upper level)
   latGETnl: 7383924 # GET request latency on next level
   latGETnet: 0 # GET request latency on network to next level
  l1d-1: # Filter cache stats
   fhGETS: 96454901 # Filtered GETS hits
   fhGETX: 39148932 # Filtered GETX hits
   hGETS: 9700883 # GETS hits
   hGETX: 1999989 # GETX hits
   mGETS: 461977 # GETS misses
   mGETXIM: 51325 # GETX I->M misses
   mGETXSM: 2 # GETX S->M misses (upgrade misses)
   PUTS: 0 # Clean evictions (from lower level)
   PUTX: 0 # Dirty evictions (from lower level)
   INV: 88 # Invalidates (from upper level)
   INVX: 52 # Downgrades (from upper level)
   FWD: 0 # Forwards (from upper level)
   latGETnl: 6587518 # GET request latency on next level
   latGETnet: 0 # GET request latency on network to next level
  l1d-2: # Filter cache stats
   fhGETS: 96442608 # Filtered GETS hits
   fhGETX: 39157032 # Filtered GETX hits
   hGETS: 9727073 # GETS hits
   hGETX: 1992565 # GETX hits
   mGETS: 450080 # GETS misses
   mGETXIM: 51349 # GETX I->M misses
   mGETXSM: 2 # GETX S->M misses (upgrade misses)
   PUTS: 0 # Clean evictions (from lower level)
   PUTX: 0 # Dirty evictions (from lower level)
   INV: 171 # Invalidates (from upper level)
   INVX: 27 # Downgrades (from upper level)
   FWD: 0 # Forwards (from upper level)
   latGETnl: 6502811 # GET request latency on next level
   latGETnet: 0 # GET request latency on network to next level
  l1d-3: # Filter cache stats
   fhGETS: 96457107 # Filtered GETS hits
   fhGETX: 39154132 # Filtered GETX hits
   hGETS: 9703875 # GETS hits
   hGETX: 1994892 # GETX hits
   mGETS: 455379 # GETS misses
   mGETXIM: 51322 # GETX I->M misses
   mGETXSM: 2 # GETX S->M misses (upgrade misses)
   PUTS: 0 # Clean evictions (from lower level)
   PUTX: 0 # Dirty evictions (from lower level)
   INV: 109 # Invalidates (from upper level)
   INVX: 45 # Downgrades (from upper level)
   FWD: 0 # Forwards (from upper level)
   latGETnl: 6474068 # GET request latency on next level
   latGETnet: 0 # GET request latency on network to next level
  l1d-4: # Filter cache stats
   fhGETS: 96444293 # Filtered GETS hits
   fhGETX: 39161126 # Filtered GETX hits
   hGETS: 9720476 # GETS hits
   hGETX: 1989375 # GETX hits
   mGETS: 454367 # GETS misses
   mGETXIM: 51333 # GETX I->M misses
   mGETXSM: 22 # GETX S->M misses (upgrade misses)
   PUTS: 0 # Clean evictions (from lower level)
   PUTX: 0 # Dirty evictions (from lower level)
   INV: 200 # Invalidates (from upper level)
   INVX: 39 # Downgrades (from upper level)
   FWD: 0 # Forwards (from upper level)
   latGETnl: 6459304 # GET request latency on next level
   latGETnet: 0 # GET request latency on network to next level
  l1d-5: # Filter cache stats
   fhGETS: 96486798 # Filtered GETS hits
   fhGETX: 39161932 # Filtered GETX hits
   hGETS: 9657118 # GETS hits
   hGETX: 1987986 # GETX hits
   mGETS: 477145 # GETS misses
   mGETXIM: 51328 # GETX I->M misses
   mGETXSM: 2 # GETX S->M misses (upgrade misses)
   PUTS: 0 # Clean evictions (from lower level)
   PUTX: 0 # Dirty evictions (from lower level)
   INV: 112 # Invalidates (from upper level)
   INVX: 24 # Downgrades (from upper level)
   FWD: 0 # Forwards (from upper level)
   latGETnl: 6723030 # GET request latency on next level
   latGETnet: 0 # GET request latency on network to next level
  l1d-6: # Filter cache stats
   fhGETS: 96472711 # Filtered GETS hits
   fhGETX: 39162132 # Filtered GETX hits
   hGETS: 9696870 # GETS hits
   hGETX: 1988087 # GETX hits
   mGETS: 454280 # GETS misses
   mGETXIM: 51327 # GETX I->M misses
   mGETXSM: 2 # GETX S->M misses (upgrade misses)
   PUTS: 0 # Clean evictions (from lower level)
   PUTX: 0 # Dirty evictions (from lower level)
   INV: 119 # Invalidates (from upper level)
   INVX: 35 # Downgrades (from upper level)
   FWD: 0 # Forwards (from upper level)
   latGETnl: 6526286 # GET request latency on next level
   latGETnet: 0 # GET request latency on network to next level
  l1d-7: # Filter cache stats
   fhGETS: 96464824 # Filtered GETS hits
   fhGETX: 39151032 # Filtered GETX hits
   hGETS: 9686553 # GETS hits
   hGETX: 1997984 # GETX hits
   mGETS: 468784 # GETS misses
   mGETXIM: 51330 # GETX I->M misses
   mGETXSM: 2 # GETX S->M misses (upgrade misses)
   PUTS: 0 # Clean evictions (from lower level)
   PUTX: 0 # Dirty evictions (from lower level)
   INV: 44 # Invalidates (from upper level)
   INVX: 21 # Downgrades (from upper level)
   FWD: 0 # Forwards (from upper level)
   latGETnl: 6672978 # GET request latency on next level
   latGETnet: 0 # GET request latency on network to next level
 l2: # Cache stats
  l2-0: # Cache stats
   hGETS: 381558 # GETS hits
   hGETX: 39402 # GETX hits
   mGETS: 71545 # GETS misses
   mGETXIM: 12031 # GETX I->M misses
   mGETXSM: 4 # GETX S->M misses (upgrade misses)
   PUTS: 452462 # Clean evictions (from lower level)
   PUTX: 51331 # Dirty evictions (from lower level)
   INV: 51 # Invalidates (from upper level)
   INVX: 58 # Downgrades (from upper level)
   FWD: 0 # Forwards (from upper level)
   latGETnl: 2355268 # GET request latency on next level
   latGETnet: 0 # GET request latency on network to next level
  l2-1: # Cache stats
   hGETS: 421838 # GETS hits
   hGETX: 44550 # GETX hits
   mGETS: 40225 # GETS misses
   mGETXIM: 6775 # GETX I->M misses
   mGETXSM: 2 # GETX S->M misses (upgrade misses)
   PUTS: 461528 # Clean evictions (from lower level)
   PUTX: 51176 # Dirty evictions (from lower level)
   INV: 88 # Invalidates (from upper level)
   INVX: 52 # Downgrades (from upper level)
   FWD: 0 # Forwards (from upper level)
   latGETnl: 1459422 # GET request latency on next level
   latGETnet: 0 # GET request latency on network to next level
  l2-2: # Cache stats
   hGETS: 408671 # GETS hits
   hGETX: 44352 # GETX hits
   mGETS: 41497 # GETS misses
   mGETXIM: 6997 # GETX I->M misses
   mGETXSM: 2 # GETX S->M misses (upgrade misses)
   PUTS: 449631 # Clean evictions (from lower level)
   PUTX: 51118 # Dirty evictions (from lower level)
   INV: 171 # Invalidates (from upper level)
   INVX: 27 # Downgrades (from upper level)
   FWD: 0 # Forwards (from upper level)
   latGETnl: 1492593 # GET request latency on next level
   latGETnet: 0 # GET request latency on network to next level
  l2-3: # Cache stats
   hGETS: 416924 # GETS hits
   hGETX: 44847 # GETX hits
   mGETS: 38541 # GETS misses
   mGETXIM: 6475 # GETX I->M misses
   mGETXSM: 2 # GETX S->M misses (upgrade misses)
   PUTS: 454931 # Clean evictions (from lower level)
   PUTX: 51151 # Dirty evictions (from lower level)
   INV: 110 # Invalidates (from upper level)
   INVX: 46 # Downgrades (from upper level)
   FWD: 0 # Forwards (from upper level)
   latGETnl: 1410362 # GET request latency on next level
   latGETnet: 0 # GET request latency on network to next level
  l2-4: # Cache stats
   hGETS: 416191 # GETS hits
   hGETX: 44848 # GETX hits
   mGETS: 38387 # GETS misses
   mGETXIM: 6485 # GETX I->M misses
   mGETXSM: 22 # GETX S->M misses (upgrade misses)
   PUTS: 453922 # Clean evictions (from lower level)
   PUTX: 51067 # Dirty evictions (from lower level)
   INV: 200 # Invalidates (from upper level)
   INVX: 39 # Downgrades (from upper level)
   FWD: 0 # Forwards (from upper level)
   latGETnl: 1418578 # GET request latency on next level
   latGETnet: 0 # GET request latency on network to next level
  l2-5: # Cache stats
   hGETS: 437508 # GETS hits
   hGETX: 44650 # GETX hits
   mGETS: 39722 # GETS misses
   mGETXIM: 6678 # GETX I->M misses
   mGETXSM: 2 # GETX S->M misses (upgrade misses)
   PUTS: 476697 # Clean evictions (from lower level)
   PUTX: 51155 # Dirty evictions (from lower level)
   INV: 112 # Invalidates (from upper level)
   INVX: 24 # Downgrades (from upper level)
   FWD: 0 # Forwards (from upper level)
   latGETnl: 1440320 # GET request latency on next level
   latGETnet: 0 # GET request latency on network to next level
  l2-6: # Cache stats
   hGETS: 413565 # GETS hits
   hGETX: 44451 # GETX hits
   mGETS: 40803 # GETS misses
   mGETXIM: 6876 # GETX I->M misses
   mGETXSM: 2 # GETX S->M misses (upgrade misses)
   PUTS: 453832 # Clean evictions (from lower level)
   PUTX: 51146 # Dirty evictions (from lower level)
   INV: 120 # Invalidates (from upper level)
   INVX: 39 # Downgrades (from upper level)
   FWD: 0 # Forwards (from upper level)
   latGETnl: 1472398 # GET request latency on next level
   latGETnet: 0 # GET request latency on network to next level
  l2-7: # Cache stats
   hGETS: 427970 # GETS hits
   hGETX: 44451 # GETX hits
   mGETS: 40901 # GETS misses
   mGETXIM: 6879 # GETX I->M misses
   mGETXSM: 2 # GETX S->M misses (upgrade misses)
   PUTS: 468336 # Clean evictions (from lower level)
   PUTX: 51225 # Dirty evictions (from lower level)
   INV: 44 # Invalidates (from upper level)
   INVX: 21 # Downgrades (from upper level)
   FWD: 0 # Forwards (from upper level)
   latGETnl: 1473906 # GET request latency on next level
   latGETnet: 0 # GET request latency on network to next level
 l3: # Cache stats
  l3-0b0: # Cache stats
   hGETS: 38287 # GETS hits
   hGETX: 6348 # GETX hits
   mGETS: 3146 # GETS misses
   mGETXIM: 535 # GETX I->M misses
   mGETXSM: 0 # GETX S->M misses (upgrade misses)
   PUTS: 38115 # Clean evictions (from lower level)
   PUTX: 6358 # Dirty evictions (from lower level)
   INV: 0 # Invalidates (from upper level)
   INVX: 0 # Downgrades (from upper level)
   FWD: 0 # Forwards (from upper level)
   latGETnl: 331290 # GET request latency on next level
   latGETnet: 0 # GET request latency on network to next level
  l3-0b1: # Cache stats
   hGETS: 38517 # GETS hits
   hGETX: 6344 # GETX hits
   mGETS: 3149 # GETS misses
   mGETXIM: 532 # GETX I->M misses
   mGETXSM: 0 # GETX S->M misses (upgrade misses)
   PUTS: 38312 # Clean evictions (from lower level)
   PUTX: 6358 # Dirty evictions (from lower level)
   INV: 0 # Invalidates (from upper level)
   INVX: 0 # Downgrades (from upper level)
   FWD: 0 # Forwards (from upper level)
   latGETnl: 331290 # GET request latency on next level
   latGETnet: 0 # GET request latency on network to next level
  l3-0b2: # Cache stats
   hGETS: 34063 # GETS hits
   hGETX: 6980 # GETX hits
   mGETS: 3139 # GETS misses
   mGETXIM: 532 # GETX I->M misses
   mGETXSM: 0 # GETX S->M misses (upgrade misses)
   PUTS: 33855 # Clean evictions (from lower level)
   PUTX: 6158 # Dirty evictions (from lower level)
   INV: 0 # Invalidates (from upper level)
   INVX: 0 # Downgrades (from upper level)
   FWD: 0 # Forwards (from upper level)
   latGETnl: 330390 # GET request latency on next level
   latGETnet: 0 # GET request latency on network to next level
  l3-0b3: # Cache stats
   hGETS: 35591 # GETS hits
   hGETX: 5556 # GETX hits
   mGETS: 3146 # GETS misses
   mGETXIM: 535 # GETX I->M misses
   mGETXSM: 0 # GETX S->M misses (upgrade misses)
   PUTS: 35405 # Clean evictions (from lower level)
   PUTX: 5558 # Dirty evictions (from lower level)
   INV: 0 # Invalidates (from upper level)
   INVX: 0 # Downgrades (from upper level)
   FWD: 0 # Forwards (from upper level)
   latGETnl: 331290 # GET request latency on next level
   latGETnet: 0 # GET request latency on network to next level
  l3-0b4: # Cache stats
   hGETS: 34263 # GETS hits
   hGETX: 7141 # GETX hits
   mGETS: 3152 # GETS misses
   mGETXIM: 537 # GETX I->M misses
   mGETXSM: 0 # GETX S->M misses (upgrade misses)
   PUTS: 34075 # Clean evictions (from lower level)
   PUTX: 7150 # Dirty evictions (from lower level)
   INV: 0 # Invalidates (from upper level)
   INVX: 0 # Downgrades (from upper level)
   FWD: 0 # Forwards (from upper level)
   latGETnl: 332010 # GET request latency on next level
   latGETnet: 0 # GET request latency on network to next level
  l3-0b5: # Cache stats
   hGETS: 41282 # GETS hits
   hGETX: 5353 # GETX hits
   mGETS: 3143 # GETS misses
   mGETXIM: 531 # GETX I->M misses
   mGETXSM: 0 # GETX S->M misses (upgrade misses)
   PUTS: 41082 # Clean evictions (from lower level)
   PUTX: 5364 # Dirty evictions (from lower level)
   INV: 0 # Invalidates (from upper level)
   INVX: 0 # Downgrades (from upper level)
   FWD: 0 # Forwards (from upper level)
   latGETnl: 330660 # GET request latency on next level
   latGETnet: 0 # GET request latency on network to next level
  l3-0b6: # Cache stats
   hGETS: 51387 # GETS hits
   hGETX: 8817 # GETX hits
   mGETS: 3147 # GETS misses
   mGETXIM: 531 # GETX I->M misses
   mGETXSM: 0 # GETX S->M misses (upgrade misses)
   PUTS: 51201 # Clean evictions (from lower level)
   PUTX: 8826 # Dirty evictions (from lower level)
   INV: 0 # Invalidates (from upper level)
   INVX: 0 # Downgrades (from upper level)
   FWD: 0 # Forwards (from upper level)
   latGETnl: 331020 # GET request latency on next level
   latGETnet: 0 # GET request latency on network to next level
  l3-0b7: # Cache stats
   hGETS: 53063 # GETS hits
   hGETX: 8428 # GETX hits
   mGETS: 3146 # GETS misses
   mGETXIM: 534 # GETX I->M misses
   mGETXSM: 0 # GETX S->M misses (upgrade misses)
   PUTS: 52884 # Clean evictions (from lower level)
   PUTX: 8435 # Dirty evictions (from lower level)
   INV: 0 # Invalidates (from upper level)
   INVX: 0 # Downgrades (from upper level)
   FWD: 0 # Forwards (from upper level)
   latGETnl: 331200 # GET request latency on next level
   latGETnet: 0 # GET request latency on network to next level
 mem: # Memory controller stats
  mem-0: # Memory controller stats
   rd: 7355 # Read requests
   wr: 0 # Write requests
   rdlat: 1208813 # Total latency experienced by read requests
   wrlat: 0 # Total latency experienced by write requests
   rdhits: 4100 # Read row hits
   wrhits: 0 # Write row hits
   mlh: # latency histogram for memory requests
    0: 0
    1: 0
    2: 0
    3: 0
    4: 0
    5: 0
    6: 0
    7: 0
    8: 0
    9: 0
    10: 0
    11: 0
    12: 0
    13: 2088
    14: 1029
    15: 905
    16: 124
    17: 1011
    18: 1007
    19: 852
    20: 173
    21: 19
    22: 6
    23: 6
    24: 9
    25: 4
    26: 5
    27: 3
    28: 7
    29: 4
    30: 5
    31: 6
    32: 4
    33: 4
    34: 2
    35: 6
    36: 5
    37: 5
    38: 5
    39: 4
    40: 4
    41: 4
    42: 6
    43: 4
    44: 3
    45: 2
    46: 4
    47: 1
    48: 5
    49: 4
    50: 2
    51: 4
    52: 2
    53: 2
    54: 0
    55: 0
    56: 0
    57: 0
    58: 0
    59: 1
    60: 1
    61: 0
    62: 1
    63: 1
    64: 1
    65: 0
    66: 0
    67: 0
    68: 0
    69: 0
    70: 0
    71: 0
    72: 1
    73: 0
    74: 1
    75: 1
    76: 1
    77: 0
    78: 1
    79: 0
    80: 0
    81: 0
    82: 0
    83: 0
    84: 0
    85: 0
    86: 0
    87: 0
    88: 0
    89: 0
    90: 0
    91: 0
    92: 0
    93: 0
    94: 0
    95: 0
    96: 0
    97: 0
    98: 0
    99: 0
  mem-1: # Memory controller stats
   rd: 7331 # Read requests
   wr: 0 # Write requests
   rdlat: 1209331 # Total latency experienced by read requests
   wrlat: 0 # Total latency experienced by write requests
   rdhits: 4104 # Read row hits
   wrhits: 0 # Write row hits
   mlh: # latency histogram for memory requests
    0: 0
    1: 0
    2: 0
    3: 0
    4: 0
    5: 0
    6: 0
    7: 0
    8: 0
    9: 0
    10: 0
    11: 1
    12: 4
    13: 2069
    14: 1001
    15: 904
    16: 126
    17: 992
    18: 997
    19: 836
    20: 179
    21: 18
    22: 8
    23: 10
    24: 15
    25: 8
    26: 8
    27: 10
    28: 11
    29: 9
    30: 8
    31: 10
    32: 7
    33: 6
    34: 6
    35: 10
    36: 6
    37: 8
    38: 6
    39: 8
    40: 6
    41: 6
    42: 4
    43: 4
    44: 5
    45: 5
    46: 2
    47: 1
    48: 5
    49: 4
    50: 3
    51: 3
    52: 1
    53: 1
    54: 0
    55: 0
    56: 0
    57: 0
    58: 0
    59: 0
    60: 0
    61: 0
    62: 0
    63: 0
    64: 0
    65: 0
    66: 0
    67: 0
    68: 0
    69: 0
    70: 0
    71: 0
    72: 0
    73: 0
    74: 0
    75: 0
    76: 0
    77: 0
    78: 0
    79: 0
    80: 0
    81: 0
    82: 0
    83: 0
    84: 0
    85: 0
    86: 0
    87: 0
    88: 0
    89: 0
    90: 0
    91: 0
    92: 0
    93: 0
    94: 0
    95: 0
    96: 0
    97: 0
    98: 0
    99: 0
  mem-2: # Memory controller stats
   rd: 7329 # Read requests
   wr: 0 # Write requests
   rdlat: 1197362 # Total latency experienced by read requests
   wrlat: 0 # Total latency experienced by write requests
   rdhits: 4101 # Read row hits
   wrhits: 0 # Write row hits
   mlh: # latency histogram for memory requests
    0: 0
    1: 0
    2: 0
    3: 0
    4: 0
    5: 0
    6: 0
    7: 0
    8: 0
    9: 0
    10: 0
    11: 1
    12: 0
    13: 2081
    14: 1011
    15: 902
    16: 139
    17: 1012
    18: 999
    19: 837
    20: 191
    21: 20
    22: 8
    23: 7
    24: 4
    25: 8
    26: 10
    27: 8
    28: 8
    29: 3
    30: 4
    31: 6
    32: 5
    33: 3
    34: 5
    35: 2
    36: 3
    37: 2
    38: 5
    39: 4
    40: 5
    41: 5
    42: 7
    43: 5
    44: 3
    45: 4
    46: 4
    47: 2
    48: 2
    49: 1
    50: 3
    51: 0
    52: 0
    53: 0
    54: 0
    55: 0
    56: 0
    57: 0
    58: 0
    59: 0
    60: 0
    61: 0
    62: 0
    63: 0
    64: 0
    65: 0
    66: 0
    67: 0
    68: 0
    69: 0
    70: 0
    71: 0
    72: 0
    73: 0
    74: 0
    75: 0
    76: 0
    77: 0
    78: 0
    79: 0
    80: 0
    81: 0
    82: 0
    83: 0
    84: 0
    85: 0
    86: 0
    87: 0
    88: 0
    89: 0
    90: 0
    91: 0
    92: 0
    93: 0
    94: 0
    95: 0
    96: 0
    97: 0
    98: 0
    99: 0
  mem-3: # Memory controller stats
   rd: 7333 # Read requests
   wr: 0 # Write requests
   rdlat: 1194045 # Total latency experienced by read requests
   wrlat: 0 # Total latency experienced by write requests
   rdhits: 4099 # Read row hits
   wrhits: 0 # Write row hits
   mlh: # latency histogram for memory requests
    0: 0
    1: 0
    2: 0
    3: 0
    4: 0
    5: 0
    6: 0
    7: 0
    8: 0
    9: 0
    10: 0
    11: 1
    12: 2
    13: 2102
    14: 1004
    15: 915
    16: 121
    17: 1006
    18: 1004
    19: 850
    20: 174
    21: 20
    22: 12
    23: 9
    24: 10
    25: 13
    26: 8
    27: 11
    28: 7
    29: 5
    30: 3
    31: 6
    32: 5
    33: 3
    34: 2
    35: 4
    36: 2
    37: 3
    38: 3
    39: 5
    40: 1
    41: 2
    42: 3
    43: 1
    44: 0
    45: 0
    46: 0
    47: 0
    48: 3
    49: 4
    50: 2
    51: 2
    52: 2
    53: 2
    54: 1
    55: 0
    56: 0
    57: 0
    58: 0
    59: 0
    60: 0
    61: 0
    62: 0
    63: 0
    64: 0
    65: 0
    66: 0
    67: 0
    68: 0
    69: 0
    70: 0
    71: 0
    72: 0
    73: 0
    74: 0
    75: 0
    76: 0
    77: 0
    78: 0
    79: 0
    80: 0
    81: 0
    82: 0
    83: 0
    84: 0
    85: 0
    86: 0
    87: 0
    88: 0
    89: 0
    90: 0
    91: 0
    92: 0
    93: 0
    94: 0
    95: 0
    96: 0
    97: 0
    98: 0
    99: 0
 sched: # Scheduler stats
  thCr: 9 # Threads created
  thFn: 9 # Threads finished
  schedEvs: 10 # Schedule events
  waitEvs: 1 # Wait events
  handoffEvs: 0 # Handoff events
  sleepEvs: 0 # Sleep events
  idlePhases: 0 # Phases with no thread active
  idlePeriods: 0 # Periods with no thread active
  occHist: # Occupancy histogram
   0: 0
   1: 1
   2: 7
   3: 1
   4: 1
   5: 4
   6: 1
   7: 1
   8: 37186
  rqSzHist: # Run queue size histogram
   0: 37202
   1: 0
   2: 0
   3: 0
   4: 0
   5: 0
   6: 0
   7: 0
   8: 0
   9: 0
   10: 0
   11: 0
   12: 0
   13: 0
   14: 0
   15: 0
   16: 0
 procCycles: # Per-process unhalted core cycles
  0: 2975297282
  1: 0
  2: 0
  3: 0
  4: 0
  5: 0
  6: 0
  7: 0
  8: 0
  9: 0
  10: 0
  11: 0
  12: 0
  13: 0
  14: 0
  15: 0
  16: 0
  17: 0
  18: 0
  19: 0
  20: 0
  21: 0
  22: 0
  23: 0
  24: 0
  25: 0
  26: 0
  27: 0
  28: 0
  29: 0
  30: 0
  31: 0
  32: 0
  33: 0
  34: 0
  35: 0
  36: 0
  37: 0
  38: 0
  39: 0
  40: 0
  41: 0
  42: 0
  43: 0
  44: 0
  45: 0
  46: 0
  47: 0
  48: 0
  49: 0
  50: 0
  51: 0
  52: 0
  53: 0
  54: 0
  55: 0
  56: 0
  57: 0
  58: 0
  59: 0
  60: 0
  61: 0
  62: 0
  63: 0
 procInstrs: # Per-process instructions
  0: 4062699892
  1: 0
  2: 0
  3: 0
  4: 0
  5: 0
  6: 0
  7: 0
  8: 0
  9: 0
  10: 0
  11: 0
  12: 0
  13: 0
  14: 0
  15: 0
  16: 0
  17: 0
  18: 0
  19: 0
  20: 0
  21: 0
  22: 0
  23: 0
  24: 0
  25: 0
  26: 0
  27: 0
  28: 0
  29: 0
  30: 0
  31: 0
  32: 0
  33: 0
  34: 0
  35: 0
  36: 0
  37: 0
  38: 0
  39: 0
  40: 0
  41: 0
  42: 0
  43: 0
  44: 0
  45: 0
  46: 0
  47: 0
  48: 0
  49: 0
  50: 0
  51: 0
  52: 0
  53: 0
  54: 0
  55: 0
  56: 0
  57: 0
  58: 0
  59: 0
  60: 0
  61: 0
  62: 0
  63: 0
 heartbeats: # Per-process heartbeats
  0: 0
  1: 0
  2: 0
  3: 0
  4: 0
  5: 0
  6: 0
  7: 0
  8: 0
  9: 0
  10: 0
  11: 0
  12: 0
  13: 0
  14: 0
  15: 0
  16: 0
  17: 0
  18: 0
  19: 0
  20: 0
  21: 0
  22: 0
  23: 0
  24: 0
  25: 0
  26: 0
  27: 0
  28: 0
  29: 0
  30: 0
  31: 0
  32: 0
  33: 0
  34: 0
  35: 0
  36: 0
  37: 0
  38: 0
  39: 0
  40: 0
  41: 0
  42: 0
  43: 0
  44: 0
  45: 0
  46: 0
  47: 0
  48: 0
  49: 0
  50: 0
  51: 0
  52: 0
  53: 0
  54: 0
  55: 0
  56: 0
  57: 0
  58: 0
  59: 0
  60: 0
  61: 0
  62: 0
  63: 0
===
