# zsim stats
===
root: # Stats
 contention: # Contention simulation stats
  domain-0: # Domain stats
   time: 617898697 # Weave simulation time
 time: # Simulator time breakdown
  init: 9923549816
  bound: 422580804905
  weave: 21349728242
  ff: 0
 trigger: 20000 # Reason for this stats dump
 phase: 45476 # Simulated phases
 westmere: # Core stats
  westmere-0: # Core stats
   cycles: 366997446 # Simulated unhalted cycles
   cCycles: 527955 # Cycles due to contention stalls
   instrs: 617327210 # Simulated instructions
   uops: 696155199 # Retired micro-ops
   bbls: 63854976 # Basic blocks
   approxInstrs: 3124826 # Instrs with approx uop decoding
   mispredBranches: 811256 # Mispredicted branches
   condBranches: 53453243 # conditional branches
  westmere-1: # Core stats
   cycles: 357831330 # Simulated unhalted cycles
   cCycles: 307758 # Cycles due to contention stalls
   instrs: 605314045 # Simulated instructions
   uops: 681877937 # Retired micro-ops
   bbls: 62304857 # Basic blocks
   approxInstrs: 2996192 # Instrs with approx uop decoding
   mispredBranches: 770707 # Mispredicted branches
   condBranches: 52431779 # conditional branches
  westmere-2: # Core stats
   cycles: 366980365 # Simulated unhalted cycles
   cCycles: 311610 # Cycles due to contention stalls
   instrs: 618079606 # Simulated instructions
   uops: 697197496 # Retired micro-ops
   bbls: 63934349 # Basic blocks
   approxInstrs: 3118730 # Instrs with approx uop decoding
   mispredBranches: 800435 # Mispredicted branches
   condBranches: 53446747 # conditional branches
  westmere-3: # Core stats
   cycles: 402243612 # Simulated unhalted cycles
   cCycles: 1133599 # Cycles due to contention stalls
   instrs: 690227203 # Simulated instructions
   uops: 773809730 # Retired micro-ops
   bbls: 68549401 # Basic blocks
   approxInstrs: 3190777 # Instrs with approx uop decoding
   mispredBranches: 813051 # Mispredicted branches
   condBranches: 57415449 # conditional branches
  westmere-4: # Core stats
   cycles: 375715784 # Simulated unhalted cycles
   cCycles: 344705 # Cycles due to contention stalls
   instrs: 629976750 # Simulated instructions
   uops: 711361935 # Retired micro-ops
   bbls: 65374060 # Basic blocks
   approxInstrs: 3246623 # Instrs with approx uop decoding
   mispredBranches: 836123 # Mispredicted branches
   condBranches: 54321820 # conditional branches
  westmere-5: # Core stats
   cycles: 366636925 # Simulated unhalted cycles
   cCycles: 400910 # Cycles due to contention stalls
   instrs: 617416477 # Simulated instructions
   uops: 696326703 # Retired micro-ops
   bbls: 63836468 # Basic blocks
   approxInstrs: 3116000 # Instrs with approx uop decoding
   mispredBranches: 798279 # Mispredicted branches
   condBranches: 53407507 # conditional branches
  westmere-6: # Core stats
   cycles: 358125122 # Simulated unhalted cycles
   cCycles: 309105 # Cycles due to contention stalls
   instrs: 605589644 # Simulated instructions
   uops: 682307037 # Retired micro-ops
   bbls: 62390583 # Basic blocks
   approxInstrs: 2999881 # Instrs with approx uop decoding
   mispredBranches: 780563 # Mispredicted branches
   condBranches: 52479986 # conditional branches
  westmere-7: # Core stats
   cycles: 365831898 # Simulated unhalted cycles
   cCycles: 417992 # Cycles due to contention stalls
   instrs: 616141807 # Simulated instructions
   uops: 694917696 # Retired micro-ops
   bbls: 63664008 # Basic blocks
   approxInstrs: 3093709 # Instrs with approx uop decoding
   mispredBranches: 799192 # Mispredicted branches
   condBranches: 53285523 # conditional branches
 l1i: # Cache stats
  l1i-0: # Filter cache stats
   fhGETS: 84230438 # Filtered GETS hits
   fhGETX: 0 # Filtered GETX hits
   hGETS: 2370103 # GETS hits
   hGETX: 0 # GETX hits
   mGETS: 763251 # GETS misses
   mGETXIM: 0 # GETX I->M misses
   mGETXSM: 0 # GETX S->M misses (upgrade misses)
   PUTS: 0 # Clean evictions (from lower level)
   PUTX: 0 # Dirty evictions (from lower level)
   INV: 3 # Invalidates (from upper level)
   INVX: 0 # Downgrades (from upper level)
   FWD: 0 # Forwards (from upper level)
   latGETnl: 8000874 # GET request latency on next level
   latGETnet: 0 # GET request latency on network to next level
  l1i-1: # Filter cache stats
   fhGETS: 82158880 # Filtered GETS hits
   fhGETX: 0 # Filtered GETX hits
   hGETS: 2339866 # GETS hits
   hGETX: 0 # GETX hits
   mGETS: 759298 # GETS misses
   mGETXIM: 0 # GETX I->M misses
   mGETXSM: 0 # GETX S->M misses (upgrade misses)
   PUTS: 0 # Clean evictions (from lower level)
   PUTX: 0 # Dirty evictions (from lower level)
   INV: 1 # Invalidates (from upper level)
   INVX: 0 # Downgrades (from upper level)
   FWD: 0 # Forwards (from upper level)
   latGETnl: 7894258 # GET request latency on next level
   latGETnet: 0 # GET request latency on network to next level
  l1i-2: # Filter cache stats
   fhGETS: 84297279 # Filtered GETS hits
   fhGETX: 0 # Filtered GETX hits
   hGETS: 2358842 # GETS hits
   hGETX: 0 # GETX hits
   mGETS: 763083 # GETS misses
   mGETXIM: 0 # GETX I->M misses
   mGETXSM: 0 # GETX S->M misses (upgrade misses)
   PUTS: 0 # Clean evictions (from lower level)
   PUTX: 0 # Dirty evictions (from lower level)
   INV: 0 # Invalidates (from upper level)
   INVX: 0 # Downgrades (from upper level)
   FWD: 0 # Forwards (from upper level)
   latGETnl: 7925448 # GET request latency on next level
   latGETnet: 0 # GET request latency on network to next level
  l1i-3: # Filter cache stats
   fhGETS: 91909658 # Filtered GETS hits
   fhGETX: 0 # Filtered GETX hits
   hGETS: 2379771 # GETS hits
   hGETX: 0 # GETX hits
   mGETS: 765873 # GETS misses
   mGETXIM: 0 # GETX I->M misses
   mGETXSM: 0 # GETX S->M misses (upgrade misses)
   PUTS: 0 # Clean evictions (from lower level)
   PUTX: 0 # Dirty evictions (from lower level)
   INV: 4 # Invalidates (from upper level)
   INVX: 0 # Downgrades (from upper level)
   FWD: 0 # Forwards (from upper level)
   latGETnl: 8121780 # GET request latency on next level
   latGETnet: 0 # GET request latency on network to next level
  l1i-4: # Filter cache stats
   fhGETS: 86275911 # Filtered GETS hits
   fhGETX: 0 # Filtered GETX hits
   hGETS: 2392836 # GETS hits
   hGETX: 0 # GETX hits
   mGETS: 765261 # GETS misses
   mGETXIM: 0 # GETX I->M misses
   mGETXSM: 0 # GETX S->M misses (upgrade misses)
   PUTS: 0 # Clean evictions (from lower level)
   PUTX: 0 # Dirty evictions (from lower level)
   INV: 0 # Invalidates (from upper level)
   INVX: 0 # Downgrades (from upper level)
   FWD: 0 # Forwards (from upper level)
   latGETnl: 7974420 # GET request latency on next level
   latGETnet: 0 # GET request latency on network to next level
  l1i-5: # Filter cache stats
   fhGETS: 84176638 # Filtered GETS hits
   fhGETX: 0 # Filtered GETX hits
   hGETS: 2361158 # GETS hits
   hGETX: 0 # GETX hits
   mGETS: 762294 # GETS misses
   mGETXIM: 0 # GETX I->M misses
   mGETXSM: 0 # GETX S->M misses (upgrade misses)
   PUTS: 0 # Clean evictions (from lower level)
   PUTX: 0 # Dirty evictions (from lower level)
   INV: 0 # Invalidates (from upper level)
   INVX: 0 # Downgrades (from upper level)
   FWD: 0 # Forwards (from upper level)
   latGETnl: 7921530 # GET request latency on next level
   latGETnet: 0 # GET request latency on network to next level
  l1i-6: # Filter cache stats
   fhGETS: 82270064 # Filtered GETS hits
   fhGETX: 0 # Filtered GETX hits
   hGETS: 2343069 # GETS hits
   hGETX: 0 # GETX hits
   mGETS: 763710 # GETS misses
   mGETXIM: 0 # GETX I->M misses
   mGETXSM: 0 # GETX S->M misses (upgrade misses)
   PUTS: 0 # Clean evictions (from lower level)
   PUTX: 0 # Dirty evictions (from lower level)
   INV: 0 # Invalidates (from upper level)
   INVX: 0 # Downgrades (from upper level)
   FWD: 0 # Forwards (from upper level)
   latGETnl: 7906104 # GET request latency on next level
   latGETnet: 0 # GET request latency on network to next level
  l1i-7: # Filter cache stats
   fhGETS: 83941964 # Filtered GETS hits
   fhGETX: 0 # Filtered GETX hits
   hGETS: 2361261 # GETS hits
   hGETX: 0 # GETX hits
   mGETS: 766336 # GETS misses
   mGETXIM: 0 # GETX I->M misses
   mGETXSM: 0 # GETX S->M misses (upgrade misses)
   PUTS: 0 # Clean evictions (from lower level)
   PUTX: 0 # Dirty evictions (from lower level)
   INV: 0 # Invalidates (from upper level)
   INVX: 0 # Downgrades (from upper level)
   FWD: 0 # Forwards (from upper level)
   latGETnl: 7969096 # GET request latency on next level
   latGETnet: 0 # GET request latency on network to next level
 l1d: # Cache stats
  l1d-0: # Filter cache stats
   fhGETS: 105287740 # Filtered GETS hits
   fhGETX: 31751898 # Filtered GETX hits
   hGETS: 6229897 # GETS hits
   hGETX: 1985788 # GETX hits
   mGETS: 5901531 # GETS misses
   mGETXIM: 263612 # GETX I->M misses
   mGETXSM: 5601 # GETX S->M misses (upgrade misses)
   PUTS: 0 # Clean evictions (from lower level)
   PUTX: 0 # Dirty evictions (from lower level)
   INV: 18821 # Invalidates (from upper level)
   INVX: 12595 # Downgrades (from upper level)
   FWD: 0 # Forwards (from upper level)
   latGETnl: 73302638 # GET request latency on next level
   latGETnet: 0 # GET request latency on network to next level
  l1d-1: # Filter cache stats
   fhGETS: 103325745 # Filtered GETS hits
   fhGETX: 30991303 # Filtered GETX hits
   hGETS: 5604360 # GETS hits
   hGETX: 1590517 # GETX hits
   mGETS: 5879997 # GETS misses
   mGETXIM: 246241 # GETX I->M misses
   mGETXSM: 6374 # GETX S->M misses (upgrade misses)
   PUTS: 0 # Clean evictions (from lower level)
   PUTX: 0 # Dirty evictions (from lower level)
   INV: 16679 # Invalidates (from upper level)
   INVX: 14889 # Downgrades (from upper level)
   FWD: 0 # Forwards (from upper level)
   latGETnl: 70984259 # GET request latency on next level
   latGETnet: 0 # GET request latency on network to next level
  l1d-2: # Filter cache stats
   fhGETS: 105519073 # Filtered GETS hits
   fhGETX: 31902971 # Filtered GETX hits
   hGETS: 6206153 # GETS hits
   hGETX: 1937438 # GETX hits
   mGETS: 5885748 # GETS misses
   mGETXIM: 253864 # GETX I->M misses
   mGETXSM: 7358 # GETX S->M misses (upgrade misses)
   PUTS: 0 # Clean evictions (from lower level)
   PUTX: 0 # Dirty evictions (from lower level)
   INV: 15087 # Invalidates (from upper level)
   INVX: 14722 # Downgrades (from upper level)
   FWD: 0 # Forwards (from upper level)
   latGETnl: 71587376 # GET request latency on next level
   latGETnet: 0 # GET request latency on network to next level
  l1d-3: # Filter cache stats
   fhGETS: 117642542 # Filtered GETS hits
   fhGETX: 35072380 # Filtered GETX hits
   hGETS: 8983265 # GETS hits
   hGETX: 4268786 # GETX hits
   mGETS: 6090441 # GETS misses
   mGETXIM: 415530 # GETX I->M misses
   mGETXSM: 6897 # GETX S->M misses (upgrade misses)
   PUTS: 0 # Clean evictions (from lower level)
   PUTX: 0 # Dirty evictions (from lower level)
   INV: 15237 # Invalidates (from upper level)
   INVX: 13169 # Downgrades (from upper level)
   FWD: 0 # Forwards (from upper level)
   latGETnl: 89680596 # GET request latency on next level
   latGETnet: 0 # GET request latency on network to next level
  l1d-4: # Filter cache stats
   fhGETS: 107585642 # Filtered GETS hits
   fhGETX: 32761141 # Filtered GETX hits
   hGETS: 6739270 # GETS hits
   hGETX: 2246219 # GETX hits
   mGETS: 5903943 # GETS misses
   mGETXIM: 264898 # GETX I->M misses
   mGETXSM: 6033 # GETX S->M misses (upgrade misses)
   PUTS: 0 # Clean evictions (from lower level)
   PUTX: 0 # Dirty evictions (from lower level)
   INV: 18074 # Invalidates (from upper level)
   INVX: 12643 # Downgrades (from upper level)
   FWD: 0 # Forwards (from upper level)
   latGETnl: 72436888 # GET request latency on next level
   latGETnet: 0 # GET request latency on network to next level
  l1d-5: # Filter cache stats
   fhGETS: 105462122 # Filtered GETS hits
   fhGETX: 31829002 # Filtered GETX hits
   hGETS: 6114931 # GETS hits
   hGETX: 1932717 # GETX hits
   mGETS: 5895321 # GETS misses
   mGETXIM: 257687 # GETX I->M misses
   mGETXSM: 4794 # GETX S->M misses (upgrade misses)
   PUTS: 0 # Clean evictions (from lower level)
   PUTX: 0 # Dirty evictions (from lower level)
   INV: 15997 # Invalidates (from upper level)
   INVX: 12112 # Downgrades (from upper level)
   FWD: 0 # Forwards (from upper level)
   latGETnl: 72219211 # GET request latency on next level
   latGETnet: 0 # GET request latency on network to next level
  l1d-6: # Filter cache stats
   fhGETS: 103278439 # Filtered GETS hits
   fhGETX: 30887760 # Filtered GETX hits
   hGETS: 5702042 # GETS hits
   hGETX: 1741344 # GETX hits
   mGETS: 5870728 # GETS misses
   mGETXIM: 243431 # GETX I->M misses
   mGETXSM: 5371 # GETX S->M misses (upgrade misses)
   PUTS: 0 # Clean evictions (from lower level)
   PUTX: 0 # Dirty evictions (from lower level)
   INV: 13659 # Invalidates (from upper level)
   INVX: 12310 # Downgrades (from upper level)
   FWD: 0 # Forwards (from upper level)
   latGETnl: 70313761 # GET request latency on next level
   latGETnet: 0 # GET request latency on network to next level
  l1d-7: # Filter cache stats
   fhGETS: 105039036 # Filtered GETS hits
   fhGETX: 31729652 # Filtered GETX hits
   hGETS: 6304442 # GETS hits
   hGETX: 2011451 # GETX hits
   mGETS: 5888459 # GETS misses
   mGETXIM: 273107 # GETX I->M misses
   mGETXSM: 6212 # GETX S->M misses (upgrade misses)
   PUTS: 0 # Clean evictions (from lower level)
   PUTX: 0 # Dirty evictions (from lower level)
   INV: 14620 # Invalidates (from upper level)
   INVX: 13047 # Downgrades (from upper level)
   FWD: 0 # Forwards (from upper level)
   latGETnl: 73081261 # GET request latency on next level
   latGETnet: 0 # GET request latency on network to next level
 l2: # Cache stats
  l2-0: # Cache stats
   hGETS: 6334288 # GETS hits
   hGETX: 207581 # GETX hits
   mGETS: 330494 # GETS misses
   mGETXIM: 51522 # GETX I->M misses
   mGETXSM: 10110 # GETX S->M misses (upgrade misses)
   PUTS: 6548047 # Clean evictions (from lower level)
   PUTX: 360503 # Dirty evictions (from lower level)
   INV: 35065 # Invalidates (from upper level)
   INVX: 23391 # Downgrades (from upper level)
   FWD: 0 # Forwards (from upper level)
   latGETnl: 11963562 # GET request latency on next level
   latGETnet: 0 # GET request latency on network to next level
  l2-1: # Cache stats
   hGETS: 6329215 # GETS hits
   hGETX: 206232 # GETX hits
   mGETS: 310080 # GETS misses
   mGETXIM: 36339 # GETX I->M misses
   mGETXSM: 10044 # GETX S->M misses (upgrade misses)
   PUTS: 6525191 # Clean evictions (from lower level)
   PUTX: 342651 # Dirty evictions (from lower level)
   INV: 31688 # Invalidates (from upper level)
   INVX: 24909 # Downgrades (from upper level)
   FWD: 0 # Forwards (from upper level)
   latGETnl: 9959417 # GET request latency on next level
   latGETnet: 0 # GET request latency on network to next level
  l2-2: # Cache stats
   hGETS: 6325226 # GETS hits
   hGETX: 208110 # GETX hits
   mGETS: 323605 # GETS misses
   mGETXIM: 42665 # GETX I->M misses
   mGETXSM: 10447 # GETX S->M misses (upgrade misses)
   PUTS: 6534666 # Clean evictions (from lower level)
   PUTX: 351928 # Dirty evictions (from lower level)
   INV: 28268 # Invalidates (from upper level)
   INVX: 25371 # Downgrades (from upper level)
   FWD: 0 # Forwards (from upper level)
   latGETnl: 10412294 # GET request latency on next level
   latGETnet: 0 # GET request latency on network to next level
  l2-3: # Cache stats
   hGETS: 6332167 # GETS hits
   hGETX: 208199 # GETX hits
   mGETS: 524147 # GETS misses
   mGETXIM: 204031 # GETX I->M misses
   mGETXSM: 10197 # GETX S->M misses (upgrade misses)
   PUTS: 6696639 # Clean evictions (from lower level)
   PUTX: 558943 # Dirty evictions (from lower level)
   INV: 29649 # Invalidates (from upper level)
   INVX: 23273 # Downgrades (from upper level)
   FWD: 0 # Forwards (from upper level)
   latGETnl: 25014966 # GET request latency on next level
   latGETnet: 0 # GET request latency on network to next level
  l2-4: # Cache stats
   hGETS: 6333092 # GETS hits
   hGETX: 209391 # GETX hits
   mGETS: 336112 # GETS misses
   mGETXIM: 51615 # GETX I->M misses
   mGETXSM: 9925 # GETX S->M misses (upgrade misses)
   PUTS: 6553238 # Clean evictions (from lower level)
   PUTX: 361772 # Dirty evictions (from lower level)
   INV: 28489 # Invalidates (from upper level)
   INVX: 23210 # Downgrades (from upper level)
   FWD: 0 # Forwards (from upper level)
   latGETnl: 11009958 # GET request latency on next level
   latGETnet: 0 # GET request latency on network to next level
  l2-5: # Cache stats
   hGETS: 6336732 # GETS hits
   hGETX: 206731 # GETX hits
   mGETS: 320883 # GETS misses
   mGETXIM: 47261 # GETX I->M misses
   mGETXSM: 8489 # GETX S->M misses (upgrade misses)
   PUTS: 6541911 # Clean evictions (from lower level)
   PUTX: 356375 # Dirty evictions (from lower level)
   INV: 32504 # Invalidates (from upper level)
   INVX: 24071 # Downgrades (from upper level)
   FWD: 0 # Forwards (from upper level)
   latGETnl: 10939781 # GET request latency on next level
   latGETnet: 0 # GET request latency on network to next level
  l2-6: # Cache stats
   hGETS: 6336829 # GETS hits
   hGETX: 209453 # GETX hits
   mGETS: 297609 # GETS misses
   mGETXIM: 31375 # GETX I->M misses
   mGETXSM: 7974 # GETX S->M misses (upgrade misses)
   PUTS: 6522926 # Clean evictions (from lower level)
   PUTX: 340265 # Dirty evictions (from lower level)
   INV: 27289 # Invalidates (from upper level)
   INVX: 23276 # Downgrades (from upper level)
   FWD: 0 # Forwards (from upper level)
   latGETnl: 9387465 # GET request latency on next level
   latGETnet: 0 # GET request latency on network to next level
  l2-7: # Cache stats
   hGETS: 6325268 # GETS hits
   hGETX: 211003 # GETX hits
   mGETS: 329527 # GETS misses
   mGETXIM: 58559 # GETX I->M misses
   mGETXSM: 9757 # GETX S->M misses (upgrade misses)
   PUTS: 6542152 # Clean evictions (from lower level)
   PUTX: 370107 # Dirty evictions (from lower level)
   INV: 35689 # Invalidates (from upper level)
   INVX: 21426 # Downgrades (from upper level)
   FWD: 0 # Forwards (from upper level)
   latGETnl: 11709217 # GET request latency on next level
   latGETnet: 0 # GET request latency on network to next level
 l3: # Cache stats
  l3-0b0: # Cache stats
   hGETS: 321625 # GETS hits
   hGETX: 78443 # GETX hits
   mGETS: 11125 # GETS misses
   mGETXIM: 9833 # GETX I->M misses
   mGETXSM: 0 # GETX S->M misses (upgrade misses)
   PUTS: 267349 # Clean evictions (from lower level)
   PUTX: 76145 # Dirty evictions (from lower level)
   INV: 0 # Invalidates (from upper level)
   INVX: 0 # Downgrades (from upper level)
   FWD: 0 # Forwards (from upper level)
   latGETnl: 1886220 # GET request latency on next level
   latGETnet: 0 # GET request latency on network to next level
  l3-0b1: # Cache stats
   hGETS: 358460 # GETS hits
   hGETX: 63570 # GETX hits
   mGETS: 11026 # GETS misses
   mGETXIM: 9919 # GETX I->M misses
   mGETXSM: 0 # GETX S->M misses (upgrade misses)
   PUTS: 320382 # Clean evictions (from lower level)
   PUTX: 77271 # Dirty evictions (from lower level)
   INV: 0 # Invalidates (from upper level)
   INVX: 0 # Downgrades (from upper level)
   FWD: 0 # Forwards (from upper level)
   latGETnl: 1885050 # GET request latency on next level
   latGETnet: 0 # GET request latency on network to next level
  l3-0b2: # Cache stats
   hGETS: 330610 # GETS hits
   hGETX: 62047 # GETX hits
   mGETS: 11180 # GETS misses
   mGETXIM: 9810 # GETX I->M misses
   mGETXSM: 0 # GETX S->M misses (upgrade misses)
   PUTS: 301125 # Clean evictions (from lower level)
   PUTX: 77582 # Dirty evictions (from lower level)
   INV: 0 # Invalidates (from upper level)
   INVX: 0 # Downgrades (from upper level)
   FWD: 0 # Forwards (from upper level)
   latGETnl: 1889100 # GET request latency on next level
   latGETnet: 0 # GET request latency on network to next level
  l3-0b3: # Cache stats
   hGETS: 318448 # GETS hits
   hGETX: 66358 # GETX hits
   mGETS: 11019 # GETS misses
   mGETXIM: 9918 # GETX I->M misses
   mGETXSM: 0 # GETX S->M misses (upgrade misses)
   PUTS: 284476 # Clean evictions (from lower level)
   PUTX: 77228 # Dirty evictions (from lower level)
   INV: 0 # Invalidates (from upper level)
   INVX: 0 # Downgrades (from upper level)
   FWD: 0 # Forwards (from upper level)
   latGETnl: 1884330 # GET request latency on next level
   latGETnet: 0 # GET request latency on network to next level
  l3-0b4: # Cache stats
   hGETS: 344562 # GETS hits
   hGETX: 56363 # GETX hits
   mGETS: 11196 # GETS misses
   mGETXIM: 9828 # GETX I->M misses
   mGETXSM: 0 # GETX S->M misses (upgrade misses)
   PUTS: 314750 # Clean evictions (from lower level)
   PUTX: 77045 # Dirty evictions (from lower level)
   INV: 0 # Invalidates (from upper level)
   INVX: 0 # Downgrades (from upper level)
   FWD: 0 # Forwards (from upper level)
   latGETnl: 1892160 # GET request latency on next level
   latGETnet: 0 # GET request latency on network to next level
  l3-0b5: # Cache stats
   hGETS: 324231 # GETS hits
   hGETX: 69112 # GETX hits
   mGETS: 11078 # GETS misses
   mGETXIM: 9897 # GETX I->M misses
   mGETXSM: 0 # GETX S->M misses (upgrade misses)
   PUTS: 289487 # Clean evictions (from lower level)
   PUTX: 75567 # Dirty evictions (from lower level)
   INV: 0 # Invalidates (from upper level)
   INVX: 0 # Downgrades (from upper level)
   FWD: 0 # Forwards (from upper level)
   latGETnl: 1887750 # GET request latency on next level
   latGETnet: 0 # GET request latency on network to next level
  l3-0b6: # Cache stats
   hGETS: 317463 # GETS hits
   hGETX: 64005 # GETX hits
   mGETS: 11151 # GETS misses
   mGETXIM: 9800 # GETX I->M misses
   mGETXSM: 0 # GETX S->M misses (upgrade misses)
   PUTS: 283529 # Clean evictions (from lower level)
   PUTX: 76960 # Dirty evictions (from lower level)
   INV: 0 # Invalidates (from upper level)
   INVX: 0 # Downgrades (from upper level)
   FWD: 0 # Forwards (from upper level)
   latGETnl: 1885590 # GET request latency on next level
   latGETnet: 0 # GET request latency on network to next level
  l3-0b7: # Cache stats
   hGETS: 368217 # GETS hits
   hGETX: 61526 # GETX hits
   mGETS: 11066 # GETS misses
   mGETXIM: 9881 # GETX I->M misses
   mGETXSM: 0 # GETX S->M misses (upgrade misses)
   PUTS: 339065 # Clean evictions (from lower level)
   PUTX: 76708 # Dirty evictions (from lower level)
   INV: 0 # Invalidates (from upper level)
   INVX: 0 # Downgrades (from upper level)
   FWD: 0 # Forwards (from upper level)
   latGETnl: 1885230 # GET request latency on next level
   latGETnet: 0 # GET request latency on network to next level
 mem: # Memory controller stats
  mem-0: # Memory controller stats
   rd: 41899 # Read requests
   wr: 7743 # Write requests
   rdlat: 5648314 # Total latency experienced by read requests
   wrlat: 1155125 # Total latency experienced by write requests
   rdhits: 404 # Read row hits
   wrhits: 42 # Write row hits
   mlh: # latency histogram for memory requests
    0: 0
    1: 0
    2: 0
    3: 0
    4: 0
    5: 0
    6: 0
    7: 0
    8: 0
    9: 0
    10: 0
    11: 28
    12: 77
    13: 39556
    14: 1171
    15: 183
    16: 124
    17: 51
    18: 50
    19: 36
    20: 49
    21: 41
    22: 28
    23: 24
    24: 19
    25: 23
    26: 12
    27: 15
    28: 18
    29: 20
    30: 48
    31: 29
    32: 26
    33: 23
    34: 23
    35: 32
    36: 28
    37: 24
    38: 24
    39: 28
    40: 17
    41: 33
    42: 21
    43: 8
    44: 2
    45: 2
    46: 2
    47: 3
    48: 0
    49: 0
    50: 0
    51: 0
    52: 0
    53: 1
    54: 0
    55: 0
    56: 0
    57: 0
    58: 0
    59: 0
    60: 0
    61: 0
    62: 0
    63: 0
    64: 0
    65: 0
    66: 0
    67: 0
    68: 0
    69: 0
    70: 0
    71: 0
    72: 0
    73: 0
    74: 0
    75: 0
    76: 0
    77: 0
    78: 0
    79: 0
    80: 0
    81: 0
    82: 0
    83: 0
    84: 0
    85: 0
    86: 0
    87: 0
    88: 0
    89: 0
    90: 0
    91: 0
    92: 0
    93: 0
    94: 0
    95: 0
    96: 0
    97: 0
    98: 0
    99: 0
  mem-1: # Memory controller stats
   rd: 41943 # Read requests
   wr: 7716 # Write requests
   rdlat: 5648289 # Total latency experienced by read requests
   wrlat: 1127534 # Total latency experienced by write requests
   rdhits: 422 # Read row hits
   wrhits: 42 # Write row hits
   mlh: # latency histogram for memory requests
    0: 0
    1: 0
    2: 0
    3: 0
    4: 0
    5: 0
    6: 0
    7: 0
    8: 0
    9: 0
    10: 0
    11: 38
    12: 71
    13: 39803
    14: 983
    15: 203
    16: 134
    17: 48
    18: 49
    19: 44
    20: 46
    21: 30
    22: 20
    23: 17
    24: 22
    25: 20
    26: 11
    27: 13
    28: 20
    29: 34
    30: 39
    31: 30
    32: 18
    33: 18
    34: 17
    35: 31
    36: 27
    37: 30
    38: 21
    39: 24
    40: 30
    41: 13
    42: 23
    43: 9
    44: 1
    45: 2
    46: 2
    47: 2
    48: 0
    49: 0
    50: 0
    51: 0
    52: 0
    53: 0
    54: 0
    55: 0
    56: 0
    57: 0
    58: 0
    59: 0
    60: 0
    61: 0
    62: 0
    63: 0
    64: 0
    65: 0
    66: 0
    67: 0
    68: 0
    69: 0
    70: 0
    71: 0
    72: 0
    73: 0
    74: 0
    75: 0
    76: 0
    77: 0
    78: 0
    79: 0
    80: 0
    81: 0
    82: 0
    83: 0
    84: 0
    85: 0
    86: 0
    87: 0
    88: 0
    89: 0
    90: 0
    91: 0
    92: 0
    93: 0
    94: 0
    95: 0
    96: 0
    97: 0
    98: 0
    99: 0
  mem-2: # Memory controller stats
   rd: 41943 # Read requests
   wr: 7718 # Write requests
   rdlat: 5651729 # Total latency experienced by read requests
   wrlat: 1148423 # Total latency experienced by write requests
   rdhits: 416 # Read row hits
   wrhits: 42 # Write row hits
   mlh: # latency histogram for memory requests
    0: 0
    1: 0
    2: 0
    3: 0
    4: 0
    5: 0
    6: 0
    7: 0
    8: 0
    9: 0
    10: 0
    11: 27
    12: 61
    13: 39527
    14: 1266
    15: 184
    16: 109
    17: 52
    18: 48
    19: 47
    20: 53
    21: 50
    22: 20
    23: 24
    24: 23
    25: 27
    26: 11
    27: 14
    28: 29
    29: 23
    30: 38
    31: 30
    32: 19
    33: 24
    34: 32
    35: 33
    36: 32
    37: 27
    38: 25
    39: 20
    40: 23
    41: 18
    42: 18
    43: 5
    44: 0
    45: 1
    46: 1
    47: 2
    48: 0
    49: 0
    50: 0
    51: 0
    52: 0
    53: 0
    54: 0
    55: 0
    56: 0
    57: 0
    58: 0
    59: 0
    60: 0
    61: 0
    62: 0
    63: 0
    64: 0
    65: 0
    66: 0
    67: 0
    68: 0
    69: 0
    70: 0
    71: 0
    72: 0
    73: 0
    74: 0
    75: 0
    76: 0
    77: 0
    78: 0
    79: 0
    80: 0
    81: 0
    82: 0
    83: 0
    84: 0
    85: 0
    86: 0
    87: 0
    88: 0
    89: 0
    90: 0
    91: 0
    92: 0
    93: 0
    94: 0
    95: 0
    96: 0
    97: 0
    98: 0
    99: 0
  mem-3: # Memory controller stats
   rd: 41942 # Read requests
   wr: 7749 # Write requests
   rdlat: 5648573 # Total latency experienced by read requests
   wrlat: 1133670 # Total latency experienced by write requests
   rdhits: 408 # Read row hits
   wrhits: 52 # Write row hits
   mlh: # latency histogram for memory requests
    0: 0
    1: 0
    2: 0
    3: 0
    4: 0
    5: 0
    6: 0
    7: 0
    8: 0
    9: 0
    10: 0
    11: 28
    12: 68
    13: 39591
    14: 1165
    15: 247
    16: 108
    17: 52
    18: 60
    19: 44
    20: 40
    21: 47
    22: 23
    23: 21
    24: 27
    25: 31
    26: 15
    27: 14
    28: 13
    29: 25
    30: 32
    31: 33
    32: 24
    33: 27
    34: 24
    35: 25
    36: 19
    37: 24
    38: 30
    39: 18
    40: 15
    41: 19
    42: 19
    43: 9
    44: 0
    45: 2
    46: 1
    47: 1
    48: 1
    49: 0
    50: 0
    51: 0
    52: 0
    53: 0
    54: 0
    55: 0
    56: 0
    57: 0
    58: 0
    59: 0
    60: 0
    61: 0
    62: 0
    63: 0
    64: 0
    65: 0
    66: 0
    67: 0
    68: 0
    69: 0
    70: 0
    71: 0
    72: 0
    73: 0
    74: 0
    75: 0
    76: 0
    77: 0
    78: 0
    79: 0
    80: 0
    81: 0
    82: 0
    83: 0
    84: 0
    85: 0
    86: 0
    87: 0
    88: 0
    89: 0
    90: 0
    91: 0
    92: 0
    93: 0
    94: 0
    95: 0
    96: 0
    97: 0
    98: 0
    99: 0
 sched: # Scheduler stats
  thCr: 9 # Threads created
  thFn: 0 # Threads finished
  schedEvs: 372 # Schedule events
  waitEvs: 10 # Wait events
  handoffEvs: 0 # Handoff events
  sleepEvs: 0 # Sleep events
  idlePhases: 0 # Phases with no thread active
  idlePeriods: 0 # Periods with no thread active
  occHist: # Occupancy histogram
   0: 0
   1: 135
   2: 0
   3: 0
   4: 0
   5: 0
   6: 0
   7: 0
   8: 45341
  rqSzHist: # Run queue size histogram
   0: 45476
   1: 0
   2: 0
   3: 0
   4: 0
   5: 0
   6: 0
   7: 0
   8: 0
   9: 0
   10: 0
   11: 0
   12: 0
   13: 0
   14: 0
   15: 0
   16: 0
 procCycles: # Per-process unhalted core cycles
  0: 2960362482
  1: 0
  2: 0
  3: 0
  4: 0
  5: 0
  6: 0
  7: 0
  8: 0
  9: 0
  10: 0
  11: 0
  12: 0
  13: 0
  14: 0
  15: 0
  16: 0
  17: 0
  18: 0
  19: 0
  20: 0
  21: 0
  22: 0
  23: 0
  24: 0
  25: 0
  26: 0
  27: 0
  28: 0
  29: 0
  30: 0
  31: 0
  32: 0
  33: 0
  34: 0
  35: 0
  36: 0
  37: 0
  38: 0
  39: 0
  40: 0
  41: 0
  42: 0
  43: 0
  44: 0
  45: 0
  46: 0
  47: 0
  48: 0
  49: 0
  50: 0
  51: 0
  52: 0
  53: 0
  54: 0
  55: 0
  56: 0
  57: 0
  58: 0
  59: 0
  60: 0
  61: 0
  62: 0
  63: 0
 procInstrs: # Per-process instructions
  0: 5000072742
  1: 0
  2: 0
  3: 0
  4: 0
  5: 0
  6: 0
  7: 0
  8: 0
  9: 0
  10: 0
  11: 0
  12: 0
  13: 0
  14: 0
  15: 0
  16: 0
  17: 0
  18: 0
  19: 0
  20: 0
  21: 0
  22: 0
  23: 0
  24: 0
  25: 0
  26: 0
  27: 0
  28: 0
  29: 0
  30: 0
  31: 0
  32: 0
  33: 0
  34: 0
  35: 0
  36: 0
  37: 0
  38: 0
  39: 0
  40: 0
  41: 0
  42: 0
  43: 0
  44: 0
  45: 0
  46: 0
  47: 0
  48: 0
  49: 0
  50: 0
  51: 0
  52: 0
  53: 0
  54: 0
  55: 0
  56: 0
  57: 0
  58: 0
  59: 0
  60: 0
  61: 0
  62: 0
  63: 0
 heartbeats: # Per-process heartbeats
  0: 0
  1: 0
  2: 0
  3: 0
  4: 0
  5: 0
  6: 0
  7: 0
  8: 0
  9: 0
  10: 0
  11: 0
  12: 0
  13: 0
  14: 0
  15: 0
  16: 0
  17: 0
  18: 0
  19: 0
  20: 0
  21: 0
  22: 0
  23: 0
  24: 0
  25: 0
  26: 0
  27: 0
  28: 0
  29: 0
  30: 0
  31: 0
  32: 0
  33: 0
  34: 0
  35: 0
  36: 0
  37: 0
  38: 0
  39: 0
  40: 0
  41: 0
  42: 0
  43: 0
  44: 0
  45: 0
  46: 0
  47: 0
  48: 0
  49: 0
  50: 0
  51: 0
  52: 0
  53: 0
  54: 0
  55: 0
  56: 0
  57: 0
  58: 0
  59: 0
  60: 0
  61: 0
  62: 0
  63: 0
===
