# zsim stats
===
root: # Stats
 contention: # Contention simulation stats
  domain-0: # Domain stats
   time: 381830007 # Weave simulation time
 time: # Simulator time breakdown
  init: 776822351
  bound: 208412889668
  weave: 5761978696
  ff: 0
 trigger: 20000 # Reason for this stats dump
 phase: 39289 # Simulated phases
 westmere: # Core stats
  westmere-0: # Core stats
   cycles: 392890003 # Simulated unhalted cycles
   cCycles: 28604 # Cycles due to contention stalls
   instrs: 625009286 # Simulated instructions
   uops: 750425907 # Retired micro-ops
   bbls: 83821189 # Basic blocks
   approxInstrs: 6871256 # Instrs with approx uop decoding
   mispredBranches: 1800410 # Mispredicted branches
   condBranches: 64863307 # conditional branches
  westmere-1: # Core stats
   cycles: 392890015 # Simulated unhalted cycles
   cCycles: 29739 # Cycles due to contention stalls
   instrs: 625004819 # Simulated instructions
   uops: 750420084 # Retired micro-ops
   bbls: 83820288 # Basic blocks
   approxInstrs: 6871244 # Instrs with approx uop decoding
   mispredBranches: 1800368 # Mispredicted branches
   condBranches: 64862593 # conditional branches
  westmere-2: # Core stats
   cycles: 392880021 # Simulated unhalted cycles
   cCycles: 28783 # Cycles due to contention stalls
   instrs: 625005585 # Simulated instructions
   uops: 750421006 # Retired micro-ops
   bbls: 83820393 # Basic blocks
   approxInstrs: 6871272 # Instrs with approx uop decoding
   mispredBranches: 1800377 # Mispredicted branches
   condBranches: 64862657 # conditional branches
  westmere-3: # Core stats
   cycles: 392880002 # Simulated unhalted cycles
   cCycles: 27022 # Cycles due to contention stalls
   instrs: 625009139 # Simulated instructions
   uops: 750425051 # Retired micro-ops
   bbls: 83820901 # Basic blocks
   approxInstrs: 6871291 # Instrs with approx uop decoding
   mispredBranches: 1800387 # Mispredicted branches
   condBranches: 64863135 # conditional branches
  westmere-4: # Core stats
   cycles: 392880021 # Simulated unhalted cycles
   cCycles: 30041 # Cycles due to contention stalls
   instrs: 625005593 # Simulated instructions
   uops: 750421016 # Retired micro-ops
   bbls: 83820398 # Basic blocks
   approxInstrs: 6871273 # Instrs with approx uop decoding
   mispredBranches: 1800378 # Mispredicted branches
   condBranches: 64862658 # conditional branches
  westmere-5: # Core stats
   cycles: 392880004 # Simulated unhalted cycles
   cCycles: 27324 # Cycles due to contention stalls
   instrs: 625007198 # Simulated instructions
   uops: 750422840 # Retired micro-ops
   bbls: 83820626 # Basic blocks
   approxInstrs: 6871290 # Instrs with approx uop decoding
   mispredBranches: 1800384 # Mispredicted branches
   condBranches: 64862864 # conditional branches
  westmere-6: # Core stats
   cycles: 392880010 # Simulated unhalted cycles
   cCycles: 27833 # Cycles due to contention stalls
   instrs: 625005422 # Simulated instructions
   uops: 750420817 # Retired micro-ops
   bbls: 83820364 # Basic blocks
   approxInstrs: 6871264 # Instrs with approx uop decoding
   mispredBranches: 1800375 # Mispredicted branches
   condBranches: 64862643 # conditional branches
  westmere-7: # Core stats
   cycles: 392880020 # Simulated unhalted cycles
   cCycles: 28656 # Cycles due to contention stalls
   instrs: 624996742 # Simulated instructions
   uops: 750410069 # Retired micro-ops
   bbls: 83819199 # Basic blocks
   approxInstrs: 6870962 # Instrs with approx uop decoding
   mispredBranches: 1800285 # Mispredicted branches
   condBranches: 64861964 # conditional branches
 l1i: # Cache stats
  l1i-0: # Filter cache stats
   fhGETS: 112021899 # Filtered GETS hits
   fhGETX: 0 # Filtered GETX hits
   hGETS: 1226292 # GETS hits
   hGETX: 0 # GETX hits
   mGETS: 45498 # GETS misses
   mGETXIM: 0 # GETX I->M misses
   mGETXSM: 0 # GETX S->M misses (upgrade misses)
   PUTS: 0 # Clean evictions (from lower level)
   PUTX: 0 # Dirty evictions (from lower level)
   INV: 0 # Invalidates (from upper level)
   INVX: 0 # Downgrades (from upper level)
   FWD: 0 # Forwards (from upper level)
   latGETnl: 480744 # GET request latency on next level
   latGETnet: 0 # GET request latency on network to next level
  l1i-1: # Filter cache stats
   fhGETS: 112020989 # Filtered GETS hits
   fhGETX: 0 # Filtered GETX hits
   hGETS: 1226156 # GETS hits
   hGETX: 0 # GETX hits
   mGETS: 45419 # GETS misses
   mGETXIM: 0 # GETX I->M misses
   mGETXSM: 0 # GETX S->M misses (upgrade misses)
   PUTS: 0 # Clean evictions (from lower level)
   PUTX: 0 # Dirty evictions (from lower level)
   INV: 0 # Invalidates (from upper level)
   INVX: 0 # Downgrades (from upper level)
   FWD: 0 # Forwards (from upper level)
   latGETnl: 485810 # GET request latency on next level
   latGETnet: 0 # GET request latency on network to next level
  l1i-2: # Filter cache stats
   fhGETS: 112021232 # Filtered GETS hits
   fhGETX: 0 # Filtered GETX hits
   hGETS: 1226159 # GETS hits
   hGETX: 0 # GETX hits
   mGETS: 45427 # GETS misses
   mGETXIM: 0 # GETX I->M misses
   mGETXSM: 0 # GETX S->M misses (upgrade misses)
   PUTS: 0 # Clean evictions (from lower level)
   PUTX: 0 # Dirty evictions (from lower level)
   INV: 0 # Invalidates (from upper level)
   INVX: 0 # Downgrades (from upper level)
   FWD: 0 # Forwards (from upper level)
   latGETnl: 473812 # GET request latency on next level
   latGETnet: 0 # GET request latency on network to next level
  l1i-3: # Filter cache stats
   fhGETS: 112021873 # Filtered GETS hits
   fhGETX: 0 # Filtered GETX hits
   hGETS: 1226166 # GETS hits
   hGETX: 0 # GETX hits
   mGETS: 45427 # GETS misses
   mGETXIM: 0 # GETX I->M misses
   mGETXSM: 0 # GETX S->M misses (upgrade misses)
   PUTS: 0 # Clean evictions (from lower level)
   PUTX: 0 # Dirty evictions (from lower level)
   INV: 0 # Invalidates (from upper level)
   INVX: 0 # Downgrades (from upper level)
   FWD: 0 # Forwards (from upper level)
   latGETnl: 474802 # GET request latency on next level
   latGETnet: 0 # GET request latency on network to next level
  l1i-4: # Filter cache stats
   fhGETS: 112021154 # Filtered GETS hits
   fhGETX: 0 # Filtered GETX hits
   hGETS: 1226161 # GETS hits
   hGETX: 0 # GETX hits
   mGETS: 45429 # GETS misses
   mGETXIM: 0 # GETX I->M misses
   mGETXSM: 0 # GETX S->M misses (upgrade misses)
   PUTS: 0 # Clean evictions (from lower level)
   PUTX: 0 # Dirty evictions (from lower level)
   INV: 0 # Invalidates (from upper level)
   INVX: 0 # Downgrades (from upper level)
   FWD: 0 # Forwards (from upper level)
   latGETnl: 474780 # GET request latency on next level
   latGETnet: 0 # GET request latency on network to next level
  l1i-5: # Filter cache stats
   fhGETS: 112021551 # Filtered GETS hits
   fhGETX: 0 # Filtered GETX hits
   hGETS: 1226172 # GETS hits
   hGETX: 0 # GETX hits
   mGETS: 45422 # GETS misses
   mGETXIM: 0 # GETX I->M misses
   mGETXSM: 0 # GETX S->M misses (upgrade misses)
   PUTS: 0 # Clean evictions (from lower level)
   PUTX: 0 # Dirty evictions (from lower level)
   INV: 0 # Invalidates (from upper level)
   INVX: 0 # Downgrades (from upper level)
   FWD: 0 # Forwards (from upper level)
   latGETnl: 475382 # GET request latency on next level
   latGETnet: 0 # GET request latency on network to next level
  l1i-6: # Filter cache stats
   fhGETS: 112021171 # Filtered GETS hits
   fhGETX: 0 # Filtered GETX hits
   hGETS: 1226162 # GETS hits
   hGETX: 0 # GETX hits
   mGETS: 45421 # GETS misses
   mGETXIM: 0 # GETX I->M misses
   mGETXSM: 0 # GETX S->M misses (upgrade misses)
   PUTS: 0 # Clean evictions (from lower level)
   PUTX: 0 # Dirty evictions (from lower level)
   INV: 0 # Invalidates (from upper level)
   INVX: 0 # Downgrades (from upper level)
   FWD: 0 # Forwards (from upper level)
   latGETnl: 474490 # GET request latency on next level
   latGETnet: 0 # GET request latency on network to next level
  l1i-7: # Filter cache stats
   fhGETS: 112019201 # Filtered GETS hits
   fhGETX: 0 # Filtered GETX hits
   hGETS: 1226148 # GETS hits
   hGETX: 0 # GETX hits
   mGETS: 45427 # GETS misses
   mGETXIM: 0 # GETX I->M misses
   mGETXSM: 0 # GETX S->M misses (upgrade misses)
   PUTS: 0 # Clean evictions (from lower level)
   PUTX: 0 # Dirty evictions (from lower level)
   INV: 0 # Invalidates (from upper level)
   INVX: 0 # Downgrades (from upper level)
   FWD: 0 # Forwards (from upper level)
   latGETnl: 474532 # GET request latency on next level
   latGETnet: 0 # GET request latency on network to next level
 l1d: # Cache stats
  l1d-0: # Filter cache stats
   fhGETS: 160974186 # Filtered GETS hits
   fhGETX: 38007597 # Filtered GETX hits
   hGETS: 11096968 # GETS hits
   hGETX: 11692587 # GETX hits
   mGETS: 1335892 # GETS misses
   mGETXIM: 1105302 # GETX I->M misses
   mGETXSM: 13 # GETX S->M misses (upgrade misses)
   PUTS: 0 # Clean evictions (from lower level)
   PUTX: 0 # Dirty evictions (from lower level)
   INV: 43 # Invalidates (from upper level)
   INVX: 37 # Downgrades (from upper level)
   FWD: 0 # Forwards (from upper level)
   latGETnl: 24582794 # GET request latency on next level
   latGETnet: 0 # GET request latency on network to next level
  l1d-1: # Filter cache stats
   fhGETS: 157364354 # Filtered GETS hits
   fhGETX: 37716323 # Filtered GETX hits
   hGETS: 14704020 # GETS hits
   hGETX: 11989320 # GETX hits
   mGETS: 1337987 # GETS misses
   mGETXIM: 1098616 # GETX I->M misses
   mGETXSM: 3 # GETX S->M misses (upgrade misses)
   PUTS: 0 # Clean evictions (from lower level)
   PUTX: 0 # Dirty evictions (from lower level)
   INV: 10 # Invalidates (from upper level)
   INVX: 113 # Downgrades (from upper level)
   FWD: 0 # Forwards (from upper level)
   latGETnl: 24528757 # GET request latency on next level
   latGETnet: 0 # GET request latency on network to next level
  l1d-2: # Filter cache stats
   fhGETS: 160981991 # Filtered GETS hits
   fhGETX: 38008781 # Filtered GETX hits
   hGETS: 11088810 # GETS hits
   hGETX: 11690877 # GETX hits
   mGETS: 1335762 # GETS misses
   mGETXIM: 1104641 # GETX I->M misses
   mGETXSM: 5 # GETX S->M misses (upgrade misses)
   PUTS: 0 # Clean evictions (from lower level)
   PUTX: 0 # Dirty evictions (from lower level)
   INV: 10 # Invalidates (from upper level)
   INVX: 56 # Downgrades (from upper level)
   FWD: 0 # Forwards (from upper level)
   latGETnl: 24561803 # GET request latency on next level
   latGETnet: 0 # GET request latency on network to next level
  l1d-3: # Filter cache stats
   fhGETS: 160968248 # Filtered GETS hits
   fhGETX: 38008374 # Filtered GETX hits
   hGETS: 11102256 # GETS hits
   hGETX: 11691957 # GETX hits
   mGETS: 1337315 # GETS misses
   mGETXIM: 1104080 # GETX I->M misses
   mGETXSM: 5 # GETX S->M misses (upgrade misses)
   PUTS: 0 # Clean evictions (from lower level)
   PUTX: 0 # Dirty evictions (from lower level)
   INV: 10 # Invalidates (from upper level)
   INVX: 41 # Downgrades (from upper level)
   FWD: 0 # Forwards (from upper level)
   latGETnl: 24569890 # GET request latency on next level
   latGETnet: 0 # GET request latency on network to next level
  l1d-4: # Filter cache stats
   fhGETS: 160887777 # Filtered GETS hits
   fhGETX: 38019566 # Filtered GETX hits
   hGETS: 11182706 # GETS hits
   hGETX: 11672380 # GETX hits
   mGETS: 1336081 # GETS misses
   mGETXIM: 1112353 # GETX I->M misses
   mGETXSM: 5 # GETX S->M misses (upgrade misses)
   PUTS: 0 # Clean evictions (from lower level)
   PUTX: 0 # Dirty evictions (from lower level)
   INV: 8 # Invalidates (from upper level)
   INVX: 51 # Downgrades (from upper level)
   FWD: 0 # Forwards (from upper level)
   latGETnl: 24641111 # GET request latency on next level
   latGETnet: 0 # GET request latency on network to next level
  l1d-5: # Filter cache stats
   fhGETS: 158858129 # Filtered GETS hits
   fhGETX: 38012160 # Filtered GETX hits
   hGETS: 13210771 # GETS hits
   hGETX: 11684686 # GETX hits
   mGETS: 1338198 # GETS misses
   mGETXIM: 1107507 # GETX I->M misses
   mGETXSM: 6 # GETX S->M misses (upgrade misses)
   PUTS: 0 # Clean evictions (from lower level)
   PUTX: 0 # Dirty evictions (from lower level)
   INV: 8 # Invalidates (from upper level)
   INVX: 41 # Downgrades (from upper level)
   FWD: 0 # Forwards (from upper level)
   latGETnl: 24613516 # GET request latency on next level
   latGETnet: 0 # GET request latency on network to next level
  l1d-6: # Filter cache stats
   fhGETS: 156617683 # Filtered GETS hits
   fhGETX: 37728300 # Filtered GETX hits
   hGETS: 15449539 # GETS hits
   hGETX: 11975964 # GETX hits
   mGETS: 1339308 # GETS misses
   mGETXIM: 1100025 # GETX I->M misses
   mGETXSM: 6 # GETX S->M misses (upgrade misses)
   PUTS: 0 # Clean evictions (from lower level)
   PUTX: 0 # Dirty evictions (from lower level)
   INV: 8 # Invalidates (from upper level)
   INVX: 69 # Downgrades (from upper level)
   FWD: 0 # Forwards (from upper level)
   latGETnl: 24551951 # GET request latency on next level
   latGETnet: 0 # GET request latency on network to next level
  l1d-7: # Filter cache stats
   fhGETS: 161148816 # Filtered GETS hits
   fhGETX: 38009158 # Filtered GETX hits
   hGETS: 10917393 # GETS hits
   hGETX: 11694388 # GETX hits
   mGETS: 1337681 # GETS misses
   mGETXIM: 1100255 # GETX I->M misses
   mGETXSM: 6 # GETX S->M misses (upgrade misses)
   PUTS: 0 # Clean evictions (from lower level)
   PUTX: 0 # Dirty evictions (from lower level)
   INV: 5 # Invalidates (from upper level)
   INVX: 42 # Downgrades (from upper level)
   FWD: 0 # Forwards (from upper level)
   latGETnl: 24535822 # GET request latency on next level
   latGETnet: 0 # GET request latency on network to next level
 l2: # Cache stats
  l2-0: # Cache stats
   hGETS: 1380132 # GETS hits
   hGETX: 1104082 # GETX hits
   mGETS: 1258 # GETS misses
   mGETXIM: 1220 # GETX I->M misses
   mGETXSM: 13 # GETX S->M misses (upgrade misses)
   PUTS: 1190408 # Clean evictions (from lower level)
   PUTX: 1295237 # Dirty evictions (from lower level)
   INV: 43 # Invalidates (from upper level)
   INVX: 38 # Downgrades (from upper level)
   FWD: 0 # Forwards (from upper level)
   latGETnl: 196488 # GET request latency on next level
   latGETnet: 0 # GET request latency on network to next level
  l2-1: # Cache stats
   hGETS: 1382245 # GETS hits
   hGETX: 1097521 # GETX hits
   mGETS: 1161 # GETS misses
   mGETXIM: 1095 # GETX I->M misses
   mGETXSM: 3 # GETX S->M misses (upgrade misses)
   PUTS: 1192730 # Clean evictions (from lower level)
   PUTX: 1288288 # Dirty evictions (from lower level)
   INV: 10 # Invalidates (from upper level)
   INVX: 113 # Downgrades (from upper level)
   FWD: 0 # Forwards (from upper level)
   latGETnl: 194317 # GET request latency on next level
   latGETnet: 0 # GET request latency on network to next level
  l2-2: # Cache stats
   hGETS: 1380025 # GETS hits
   hGETX: 1103545 # GETX hits
   mGETS: 1164 # GETS misses
   mGETXIM: 1096 # GETX I->M misses
   mGETXSM: 5 # GETX S->M misses (upgrade misses)
   PUTS: 1189979 # Clean evictions (from lower level)
   PUTX: 1294848 # Dirty evictions (from lower level)
   INV: 10 # Invalidates (from upper level)
   INVX: 56 # Downgrades (from upper level)
   FWD: 0 # Forwards (from upper level)
   latGETnl: 177265 # GET request latency on next level
   latGETnet: 0 # GET request latency on network to next level
  l2-3: # Cache stats
   hGETS: 1381577 # GETS hits
   hGETX: 1102985 # GETX hits
   mGETS: 1165 # GETS misses
   mGETXIM: 1095 # GETX I->M misses
   mGETXSM: 5 # GETX S->M misses (upgrade misses)
   PUTS: 1191066 # Clean evictions (from lower level)
   PUTX: 1294752 # Dirty evictions (from lower level)
   INV: 10 # Invalidates (from upper level)
   INVX: 41 # Downgrades (from upper level)
   FWD: 0 # Forwards (from upper level)
   latGETnl: 176422 # GET request latency on next level
   latGETnet: 0 # GET request latency on network to next level
  l2-4: # Cache stats
   hGETS: 1380345 # GETS hits
   hGETX: 1111258 # GETX hits
   mGETS: 1165 # GETS misses
   mGETXIM: 1095 # GETX I->M misses
   mGETXSM: 5 # GETX S->M misses (upgrade misses)
   PUTS: 1190043 # Clean evictions (from lower level)
   PUTX: 1302818 # Dirty evictions (from lower level)
   INV: 8 # Invalidates (from upper level)
   INVX: 51 # Downgrades (from upper level)
   FWD: 0 # Forwards (from upper level)
   latGETnl: 177211 # GET request latency on next level
   latGETnet: 0 # GET request latency on network to next level
  l2-5: # Cache stats
   hGETS: 1382457 # GETS hits
   hGETX: 1106412 # GETX hits
   mGETS: 1163 # GETS misses
   mGETXIM: 1095 # GETX I->M misses
   mGETXSM: 6 # GETX S->M misses (upgrade misses)
   PUTS: 1191889 # Clean evictions (from lower level)
   PUTX: 1298237 # Dirty evictions (from lower level)
   INV: 8 # Invalidates (from upper level)
   INVX: 41 # Downgrades (from upper level)
   FWD: 0 # Forwards (from upper level)
   latGETnl: 177568 # GET request latency on next level
   latGETnet: 0 # GET request latency on network to next level
  l2-6: # Cache stats
   hGETS: 1383569 # GETS hits
   hGETX: 1098930 # GETX hits
   mGETS: 1160 # GETS misses
   mGETXIM: 1095 # GETX I->M misses
   mGETXSM: 6 # GETX S->M misses (upgrade misses)
   PUTS: 1191374 # Clean evictions (from lower level)
   PUTX: 1292381 # Dirty evictions (from lower level)
   INV: 8 # Invalidates (from upper level)
   INVX: 69 # Downgrades (from upper level)
   FWD: 0 # Forwards (from upper level)
   latGETnl: 178841 # GET request latency on next level
   latGETnet: 0 # GET request latency on network to next level
  l2-7: # Cache stats
   hGETS: 1381947 # GETS hits
   hGETX: 1099160 # GETX hits
   mGETS: 1161 # GETS misses
   mGETXIM: 1095 # GETX I->M misses
   mGETXSM: 6 # GETX S->M misses (upgrade misses)
   PUTS: 1192925 # Clean evictions (from lower level)
   PUTX: 1289440 # Dirty evictions (from lower level)
   INV: 5 # Invalidates (from upper level)
   INVX: 42 # Downgrades (from upper level)
   FWD: 0 # Forwards (from upper level)
   latGETnl: 176664 # GET request latency on next level
   latGETnet: 0 # GET request latency on network to next level
 l3: # Cache stats
  l3-0b0: # Cache stats
   hGETS: 867 # GETS hits
   hGETX: 5 # GETX hits
   mGETS: 296 # GETS misses
   mGETXIM: 1093 # GETX I->M misses
   mGETXSM: 0 # GETX S->M misses (upgrade misses)
   PUTS: 0 # Clean evictions (from lower level)
   PUTX: 0 # Dirty evictions (from lower level)
   INV: 0 # Invalidates (from upper level)
   INVX: 0 # Downgrades (from upper level)
   FWD: 0 # Forwards (from upper level)
   latGETnl: 125010 # GET request latency on next level
   latGETnet: 0 # GET request latency on network to next level
  l3-0b1: # Cache stats
   hGETS: 902 # GETS hits
   hGETX: 12 # GETX hits
   mGETS: 305 # GETS misses
   mGETXIM: 1092 # GETX I->M misses
   mGETXSM: 0 # GETX S->M misses (upgrade misses)
   PUTS: 1 # Clean evictions (from lower level)
   PUTX: 0 # Dirty evictions (from lower level)
   INV: 0 # Invalidates (from upper level)
   INVX: 0 # Downgrades (from upper level)
   FWD: 0 # Forwards (from upper level)
   latGETnl: 125730 # GET request latency on next level
   latGETnet: 0 # GET request latency on network to next level
  l3-0b2: # Cache stats
   hGETS: 902 # GETS hits
   hGETX: 6 # GETX hits
   mGETS: 279 # GETS misses
   mGETXIM: 1128 # GETX I->M misses
   mGETXSM: 0 # GETX S->M misses (upgrade misses)
   PUTS: 0 # Clean evictions (from lower level)
   PUTX: 0 # Dirty evictions (from lower level)
   INV: 0 # Invalidates (from upper level)
   INVX: 0 # Downgrades (from upper level)
   FWD: 0 # Forwards (from upper level)
   latGETnl: 126630 # GET request latency on next level
   latGETnet: 0 # GET request latency on network to next level
  l3-0b3: # Cache stats
   hGETS: 855 # GETS hits
   hGETX: 4 # GETX hits
   mGETS: 301 # GETS misses
   mGETXIM: 1099 # GETX I->M misses
   mGETXSM: 0 # GETX S->M misses (upgrade misses)
   PUTS: 0 # Clean evictions (from lower level)
   PUTX: 0 # Dirty evictions (from lower level)
   INV: 0 # Invalidates (from upper level)
   INVX: 0 # Downgrades (from upper level)
   FWD: 0 # Forwards (from upper level)
   latGETnl: 126000 # GET request latency on next level
   latGETnet: 0 # GET request latency on network to next level
  l3-0b4: # Cache stats
   hGETS: 851 # GETS hits
   hGETX: 8 # GETX hits
   mGETS: 278 # GETS misses
   mGETXIM: 1119 # GETX I->M misses
   mGETXSM: 0 # GETX S->M misses (upgrade misses)
   PUTS: 0 # Clean evictions (from lower level)
   PUTX: 0 # Dirty evictions (from lower level)
   INV: 0 # Invalidates (from upper level)
   INVX: 0 # Downgrades (from upper level)
   FWD: 0 # Forwards (from upper level)
   latGETnl: 125730 # GET request latency on next level
   latGETnet: 0 # GET request latency on network to next level
  l3-0b5: # Cache stats
   hGETS: 904 # GETS hits
   hGETX: 19 # GETX hits
   mGETS: 303 # GETS misses
   mGETXIM: 1105 # GETX I->M misses
   mGETXSM: 0 # GETX S->M misses (upgrade misses)
   PUTS: 0 # Clean evictions (from lower level)
   PUTX: 0 # Dirty evictions (from lower level)
   INV: 0 # Invalidates (from upper level)
   INVX: 0 # Downgrades (from upper level)
   FWD: 0 # Forwards (from upper level)
   latGETnl: 126720 # GET request latency on next level
   latGETnet: 0 # GET request latency on network to next level
  l3-0b6: # Cache stats
   hGETS: 873 # GETS hits
   hGETX: 14 # GETX hits
   mGETS: 294 # GETS misses
   mGETXIM: 1109 # GETX I->M misses
   mGETXSM: 0 # GETX S->M misses (upgrade misses)
   PUTS: 1 # Clean evictions (from lower level)
   PUTX: 1 # Dirty evictions (from lower level)
   INV: 0 # Invalidates (from upper level)
   INVX: 0 # Downgrades (from upper level)
   FWD: 0 # Forwards (from upper level)
   latGETnl: 126270 # GET request latency on next level
   latGETnet: 0 # GET request latency on network to next level
  l3-0b7: # Cache stats
   hGETS: 889 # GETS hits
   hGETX: 10 # GETX hits
   mGETS: 298 # GETS misses
   mGETXIM: 1112 # GETX I->M misses
   mGETXSM: 0 # GETX S->M misses (upgrade misses)
   PUTS: 1 # Clean evictions (from lower level)
   PUTX: 0 # Dirty evictions (from lower level)
   INV: 0 # Invalidates (from upper level)
   INVX: 0 # Downgrades (from upper level)
   FWD: 0 # Forwards (from upper level)
   latGETnl: 126900 # GET request latency on next level
   latGETnet: 0 # GET request latency on network to next level
 mem: # Memory controller stats
  mem-0: # Memory controller stats
   rd: 2845 # Read requests
   wr: 0 # Write requests
   rdlat: 566055 # Total latency experienced by read requests
   wrlat: 0 # Total latency experienced by write requests
   rdhits: 290 # Read row hits
   wrhits: 0 # Write row hits
   mlh: # latency histogram for memory requests
    0: 0
    1: 0
    2: 0
    3: 0
    4: 0
    5: 0
    6: 0
    7: 0
    8: 0
    9: 0
    10: 0
    11: 5
    12: 20
    13: 1651
    14: 236
    15: 87
    16: 75
    17: 45
    18: 50
    19: 47
    20: 39
    21: 41
    22: 30
    23: 23
    24: 21
    25: 30
    26: 28
    27: 24
    28: 20
    29: 15
    30: 10
    31: 19
    32: 8
    33: 8
    34: 4
    35: 8
    36: 9
    37: 10
    38: 5
    39: 5
    40: 2
    41: 7
    42: 2
    43: 9
    44: 6
    45: 7
    46: 5
    47: 3
    48: 7
    49: 8
    50: 5
    51: 8
    52: 8
    53: 5
    54: 10
    55: 5
    56: 6
    57: 9
    58: 12
    59: 19
    60: 8
    61: 8
    62: 7
    63: 4
    64: 9
    65: 8
    66: 8
    67: 6
    68: 6
    69: 5
    70: 4
    71: 10
    72: 11
    73: 5
    74: 1
    75: 3
    76: 3
    77: 4
    78: 0
    79: 4
    80: 2
    81: 0
    82: 5
    83: 2
    84: 1
    85: 1
    86: 2
    87: 1
    88: 0
    89: 0
    90: 0
    91: 0
    92: 0
    93: 1
    94: 0
    95: 0
    96: 0
    97: 0
    98: 0
    99: 0
  mem-1: # Memory controller stats
   rd: 2787 # Read requests
   wr: 0 # Write requests
   rdlat: 518371 # Total latency experienced by read requests
   wrlat: 0 # Total latency experienced by write requests
   rdhits: 284 # Read row hits
   wrhits: 0 # Write row hits
   mlh: # latency histogram for memory requests
    0: 0
    1: 0
    2: 0
    3: 0
    4: 0
    5: 0
    6: 0
    7: 0
    8: 0
    9: 0
    10: 0
    11: 6
    12: 22
    13: 1658
    14: 249
    15: 72
    16: 56
    17: 47
    18: 42
    19: 52
    20: 49
    21: 40
    22: 33
    23: 35
    24: 30
    25: 33
    26: 17
    27: 18
    28: 12
    29: 11
    30: 13
    31: 16
    32: 11
    33: 10
    34: 11
    35: 8
    36: 4
    37: 4
    38: 7
    39: 8
    40: 3
    41: 8
    42: 10
    43: 5
    44: 6
    45: 10
    46: 1
    47: 6
    48: 9
    49: 7
    50: 11
    51: 8
    52: 6
    53: 8
    54: 10
    55: 10
    56: 6
    57: 11
    58: 10
    59: 9
    60: 10
    61: 11
    62: 3
    63: 4
    64: 7
    65: 6
    66: 4
    67: 0
    68: 1
    69: 1
    70: 2
    71: 1
    72: 1
    73: 2
    74: 1
    75: 0
    76: 1
    77: 1
    78: 1
    79: 0
    80: 1
    81: 0
    82: 1
    83: 0
    84: 0
    85: 0
    86: 0
    87: 0
    88: 0
    89: 0
    90: 0
    91: 0
    92: 0
    93: 0
    94: 0
    95: 0
    96: 0
    97: 0
    98: 0
    99: 0
  mem-2: # Memory controller stats
   rd: 2795 # Read requests
   wr: 0 # Write requests
   rdlat: 548222 # Total latency experienced by read requests
   wrlat: 0 # Total latency experienced by write requests
   rdhits: 312 # Read row hits
   wrhits: 0 # Write row hits
   mlh: # latency histogram for memory requests
    0: 0
    1: 0
    2: 0
    3: 0
    4: 0
    5: 0
    6: 0
    7: 0
    8: 0
    9: 0
    10: 0
    11: 11
    12: 17
    13: 1626
    14: 215
    15: 97
    16: 86
    17: 48
    18: 44
    19: 48
    20: 42
    21: 27
    22: 35
    23: 24
    24: 28
    25: 30
    26: 21
    27: 22
    28: 21
    29: 18
    30: 9
    31: 9
    32: 12
    33: 6
    34: 10
    35: 11
    36: 8
    37: 10
    38: 5
    39: 1
    40: 5
    41: 4
    42: 3
    43: 4
    44: 6
    45: 2
    46: 7
    47: 9
    48: 8
    49: 5
    50: 8
    51: 9
    52: 8
    53: 6
    54: 8
    55: 10
    56: 6
    57: 7
    58: 8
    59: 7
    60: 3
    61: 15
    62: 7
    63: 3
    64: 6
    65: 6
    66: 13
    67: 8
    68: 8
    69: 5
    70: 14
    71: 9
    72: 1
    73: 6
    74: 1
    75: 4
    76: 2
    77: 4
    78: 1
    79: 2
    80: 1
    81: 3
    82: 1
    83: 0
    84: 0
    85: 0
    86: 0
    87: 0
    88: 0
    89: 0
    90: 0
    91: 0
    92: 0
    93: 1
    94: 0
    95: 0
    96: 0
    97: 0
    98: 0
    99: 0
  mem-3: # Memory controller stats
   rd: 2784 # Read requests
   wr: 0 # Write requests
   rdlat: 492895 # Total latency experienced by read requests
   wrlat: 0 # Total latency experienced by write requests
   rdhits: 281 # Read row hits
   wrhits: 0 # Write row hits
   mlh: # latency histogram for memory requests
    0: 0
    1: 0
    2: 0
    3: 0
    4: 0
    5: 0
    6: 0
    7: 0
    8: 0
    9: 0
    10: 0
    11: 10
    12: 21
    13: 1710
    14: 239
    15: 82
    16: 75
    17: 41
    18: 30
    19: 30
    20: 39
    21: 29
    22: 35
    23: 37
    24: 27
    25: 31
    26: 23
    27: 16
    28: 14
    29: 17
    30: 13
    31: 16
    32: 12
    33: 4
    34: 11
    35: 10
    36: 8
    37: 8
    38: 7
    39: 11
    40: 10
    41: 8
    42: 14
    43: 14
    44: 15
    45: 14
    46: 15
    47: 12
    48: 10
    49: 11
    50: 7
    51: 4
    52: 4
    53: 6
    54: 7
    55: 5
    56: 5
    57: 0
    58: 2
    59: 2
    60: 3
    61: 1
    62: 0
    63: 0
    64: 0
    65: 2
    66: 0
    67: 3
    68: 0
    69: 1
    70: 0
    71: 0
    72: 0
    73: 0
    74: 0
    75: 1
    76: 0
    77: 0
    78: 0
    79: 0
    80: 1
    81: 0
    82: 1
    83: 0
    84: 0
    85: 0
    86: 0
    87: 0
    88: 0
    89: 0
    90: 0
    91: 0
    92: 0
    93: 0
    94: 0
    95: 0
    96: 0
    97: 0
    98: 0
    99: 0
 sched: # Scheduler stats
  thCr: 9 # Threads created
  thFn: 0 # Threads finished
  schedEvs: 9 # Schedule events
  waitEvs: 1 # Wait events
  handoffEvs: 0 # Handoff events
  sleepEvs: 0 # Sleep events
  idlePhases: 0 # Phases with no thread active
  idlePeriods: 0 # Periods with no thread active
  occHist: # Occupancy histogram
   0: 0
   1: 0
   2: 1
   3: 0
   4: 0
   5: 0
   6: 0
   7: 0
   8: 39288
  rqSzHist: # Run queue size histogram
   0: 39288
   1: 1
   2: 0
   3: 0
   4: 0
   5: 0
   6: 0
   7: 0
   8: 0
   9: 0
   10: 0
   11: 0
   12: 0
   13: 0
   14: 0
   15: 0
   16: 0
 procCycles: # Per-process unhalted core cycles
  0: 3143060096
  1: 0
  2: 0
  3: 0
  4: 0
  5: 0
  6: 0
  7: 0
  8: 0
  9: 0
  10: 0
  11: 0
  12: 0
  13: 0
  14: 0
  15: 0
  16: 0
  17: 0
  18: 0
  19: 0
  20: 0
  21: 0
  22: 0
  23: 0
  24: 0
  25: 0
  26: 0
  27: 0
  28: 0
  29: 0
  30: 0
  31: 0
  32: 0
  33: 0
  34: 0
  35: 0
  36: 0
  37: 0
  38: 0
  39: 0
  40: 0
  41: 0
  42: 0
  43: 0
  44: 0
  45: 0
  46: 0
  47: 0
  48: 0
  49: 0
  50: 0
  51: 0
  52: 0
  53: 0
  54: 0
  55: 0
  56: 0
  57: 0
  58: 0
  59: 0
  60: 0
  61: 0
  62: 0
  63: 0
 procInstrs: # Per-process instructions
  0: 5000043784
  1: 0
  2: 0
  3: 0
  4: 0
  5: 0
  6: 0
  7: 0
  8: 0
  9: 0
  10: 0
  11: 0
  12: 0
  13: 0
  14: 0
  15: 0
  16: 0
  17: 0
  18: 0
  19: 0
  20: 0
  21: 0
  22: 0
  23: 0
  24: 0
  25: 0
  26: 0
  27: 0
  28: 0
  29: 0
  30: 0
  31: 0
  32: 0
  33: 0
  34: 0
  35: 0
  36: 0
  37: 0
  38: 0
  39: 0
  40: 0
  41: 0
  42: 0
  43: 0
  44: 0
  45: 0
  46: 0
  47: 0
  48: 0
  49: 0
  50: 0
  51: 0
  52: 0
  53: 0
  54: 0
  55: 0
  56: 0
  57: 0
  58: 0
  59: 0
  60: 0
  61: 0
  62: 0
  63: 0
 heartbeats: # Per-process heartbeats
  0: 0
  1: 0
  2: 0
  3: 0
  4: 0
  5: 0
  6: 0
  7: 0
  8: 0
  9: 0
  10: 0
  11: 0
  12: 0
  13: 0
  14: 0
  15: 0
  16: 0
  17: 0
  18: 0
  19: 0
  20: 0
  21: 0
  22: 0
  23: 0
  24: 0
  25: 0
  26: 0
  27: 0
  28: 0
  29: 0
  30: 0
  31: 0
  32: 0
  33: 0
  34: 0
  35: 0
  36: 0
  37: 0
  38: 0
  39: 0
  40: 0
  41: 0
  42: 0
  43: 0
  44: 0
  45: 0
  46: 0
  47: 0
  48: 0
  49: 0
  50: 0
  51: 0
  52: 0
  53: 0
  54: 0
  55: 0
  56: 0
  57: 0
  58: 0
  59: 0
  60: 0
  61: 0
  62: 0
  63: 0
===
