# zsim stats
===
root: # Stats
 contention: # Contention simulation stats
  domain-0: # Domain stats
   time: 32657189904 # Weave simulation time
 time: # Simulator time breakdown
  init: 95604629723
  bound: 230639500428
  weave: 42906865341
  ff: 5872106890
 trigger: 20000 # Reason for this stats dump
 phase: 61869 # Simulated phases
 westmere: # Core stats
  westmere-0: # Core stats
   cycles: 609995067 # Simulated unhalted cycles
   cCycles: 116721834 # Cycles due to contention stalls
   instrs: 215324263 # Simulated instructions
   uops: 272224364 # Retired micro-ops
   bbls: 21788180 # Basic blocks
   approxInstrs: 15796801 # Instrs with approx uop decoding
   mispredBranches: 799248 # Mispredicted branches
   condBranches: 13969428 # conditional branches
  westmere-1: # Core stats
   cycles: 609095181 # Simulated unhalted cycles
   cCycles: 116526361 # Cycles due to contention stalls
   instrs: 215167748 # Simulated instructions
   uops: 271993668 # Retired micro-ops
   bbls: 21784908 # Basic blocks
   approxInstrs: 15773208 # Instrs with approx uop decoding
   mispredBranches: 796966 # Mispredicted branches
   condBranches: 13966699 # conditional branches
  westmere-2: # Core stats
   cycles: 609329221 # Simulated unhalted cycles
   cCycles: 116618292 # Cycles due to contention stalls
   instrs: 215069935 # Simulated instructions
   uops: 271903539 # Retired micro-ops
   bbls: 21771885 # Basic blocks
   approxInstrs: 15773578 # Instrs with approx uop decoding
   mispredBranches: 798677 # Mispredicted branches
   condBranches: 13957619 # conditional branches
  westmere-3: # Core stats
   cycles: 609980765 # Simulated unhalted cycles
   cCycles: 116747675 # Cycles due to contention stalls
   instrs: 215244357 # Simulated instructions
   uops: 272123052 # Retired micro-ops
   bbls: 21783906 # Basic blocks
   approxInstrs: 15792949 # Instrs with approx uop decoding
   mispredBranches: 798775 # Mispredicted branches
   condBranches: 13966566 # conditional branches
  westmere-4: # Core stats
   cycles: 609373039 # Simulated unhalted cycles
   cCycles: 116592052 # Cycles due to contention stalls
   instrs: 215137422 # Simulated instructions
   uops: 271992930 # Retired micro-ops
   bbls: 21773775 # Basic blocks
   approxInstrs: 15782615 # Instrs with approx uop decoding
   mispredBranches: 799210 # Mispredicted branches
   condBranches: 13958323 # conditional branches
  westmere-5: # Core stats
   cycles: 610409577 # Simulated unhalted cycles
   cCycles: 116766853 # Cycles due to contention stalls
   instrs: 215492561 # Simulated instructions
   uops: 272438860 # Retired micro-ops
   bbls: 21803902 # Basic blocks
   approxInstrs: 15815122 # Instrs with approx uop decoding
   mispredBranches: 800181 # Mispredicted branches
   condBranches: 13980084 # conditional branches
  westmere-6: # Core stats
   cycles: 609946740 # Simulated unhalted cycles
   cCycles: 116712803 # Cycles due to contention stalls
   instrs: 215332816 # Simulated instructions
   uops: 272243444 # Retired micro-ops
   bbls: 21785485 # Basic blocks
   approxInstrs: 15802734 # Instrs with approx uop decoding
   mispredBranches: 798494 # Mispredicted branches
   condBranches: 13967235 # conditional branches
  westmere-7: # Core stats
   cycles: 609127243 # Simulated unhalted cycles
   cCycles: 116562804 # Cycles due to contention stalls
   instrs: 215140328 # Simulated instructions
   uops: 271982598 # Retired micro-ops
   bbls: 21780097 # Basic blocks
   approxInstrs: 15776810 # Instrs with approx uop decoding
   mispredBranches: 799571 # Mispredicted branches
   condBranches: 13962305 # conditional branches
 l1i: # Cache stats
  l1i-0: # Filter cache stats
   fhGETS: 30451749 # Filtered GETS hits
   fhGETX: 0 # Filtered GETX hits
   hGETS: 526575 # GETS hits
   hGETX: 0 # GETX hits
   mGETS: 527 # GETS misses
   mGETXIM: 0 # GETX I->M misses
   mGETXSM: 0 # GETX S->M misses (upgrade misses)
   PUTS: 0 # Clean evictions (from lower level)
   PUTX: 0 # Dirty evictions (from lower level)
   INV: 34 # Invalidates (from upper level)
   INVX: 0 # Downgrades (from upper level)
   FWD: 0 # Forwards (from upper level)
   latGETnl: 39806 # GET request latency on next level
   latGETnet: 0 # GET request latency on network to next level
  l1i-1: # Filter cache stats
   fhGETS: 30433271 # Filtered GETS hits
   fhGETX: 0 # Filtered GETX hits
   hGETS: 526288 # GETS hits
   hGETX: 0 # GETX hits
   mGETS: 468 # GETS misses
   mGETXIM: 0 # GETX I->M misses
   mGETXSM: 0 # GETX S->M misses (upgrade misses)
   PUTS: 0 # Clean evictions (from lower level)
   PUTX: 0 # Dirty evictions (from lower level)
   INV: 29 # Invalidates (from upper level)
   INVX: 0 # Downgrades (from upper level)
   FWD: 0 # Forwards (from upper level)
   latGETnl: 33732 # GET request latency on next level
   latGETnet: 0 # GET request latency on network to next level
  l1i-2: # Filter cache stats
   fhGETS: 30425675 # Filtered GETS hits
   fhGETX: 0 # Filtered GETX hits
   hGETS: 526071 # GETS hits
   hGETX: 0 # GETX hits
   mGETS: 475 # GETS misses
   mGETXIM: 0 # GETX I->M misses
   mGETXSM: 0 # GETX S->M misses (upgrade misses)
   PUTS: 0 # Clean evictions (from lower level)
   PUTX: 0 # Dirty evictions (from lower level)
   INV: 33 # Invalidates (from upper level)
   INVX: 0 # Downgrades (from upper level)
   FWD: 0 # Forwards (from upper level)
   latGETnl: 17230 # GET request latency on next level
   latGETnet: 0 # GET request latency on network to next level
  l1i-3: # Filter cache stats
   fhGETS: 30442313 # Filtered GETS hits
   fhGETX: 0 # Filtered GETX hits
   hGETS: 526153 # GETS hits
   hGETX: 0 # GETX hits
   mGETS: 472 # GETS misses
   mGETXIM: 0 # GETX I->M misses
   mGETXSM: 0 # GETX S->M misses (upgrade misses)
   PUTS: 0 # Clean evictions (from lower level)
   PUTX: 0 # Dirty evictions (from lower level)
   INV: 33 # Invalidates (from upper level)
   INVX: 0 # Downgrades (from upper level)
   FWD: 0 # Forwards (from upper level)
   latGETnl: 28918 # GET request latency on next level
   latGETnet: 0 # GET request latency on network to next level
  l1i-4: # Filter cache stats
   fhGETS: 30432183 # Filtered GETS hits
   fhGETX: 0 # Filtered GETX hits
   hGETS: 525588 # GETS hits
   hGETX: 0 # GETX hits
   mGETS: 311 # GETS misses
   mGETXIM: 0 # GETX I->M misses
   mGETXSM: 0 # GETX S->M misses (upgrade misses)
   PUTS: 0 # Clean evictions (from lower level)
   PUTX: 0 # Dirty evictions (from lower level)
   INV: 18 # Invalidates (from upper level)
   INVX: 0 # Downgrades (from upper level)
   FWD: 0 # Forwards (from upper level)
   latGETnl: 14264 # GET request latency on next level
   latGETnet: 0 # GET request latency on network to next level
  l1i-5: # Filter cache stats
   fhGETS: 30475933 # Filtered GETS hits
   fhGETX: 0 # Filtered GETX hits
   hGETS: 526736 # GETS hits
   hGETX: 0 # GETX hits
   mGETS: 458 # GETS misses
   mGETXIM: 0 # GETX I->M misses
   mGETXSM: 0 # GETX S->M misses (upgrade misses)
   PUTS: 0 # Clean evictions (from lower level)
   PUTX: 0 # Dirty evictions (from lower level)
   INV: 21 # Invalidates (from upper level)
   INVX: 0 # Downgrades (from upper level)
   FWD: 0 # Forwards (from upper level)
   latGETnl: 18272 # GET request latency on next level
   latGETnet: 0 # GET request latency on network to next level
  l1i-6: # Filter cache stats
   fhGETS: 30444292 # Filtered GETS hits
   fhGETX: 0 # Filtered GETX hits
   hGETS: 526402 # GETS hits
   hGETX: 0 # GETX hits
   mGETS: 330 # GETS misses
   mGETXIM: 0 # GETX I->M misses
   mGETXSM: 0 # GETX S->M misses (upgrade misses)
   PUTS: 0 # Clean evictions (from lower level)
   PUTX: 0 # Dirty evictions (from lower level)
   INV: 28 # Invalidates (from upper level)
   INVX: 0 # Downgrades (from upper level)
   FWD: 0 # Forwards (from upper level)
   latGETnl: 12300 # GET request latency on next level
   latGETnet: 0 # GET request latency on network to next level
  l1i-7: # Filter cache stats
   fhGETS: 30438855 # Filtered GETS hits
   fhGETX: 0 # Filtered GETX hits
   hGETS: 526985 # GETS hits
   hGETX: 0 # GETX hits
   mGETS: 465 # GETS misses
   mGETXIM: 0 # GETX I->M misses
   mGETXSM: 0 # GETX S->M misses (upgrade misses)
   PUTS: 0 # Clean evictions (from lower level)
   PUTX: 0 # Dirty evictions (from lower level)
   INV: 23 # Invalidates (from upper level)
   INVX: 0 # Downgrades (from upper level)
   FWD: 0 # Forwards (from upper level)
   latGETnl: 15990 # GET request latency on next level
   latGETnet: 0 # GET request latency on network to next level
 l1d: # Cache stats
  l1d-0: # Filter cache stats
   fhGETS: 45698280 # Filtered GETS hits
   fhGETX: 10347537 # Filtered GETX hits
   hGETS: 6204900 # GETS hits
   hGETX: 4114473 # GETX hits
   mGETS: 4692667 # GETS misses
   mGETXIM: 248 # GETX I->M misses
   mGETXSM: 56546 # GETX S->M misses (upgrade misses)
   PUTS: 0 # Clean evictions (from lower level)
   PUTX: 0 # Dirty evictions (from lower level)
   INV: 8655 # Invalidates (from upper level)
   INVX: 46108 # Downgrades (from upper level)
   FWD: 0 # Forwards (from upper level)
   latGETnl: 390367318 # GET request latency on next level
   latGETnet: 0 # GET request latency on network to next level
  l1d-1: # Filter cache stats
   fhGETS: 45653142 # Filtered GETS hits
   fhGETX: 10351114 # Filtered GETX hits
   hGETS: 6200013 # GETS hits
   hGETX: 4109859 # GETX hits
   mGETS: 4685904 # GETS misses
   mGETXIM: 195 # GETX I->M misses
   mGETXSM: 56591 # GETX S->M misses (upgrade misses)
   PUTS: 0 # Clean evictions (from lower level)
   PUTX: 0 # Dirty evictions (from lower level)
   INV: 8370 # Invalidates (from upper level)
   INVX: 45711 # Downgrades (from upper level)
   FWD: 0 # Forwards (from upper level)
   latGETnl: 389870081 # GET request latency on next level
   latGETnet: 0 # GET request latency on network to next level
  l1d-2: # Filter cache stats
   fhGETS: 45657406 # Filtered GETS hits
   fhGETX: 10343502 # Filtered GETX hits
   hGETS: 6183742 # GETS hits
   hGETX: 4110046 # GETX hits
   mGETS: 4685433 # GETS misses
   mGETXIM: 155 # GETX I->M misses
   mGETXSM: 56030 # GETX S->M misses (upgrade misses)
   PUTS: 0 # Clean evictions (from lower level)
   PUTX: 0 # Dirty evictions (from lower level)
   INV: 8472 # Invalidates (from upper level)
   INVX: 45745 # Downgrades (from upper level)
   FWD: 0 # Forwards (from upper level)
   latGETnl: 389920418 # GET request latency on next level
   latGETnet: 0 # GET request latency on network to next level
  l1d-3: # Filter cache stats
   fhGETS: 45673036 # Filtered GETS hits
   fhGETX: 10340519 # Filtered GETX hits
   hGETS: 6214461 # GETS hits
   hGETX: 4114626 # GETX hits
   mGETS: 4692387 # GETS misses
   mGETXIM: 197 # GETX I->M misses
   mGETXSM: 56371 # GETX S->M misses (upgrade misses)
   PUTS: 0 # Clean evictions (from lower level)
   PUTX: 0 # Dirty evictions (from lower level)
   INV: 8580 # Invalidates (from upper level)
   INVX: 45679 # Downgrades (from upper level)
   FWD: 0 # Forwards (from upper level)
   latGETnl: 390573110 # GET request latency on next level
   latGETnet: 0 # GET request latency on network to next level
  l1d-4: # Filter cache stats
   fhGETS: 45661110 # Filtered GETS hits
   fhGETX: 10342695 # Filtered GETX hits
   hGETS: 6199536 # GETS hits
   hGETX: 4110874 # GETX hits
   mGETS: 4689265 # GETS misses
   mGETXIM: 117 # GETX I->M misses
   mGETXSM: 56377 # GETX S->M misses (upgrade misses)
   PUTS: 0 # Clean evictions (from lower level)
   PUTX: 0 # Dirty evictions (from lower level)
   INV: 8549 # Invalidates (from upper level)
   INVX: 45801 # Downgrades (from upper level)
   FWD: 0 # Forwards (from upper level)
   latGETnl: 389953975 # GET request latency on next level
   latGETnet: 0 # GET request latency on network to next level
  l1d-5: # Filter cache stats
   fhGETS: 45742279 # Filtered GETS hits
   fhGETX: 10346629 # Filtered GETX hits
   hGETS: 6205304 # GETS hits
   hGETX: 4118883 # GETX hits
   mGETS: 4697763 # GETS misses
   mGETXIM: 148 # GETX I->M misses
   mGETXSM: 56708 # GETX S->M misses (upgrade misses)
   PUTS: 0 # Clean evictions (from lower level)
   PUTX: 0 # Dirty evictions (from lower level)
   INV: 8403 # Invalidates (from upper level)
   INVX: 45744 # Downgrades (from upper level)
   FWD: 0 # Forwards (from upper level)
   latGETnl: 390776021 # GET request latency on next level
   latGETnet: 0 # GET request latency on network to next level
  l1d-6: # Filter cache stats
   fhGETS: 45722587 # Filtered GETS hits
   fhGETX: 10343461 # Filtered GETX hits
   hGETS: 6189545 # GETS hits
   hGETX: 4113981 # GETX hits
   mGETS: 4694189 # GETS misses
   mGETXIM: 114 # GETX I->M misses
   mGETXSM: 56820 # GETX S->M misses (upgrade misses)
   PUTS: 0 # Clean evictions (from lower level)
   PUTX: 0 # Dirty evictions (from lower level)
   INV: 8472 # Invalidates (from upper level)
   INVX: 45914 # Downgrades (from upper level)
   FWD: 0 # Forwards (from upper level)
   latGETnl: 390346759 # GET request latency on next level
   latGETnet: 0 # GET request latency on network to next level
  l1d-7: # Filter cache stats
   fhGETS: 45658595 # Filtered GETS hits
   fhGETX: 10346497 # Filtered GETX hits
   hGETS: 6196016 # GETS hits
   hGETX: 4111181 # GETX hits
   mGETS: 4686659 # GETS misses
   mGETXIM: 160 # GETX I->M misses
   mGETXSM: 56741 # GETX S->M misses (upgrade misses)
   PUTS: 0 # Clean evictions (from lower level)
   PUTX: 0 # Dirty evictions (from lower level)
   INV: 8453 # Invalidates (from upper level)
   INVX: 45822 # Downgrades (from upper level)
   FWD: 0 # Forwards (from upper level)
   latGETnl: 389833006 # GET request latency on next level
   latGETnet: 0 # GET request latency on network to next level
 l2: # Cache stats
  l2-0: # Cache stats
   hGETS: 192774 # GETS hits
   hGETX: 50 # GETX hits
   mGETS: 4500420 # GETS misses
   mGETXIM: 199 # GETX I->M misses
   mGETXSM: 56545 # GETX S->M misses (upgrade misses)
   PUTS: 2661540 # Clean evictions (from lower level)
   PUTX: 2022271 # Dirty evictions (from lower level)
   INV: 57280 # Invalidates (from upper level)
   INVX: 321442 # Downgrades (from upper level)
   FWD: 0 # Forwards (from upper level)
   latGETnl: 342907244 # GET request latency on next level
   latGETnet: 0 # GET request latency on network to next level
  l2-1: # Cache stats
   hGETS: 192489 # GETS hits
   hGETX: 54 # GETX hits
   mGETS: 4493883 # GETS misses
   mGETXIM: 141 # GETX I->M misses
   mGETXSM: 56591 # GETX S->M misses (upgrade misses)
   PUTS: 2657646 # Clean evictions (from lower level)
   PUTX: 2019609 # Dirty evictions (from lower level)
   INV: 56591 # Invalidates (from upper level)
   INVX: 317825 # Downgrades (from upper level)
   FWD: 0 # Forwards (from upper level)
   latGETnl: 342472233 # GET request latency on next level
   latGETnet: 0 # GET request latency on network to next level
  l2-2: # Cache stats
   hGETS: 191799 # GETS hits
   hGETX: 40 # GETX hits
   mGETS: 4494109 # GETS misses
   mGETXIM: 115 # GETX I->M misses
   mGETXSM: 56030 # GETX S->M misses (upgrade misses)
   PUTS: 2657232 # Clean evictions (from lower level)
   PUTX: 2019411 # Dirty evictions (from lower level)
   INV: 56118 # Invalidates (from upper level)
   INVX: 316235 # Downgrades (from upper level)
   FWD: 0 # Forwards (from upper level)
   latGETnl: 342516718 # GET request latency on next level
   latGETnet: 0 # GET request latency on network to next level
  l2-3: # Cache stats
   hGETS: 191658 # GETS hits
   hGETX: 56 # GETX hits
   mGETS: 4501201 # GETS misses
   mGETXIM: 141 # GETX I->M misses
   mGETXSM: 56371 # GETX S->M misses (upgrade misses)
   PUTS: 2661703 # Clean evictions (from lower level)
   PUTX: 2021830 # Dirty evictions (from lower level)
   INV: 56428 # Invalidates (from upper level)
   INVX: 317682 # Downgrades (from upper level)
   FWD: 0 # Forwards (from upper level)
   latGETnl: 343107758 # GET request latency on next level
   latGETnet: 0 # GET request latency on network to next level
  l2-4: # Cache stats
   hGETS: 197133 # GETS hits
   hGETX: 54 # GETX hits
   mGETS: 4492443 # GETS misses
   mGETXIM: 63 # GETX I->M misses
   mGETXSM: 56377 # GETX S->M misses (upgrade misses)
   PUTS: 2659844 # Clean evictions (from lower level)
   PUTX: 2020493 # Dirty evictions (from lower level)
   INV: 58350 # Invalidates (from upper level)
   INVX: 327379 # Downgrades (from upper level)
   FWD: 0 # Forwards (from upper level)
   latGETnl: 342507539 # GET request latency on next level
   latGETnet: 0 # GET request latency on network to next level
  l2-5: # Cache stats
   hGETS: 192742 # GETS hits
   hGETX: 45 # GETX hits
   mGETS: 4505479 # GETS misses
   mGETXIM: 105 # GETX I->M misses
   mGETXSM: 56706 # GETX S->M misses (upgrade misses)
   PUTS: 2664285 # Clean evictions (from lower level)
   PUTX: 2024748 # Dirty evictions (from lower level)
   INV: 56674 # Invalidates (from upper level)
   INVX: 319811 # Downgrades (from upper level)
   FWD: 0 # Forwards (from upper level)
   latGETnl: 343243523 # GET request latency on next level
   latGETnet: 0 # GET request latency on network to next level
  l2-6: # Cache stats
   hGETS: 197934 # GETS hits
   hGETX: 51 # GETX hits
   mGETS: 4496585 # GETS misses
   mGETXIM: 63 # GETX I->M misses
   mGETXSM: 56820 # GETX S->M misses (upgrade misses)
   PUTS: 2662319 # Clean evictions (from lower level)
   PUTX: 2023021 # Dirty evictions (from lower level)
   INV: 58042 # Invalidates (from upper level)
   INVX: 326694 # Downgrades (from upper level)
   FWD: 0 # Forwards (from upper level)
   latGETnl: 342844529 # GET request latency on next level
   latGETnet: 0 # GET request latency on network to next level
  l2-7: # Cache stats
   hGETS: 192756 # GETS hits
   hGETX: 60 # GETX hits
   mGETS: 4494368 # GETS misses
   mGETXIM: 102 # GETX I->M misses
   mGETXSM: 56739 # GETX S->M misses (upgrade misses)
   PUTS: 2657958 # Clean evictions (from lower level)
   PUTX: 2019937 # Dirty evictions (from lower level)
   INV: 57015 # Invalidates (from upper level)
   INVX: 318930 # Downgrades (from upper level)
   FWD: 0 # Forwards (from upper level)
   latGETnl: 342408746 # GET request latency on next level
   latGETnet: 0 # GET request latency on network to next level
 l3: # Cache stats
  l3-0b0: # Cache stats
   hGETS: 1942887 # GETS hits
   hGETX: 56847 # GETX hits
   mGETS: 2555343 # GETS misses
   mGETXIM: 98 # GETX I->M misses
   mGETXSM: 0 # GETX S->M misses (upgrade misses)
   PUTS: 2519476 # Clean evictions (from lower level)
   PUTX: 1918020 # Dirty evictions (from lower level)
   INV: 0 # Invalidates (from upper level)
   INVX: 0 # Downgrades (from upper level)
   FWD: 0 # Forwards (from upper level)
   latGETnl: 229989690 # GET request latency on next level
   latGETnet: 0 # GET request latency on network to next level
  l3-0b1: # Cache stats
   hGETS: 1955975 # GETS hits
   hGETX: 56395 # GETX hits
   mGETS: 2551931 # GETS misses
   mGETXIM: 85 # GETX I->M misses
   mGETXSM: 0 # GETX S->M misses (upgrade misses)
   PUTS: 2529449 # Clean evictions (from lower level)
   PUTX: 1917991 # Dirty evictions (from lower level)
   INV: 0 # Invalidates (from upper level)
   INVX: 0 # Downgrades (from upper level)
   FWD: 0 # Forwards (from upper level)
   latGETnl: 229681440 # GET request latency on next level
   latGETnet: 0 # GET request latency on network to next level
  l3-0b2: # Cache stats
   hGETS: 1944248 # GETS hits
   hGETX: 55877 # GETX hits
   mGETS: 2552819 # GETS misses
   mGETXIM: 96 # GETX I->M misses
   mGETXSM: 0 # GETX S->M misses (upgrade misses)
   PUTS: 2520954 # Clean evictions (from lower level)
   PUTX: 1916238 # Dirty evictions (from lower level)
   INV: 0 # Invalidates (from upper level)
   INVX: 0 # Downgrades (from upper level)
   FWD: 0 # Forwards (from upper level)
   latGETnl: 229762350 # GET request latency on next level
   latGETnet: 0 # GET request latency on network to next level
  l3-0b3: # Cache stats
   hGETS: 1949059 # GETS hits
   hGETX: 56174 # GETX hits
   mGETS: 2549492 # GETS misses
   mGETXIM: 112 # GETX I->M misses
   mGETXSM: 0 # GETX S->M misses (upgrade misses)
   PUTS: 2524788 # Clean evictions (from lower level)
   PUTX: 1913711 # Dirty evictions (from lower level)
   INV: 0 # Invalidates (from upper level)
   INVX: 0 # Downgrades (from upper level)
   FWD: 0 # Forwards (from upper level)
   latGETnl: 229464360 # GET request latency on next level
   latGETnet: 0 # GET request latency on network to next level
  l3-0b4: # Cache stats
   hGETS: 1949363 # GETS hits
   hGETX: 57247 # GETX hits
   mGETS: 2549613 # GETS misses
   mGETXIM: 108 # GETX I->M misses
   mGETXSM: 0 # GETX S->M misses (upgrade misses)
   PUTS: 2518232 # Clean evictions (from lower level)
   PUTX: 1915643 # Dirty evictions (from lower level)
   INV: 0 # Invalidates (from upper level)
   INVX: 0 # Downgrades (from upper level)
   FWD: 0 # Forwards (from upper level)
   latGETnl: 229474890 # GET request latency on next level
   latGETnet: 0 # GET request latency on network to next level
  l3-0b5: # Cache stats
   hGETS: 1945854 # GETS hits
   hGETX: 58055 # GETX hits
   mGETS: 2553301 # GETS misses
   mGETXIM: 92 # GETX I->M misses
   mGETXSM: 0 # GETX S->M misses (upgrade misses)
   PUTS: 2527155 # Clean evictions (from lower level)
   PUTX: 1909878 # Dirty evictions (from lower level)
   INV: 0 # Invalidates (from upper level)
   INVX: 0 # Downgrades (from upper level)
   FWD: 0 # Forwards (from upper level)
   latGETnl: 229805370 # GET request latency on next level
   latGETnet: 0 # GET request latency on network to next level
  l3-0b6: # Cache stats
   hGETS: 1931924 # GETS hits
   hGETX: 55551 # GETX hits
   mGETS: 2550149 # GETS misses
   mGETXIM: 99 # GETX I->M misses
   mGETXSM: 0 # GETX S->M misses (upgrade misses)
   PUTS: 2516139 # Clean evictions (from lower level)
   PUTX: 1906321 # Dirty evictions (from lower level)
   INV: 0 # Invalidates (from upper level)
   INVX: 0 # Downgrades (from upper level)
   FWD: 0 # Forwards (from upper level)
   latGETnl: 229522320 # GET request latency on next level
   latGETnet: 0 # GET request latency on network to next level
  l3-0b7: # Cache stats
   hGETS: 1948443 # GETS hits
   hGETX: 56161 # GETX hits
   mGETS: 2548087 # GETS misses
   mGETXIM: 111 # GETX I->M misses
   mGETXSM: 0 # GETX S->M misses (upgrade misses)
   PUTS: 2521917 # Clean evictions (from lower level)
   PUTX: 1914379 # Dirty evictions (from lower level)
   INV: 0 # Invalidates (from upper level)
   INVX: 0 # Downgrades (from upper level)
   FWD: 0 # Forwards (from upper level)
   latGETnl: 229337820 # GET request latency on next level
   latGETnet: 0 # GET request latency on network to next level
 mem: # Memory controller stats
  mem-0: # Memory controller stats
   rd: 5104777 # Read requests
   wr: 3300442 # Write requests
   rdlat: 717176708 # Total latency experienced by read requests
   wrlat: 540386059 # Total latency experienced by write requests
   rdhits: 7572 # Read row hits
   wrhits: 9500 # Write row hits
   mlh: # latency histogram for memory requests
    0: 0
    1: 0
    2: 0
    3: 0
    4: 0
    5: 0
    6: 0
    7: 0
    8: 0
    9: 1
    10: 1
    11: 1389
    12: 1501
    13: 3977471
    14: 449614
    15: 291314
    16: 148741
    17: 27623
    18: 20670
    19: 20650
    20: 20081
    21: 19981
    22: 17302
    23: 19311
    24: 20249
    25: 9497
    26: 1981
    27: 1905
    28: 2236
    29: 2297
    30: 2744
    31: 2666
    32: 3014
    33: 3118
    34: 3044
    35: 3201
    36: 3445
    37: 3343
    38: 3100
    39: 3233
    40: 3168
    41: 3327
    42: 3339
    43: 2555
    44: 1851
    45: 1720
    46: 1434
    47: 1300
    48: 661
    49: 167
    50: 136
    51: 102
    52: 76
    53: 68
    54: 55
    55: 36
    56: 21
    57: 9
    58: 9
    59: 9
    60: 1
    61: 3
    62: 1
    63: 2
    64: 0
    65: 0
    66: 0
    67: 1
    68: 2
    69: 0
    70: 0
    71: 1
    72: 0
    73: 0
    74: 0
    75: 0
    76: 0
    77: 0
    78: 0
    79: 0
    80: 0
    81: 0
    82: 0
    83: 0
    84: 0
    85: 0
    86: 0
    87: 0
    88: 0
    89: 0
    90: 0
    91: 0
    92: 0
    93: 0
    94: 0
    95: 0
    96: 0
    97: 0
    98: 0
    99: 0
  mem-1: # Memory controller stats
   rd: 5103126 # Read requests
   wr: 3303776 # Write requests
   rdlat: 716888219 # Total latency experienced by read requests
   wrlat: 540742764 # Total latency experienced by write requests
   rdhits: 7885 # Read row hits
   wrhits: 9288 # Write row hits
   mlh: # latency histogram for memory requests
    0: 0
    1: 0
    2: 0
    3: 0
    4: 0
    5: 0
    6: 0
    7: 0
    8: 0
    9: 0
    10: 3
    11: 1417
    12: 1563
    13: 3979189
    14: 447650
    15: 291375
    16: 147355
    17: 27346
    18: 20780
    19: 20767
    20: 19851
    21: 19722
    22: 17551
    23: 19198
    24: 20400
    25: 9555
    26: 1994
    27: 1959
    28: 2320
    29: 2276
    30: 2614
    31: 2753
    32: 3086
    33: 3219
    34: 3017
    35: 3194
    36: 3276
    37: 3283
    38: 3086
    39: 3226
    40: 3077
    41: 3358
    42: 3410
    43: 2562
    44: 1879
    45: 1637
    46: 1453
    47: 1306
    48: 726
    49: 176
    50: 136
    51: 94
    52: 76
    53: 70
    54: 47
    55: 37
    56: 20
    57: 10
    58: 9
    59: 5
    60: 4
    61: 3
    62: 3
    63: 1
    64: 1
    65: 0
    66: 0
    67: 0
    68: 0
    69: 0
    70: 1
    71: 0
    72: 0
    73: 0
    74: 0
    75: 0
    76: 0
    77: 0
    78: 0
    79: 0
    80: 0
    81: 0
    82: 0
    83: 0
    84: 0
    85: 0
    86: 0
    87: 0
    88: 0
    89: 0
    90: 0
    91: 0
    92: 0
    93: 0
    94: 0
    95: 0
    96: 0
    97: 0
    98: 0
    99: 0
  mem-2: # Memory controller stats
   rd: 5105140 # Read requests
   wr: 3300749 # Write requests
   rdlat: 717131784 # Total latency experienced by read requests
   wrlat: 540340597 # Total latency experienced by write requests
   rdhits: 7612 # Read row hits
   wrhits: 9520 # Write row hits
   mlh: # latency histogram for memory requests
    0: 0
    1: 0
    2: 0
    3: 0
    4: 0
    5: 0
    6: 0
    7: 0
    8: 0
    9: 0
    10: 1
    11: 1374
    12: 1521
    13: 3979050
    14: 448905
    15: 291152
    16: 148264
    17: 27742
    18: 20770
    19: 20763
    20: 19980
    21: 19805
    22: 17452
    23: 19611
    24: 20430
    25: 9385
    26: 1966
    27: 1949
    28: 2211
    29: 2175
    30: 2675
    31: 2777
    32: 3107
    33: 3142
    34: 2919
    35: 3267
    36: 3347
    37: 3339
    38: 3181
    39: 3111
    40: 3012
    41: 3261
    42: 3425
    43: 2478
    44: 1854
    45: 1674
    46: 1394
    47: 1313
    48: 680
    49: 175
    50: 122
    51: 101
    52: 67
    53: 63
    54: 52
    55: 28
    56: 16
    57: 21
    58: 20
    59: 7
    60: 2
    61: 0
    62: 0
    63: 0
    64: 3
    65: 0
    66: 0
    67: 1
    68: 0
    69: 0
    70: 0
    71: 0
    72: 0
    73: 0
    74: 0
    75: 0
    76: 0
    77: 0
    78: 0
    79: 0
    80: 0
    81: 0
    82: 0
    83: 0
    84: 0
    85: 0
    86: 0
    87: 0
    88: 0
    89: 0
    90: 0
    91: 0
    92: 0
    93: 0
    94: 0
    95: 0
    96: 0
    97: 0
    98: 0
    99: 0
  mem-3: # Memory controller stats
   rd: 5098460 # Read requests
   wr: 3300335 # Write requests
   rdlat: 716245141 # Total latency experienced by read requests
   wrlat: 540252685 # Total latency experienced by write requests
   rdhits: 7627 # Read row hits
   wrhits: 9544 # Write row hits
   mlh: # latency histogram for memory requests
    0: 0
    1: 0
    2: 0
    3: 0
    4: 0
    5: 0
    6: 0
    7: 0
    8: 0
    9: 1
    10: 2
    11: 1372
    12: 1603
    13: 3974709
    14: 447680
    15: 290014
    16: 148110
    17: 27554
    18: 20808
    19: 20583
    20: 20011
    21: 20127
    22: 17403
    23: 19404
    24: 20319
    25: 9727
    26: 2010
    27: 1841
    28: 2247
    29: 2321
    30: 2661
    31: 2713
    32: 3040
    33: 3037
    34: 3001
    35: 3203
    36: 3392
    37: 3313
    38: 3166
    39: 3180
    40: 3038
    41: 3290
    42: 3449
    43: 2563
    44: 1853
    45: 1679
    46: 1319
    47: 1294
    48: 746
    49: 171
    50: 133
    51: 109
    52: 81
    53: 60
    54: 36
    55: 32
    56: 23
    57: 8
    58: 12
    59: 3
    60: 3
    61: 1
    62: 4
    63: 1
    64: 0
    65: 0
    66: 0
    67: 0
    68: 0
    69: 0
    70: 0
    71: 0
    72: 0
    73: 0
    74: 0
    75: 0
    76: 0
    77: 0
    78: 0
    79: 0
    80: 0
    81: 0
    82: 0
    83: 0
    84: 0
    85: 0
    86: 0
    87: 0
    88: 0
    89: 0
    90: 0
    91: 0
    92: 0
    93: 0
    94: 0
    95: 0
    96: 0
    97: 0
    98: 0
    99: 0
 sched: # Scheduler stats
  thCr: 9 # Threads created
  thFn: 9 # Threads finished
  schedEvs: 17 # Schedule events
  waitEvs: 0 # Wait events
  handoffEvs: 0 # Handoff events
  sleepEvs: 0 # Sleep events
  idlePhases: 0 # Phases with no thread active
  idlePeriods: 0 # Periods with no thread active
  occHist: # Occupancy histogram
   0: 0
   1: 3
   2: 0
   3: 0
   4: 0
   5: 0
   6: 0
   7: 1
   8: 61865
  rqSzHist: # Run queue size histogram
   0: 61869
   1: 0
   2: 0
   3: 0
   4: 0
   5: 0
   6: 0
   7: 0
   8: 0
   9: 0
   10: 0
   11: 0
   12: 0
   13: 0
   14: 0
   15: 0
   16: 0
 procCycles: # Per-process unhalted core cycles
  0: 4877250442
  1: 0
  2: 0
  3: 0
  4: 0
  5: 0
  6: 0
  7: 0
  8: 0
  9: 0
  10: 0
  11: 0
  12: 0
  13: 0
  14: 0
  15: 0
  16: 0
  17: 0
  18: 0
  19: 0
  20: 0
  21: 0
  22: 0
  23: 0
  24: 0
  25: 0
  26: 0
  27: 0
  28: 0
  29: 0
  30: 0
  31: 0
  32: 0
  33: 0
  34: 0
  35: 0
  36: 0
  37: 0
  38: 0
  39: 0
  40: 0
  41: 0
  42: 0
  43: 0
  44: 0
  45: 0
  46: 0
  47: 0
  48: 0
  49: 0
  50: 0
  51: 0
  52: 0
  53: 0
  54: 0
  55: 0
  56: 0
  57: 0
  58: 0
  59: 0
  60: 0
  61: 0
  62: 0
  63: 0
 procInstrs: # Per-process instructions
  0: 1721909430
  1: 0
  2: 0
  3: 0
  4: 0
  5: 0
  6: 0
  7: 0
  8: 0
  9: 0
  10: 0
  11: 0
  12: 0
  13: 0
  14: 0
  15: 0
  16: 0
  17: 0
  18: 0
  19: 0
  20: 0
  21: 0
  22: 0
  23: 0
  24: 0
  25: 0
  26: 0
  27: 0
  28: 0
  29: 0
  30: 0
  31: 0
  32: 0
  33: 0
  34: 0
  35: 0
  36: 0
  37: 0
  38: 0
  39: 0
  40: 0
  41: 0
  42: 0
  43: 0
  44: 0
  45: 0
  46: 0
  47: 0
  48: 0
  49: 0
  50: 0
  51: 0
  52: 0
  53: 0
  54: 0
  55: 0
  56: 0
  57: 0
  58: 0
  59: 0
  60: 0
  61: 0
  62: 0
  63: 0
 heartbeats: # Per-process heartbeats
  0: 0
  1: 0
  2: 0
  3: 0
  4: 0
  5: 0
  6: 0
  7: 0
  8: 0
  9: 0
  10: 0
  11: 0
  12: 0
  13: 0
  14: 0
  15: 0
  16: 0
  17: 0
  18: 0
  19: 0
  20: 0
  21: 0
  22: 0
  23: 0
  24: 0
  25: 0
  26: 0
  27: 0
  28: 0
  29: 0
  30: 0
  31: 0
  32: 0
  33: 0
  34: 0
  35: 0
  36: 0
  37: 0
  38: 0
  39: 0
  40: 0
  41: 0
  42: 0
  43: 0
  44: 0
  45: 0
  46: 0
  47: 0
  48: 0
  49: 0
  50: 0
  51: 0
  52: 0
  53: 0
  54: 0
  55: 0
  56: 0
  57: 0
  58: 0
  59: 0
  60: 0
  61: 0
  62: 0
  63: 0
===
