# zsim stats
===
root: # Stats
 contention: # Contention simulation stats
  domain-0: # Domain stats
   time: 9038867922 # Weave simulation time
 time: # Simulator time breakdown
  init: 4661867652
  bound: 528490380889
  weave: 17359987102
  ff: 0
 trigger: 20000 # Reason for this stats dump
 phase: 44238 # Simulated phases
 westmere: # Core stats
  westmere-0: # Core stats
   cycles: 441838751 # Simulated unhalted cycles
   cCycles: 12460917 # Cycles due to contention stalls
   instrs: 663580638 # Simulated instructions
   uops: 740565730 # Retired micro-ops
   bbls: 99018120 # Basic blocks
   approxInstrs: 213403 # Instrs with approx uop decoding
   mispredBranches: 7490119 # Mispredicted branches
   condBranches: 88808604 # conditional branches
  westmere-1: # Core stats
   cycles: 442365273 # Simulated unhalted cycles
   cCycles: 33985888 # Cycles due to contention stalls
   instrs: 596062224 # Simulated instructions
   uops: 732440359 # Retired micro-ops
   bbls: 54074999 # Basic blocks
   approxInstrs: 151432 # Instrs with approx uop decoding
   mispredBranches: 1008958 # Mispredicted branches
   condBranches: 45503383 # conditional branches
  westmere-2: # Core stats
   cycles: 442361433 # Simulated unhalted cycles
   cCycles: 17417469 # Cycles due to contention stalls
   instrs: 641756057 # Simulated instructions
   uops: 712009495 # Retired micro-ops
   bbls: 96190784 # Basic blocks
   approxInstrs: 166646 # Instrs with approx uop decoding
   mispredBranches: 5737223 # Mispredicted branches
   condBranches: 87366401 # conditional branches
  westmere-3: # Core stats
   cycles: 442361320 # Simulated unhalted cycles
   cCycles: 33614795 # Cycles due to contention stalls
   instrs: 576186048 # Simulated instructions
   uops: 699297144 # Retired micro-ops
   bbls: 56685128 # Basic blocks
   approxInstrs: 152509 # Instrs with approx uop decoding
   mispredBranches: 1131613 # Mispredicted branches
   condBranches: 48746639 # conditional branches
  westmere-4: # Core stats
   cycles: 442361498 # Simulated unhalted cycles
   cCycles: 26528040 # Cycles due to contention stalls
   instrs: 606047454 # Simulated instructions
   uops: 704301862 # Retired micro-ops
   bbls: 75134379 # Basic blocks
   approxInstrs: 186190 # Instrs with approx uop decoding
   mispredBranches: 3195911 # Mispredicted branches
   condBranches: 66864057 # conditional branches
  westmere-5: # Core stats
   cycles: 442362198 # Simulated unhalted cycles
   cCycles: 28505561 # Cycles due to contention stalls
   instrs: 600287793 # Simulated instructions
   uops: 706648247 # Retired micro-ops
   bbls: 69697925 # Basic blocks
   approxInstrs: 160263 # Instrs with approx uop decoding
   mispredBranches: 2588164 # Mispredicted branches
   condBranches: 61491663 # conditional branches
  westmere-6: # Core stats
   cycles: 442361411 # Simulated unhalted cycles
   cCycles: 9834881 # Cycles due to contention stalls
   instrs: 657350144 # Simulated instructions
   uops: 706129273 # Retired micro-ops
   bbls: 111078023 # Basic blocks
   approxInstrs: 180802 # Instrs with approx uop decoding
   mispredBranches: 8036194 # Mispredicted branches
   condBranches: 101635964 # conditional branches
  westmere-7: # Core stats
   cycles: 441574905 # Simulated unhalted cycles
   cCycles: 10558436 # Cycles due to contention stalls
   instrs: 658834945 # Simulated instructions
   uops: 723330911 # Retired micro-ops
   bbls: 104121855 # Basic blocks
   approxInstrs: 196417 # Instrs with approx uop decoding
   mispredBranches: 8073880 # Mispredicted branches
   condBranches: 93984417 # conditional branches
 l1i: # Cache stats
  l1i-0: # Filter cache stats
   fhGETS: 147856760 # Filtered GETS hits
   fhGETX: 0 # Filtered GETX hits
   hGETS: 699064 # GETS hits
   hGETX: 0 # GETX hits
   mGETS: 157639 # GETS misses
   mGETXIM: 0 # GETX I->M misses
   mGETXSM: 0 # GETX S->M misses (upgrade misses)
   PUTS: 0 # Clean evictions (from lower level)
   PUTX: 0 # Dirty evictions (from lower level)
   INV: 0 # Invalidates (from upper level)
   INVX: 0 # Downgrades (from upper level)
   FWD: 0 # Forwards (from upper level)
   latGETnl: 1877362 # GET request latency on next level
   latGETnet: 0 # GET request latency on network to next level
  l1i-1: # Filter cache stats
   fhGETS: 69597854 # Filtered GETS hits
   fhGETX: 0 # Filtered GETX hits
   hGETS: 775778 # GETS hits
   hGETX: 0 # GETX hits
   mGETS: 19921 # GETS misses
   mGETXIM: 0 # GETX I->M misses
   mGETXSM: 0 # GETX S->M misses (upgrade misses)
   PUTS: 0 # Clean evictions (from lower level)
   PUTX: 0 # Dirty evictions (from lower level)
   INV: 0 # Invalidates (from upper level)
   INVX: 0 # Downgrades (from upper level)
   FWD: 0 # Forwards (from upper level)
   latGETnl: 263320 # GET request latency on next level
   latGETnet: 0 # GET request latency on network to next level
  l1i-2: # Filter cache stats
   fhGETS: 133674014 # Filtered GETS hits
   fhGETX: 0 # Filtered GETX hits
   hGETS: 546928 # GETS hits
   hGETX: 0 # GETX hits
   mGETS: 126038 # GETS misses
   mGETXIM: 0 # GETX I->M misses
   mGETXSM: 0 # GETX S->M misses (upgrade misses)
   PUTS: 0 # Clean evictions (from lower level)
   PUTX: 0 # Dirty evictions (from lower level)
   INV: 2 # Invalidates (from upper level)
   INVX: 0 # Downgrades (from upper level)
   FWD: 0 # Forwards (from upper level)
   latGETnl: 1458608 # GET request latency on next level
   latGETnet: 0 # GET request latency on network to next level
  l1i-3: # Filter cache stats
   fhGETS: 70512679 # Filtered GETS hits
   fhGETX: 0 # Filtered GETX hits
   hGETS: 740323 # GETS hits
   hGETX: 0 # GETX hits
   mGETS: 23686 # GETS misses
   mGETXIM: 0 # GETX I->M misses
   mGETXSM: 0 # GETX S->M misses (upgrade misses)
   PUTS: 0 # Clean evictions (from lower level)
   PUTX: 0 # Dirty evictions (from lower level)
   INV: 0 # Invalidates (from upper level)
   INVX: 0 # Downgrades (from upper level)
   FWD: 0 # Forwards (from upper level)
   latGETnl: 295342 # GET request latency on next level
   latGETnet: 0 # GET request latency on network to next level
  l1i-4: # Filter cache stats
   fhGETS: 99446522 # Filtered GETS hits
   fhGETX: 0 # Filtered GETX hits
   hGETS: 681715 # GETS hits
   hGETX: 0 # GETX hits
   mGETS: 76778 # GETS misses
   mGETXIM: 0 # GETX I->M misses
   mGETXSM: 0 # GETX S->M misses (upgrade misses)
   PUTS: 0 # Clean evictions (from lower level)
   PUTX: 0 # Dirty evictions (from lower level)
   INV: 0 # Invalidates (from upper level)
   INVX: 0 # Downgrades (from upper level)
   FWD: 0 # Forwards (from upper level)
   latGETnl: 881456 # GET request latency on next level
   latGETnet: 0 # GET request latency on network to next level
  l1i-5: # Filter cache stats
   fhGETS: 91279263 # Filtered GETS hits
   fhGETX: 0 # Filtered GETX hits
   hGETS: 620331 # GETS hits
   hGETX: 0 # GETX hits
   mGETS: 61436 # GETS misses
   mGETXIM: 0 # GETX I->M misses
   mGETXSM: 0 # GETX S->M misses (upgrade misses)
   PUTS: 0 # Clean evictions (from lower level)
   PUTX: 0 # Dirty evictions (from lower level)
   INV: 0 # Invalidates (from upper level)
   INVX: 0 # Downgrades (from upper level)
   FWD: 0 # Forwards (from upper level)
   latGETnl: 720014 # GET request latency on next level
   latGETnet: 0 # GET request latency on network to next level
  l1i-6: # Filter cache stats
   fhGETS: 160141722 # Filtered GETS hits
   fhGETX: 0 # Filtered GETX hits
   hGETS: 439807 # GETS hits
   hGETX: 0 # GETX hits
   mGETS: 165664 # GETS misses
   mGETXIM: 0 # GETX I->M misses
   mGETXSM: 0 # GETX S->M misses (upgrade misses)
   PUTS: 0 # Clean evictions (from lower level)
   PUTX: 0 # Dirty evictions (from lower level)
   INV: 0 # Invalidates (from upper level)
   INVX: 0 # Downgrades (from upper level)
   FWD: 0 # Forwards (from upper level)
   latGETnl: 1929172 # GET request latency on next level
   latGETnet: 0 # GET request latency on network to next level
  l1i-7: # Filter cache stats
   fhGETS: 154858456 # Filtered GETS hits
   fhGETX: 0 # Filtered GETX hits
   hGETS: 572419 # GETS hits
   hGETX: 0 # GETX hits
   mGETS: 166945 # GETS misses
   mGETXIM: 0 # GETX I->M misses
   mGETXSM: 0 # GETX S->M misses (upgrade misses)
   PUTS: 0 # Clean evictions (from lower level)
   PUTX: 0 # Dirty evictions (from lower level)
   INV: 7 # Invalidates (from upper level)
   INVX: 0 # Downgrades (from upper level)
   FWD: 0 # Forwards (from upper level)
   latGETnl: 1997398 # GET request latency on next level
   latGETnet: 0 # GET request latency on network to next level
 l1d: # Cache stats
  l1d-0: # Filter cache stats
   fhGETS: 164434227 # Filtered GETS hits
   fhGETX: 61591272 # Filtered GETX hits
   hGETS: 15479383 # GETS hits
   hGETX: 7414676 # GETX hits
   mGETS: 1581415 # GETS misses
   mGETXIM: 1315154 # GETX I->M misses
   mGETXSM: 5157 # GETX S->M misses (upgrade misses)
   PUTS: 0 # Clean evictions (from lower level)
   PUTX: 0 # Dirty evictions (from lower level)
   INV: 17582 # Invalidates (from upper level)
   INVX: 4049 # Downgrades (from upper level)
   FWD: 0 # Forwards (from upper level)
   latGETnl: 73819307 # GET request latency on next level
   latGETnet: 0 # GET request latency on network to next level
  l1d-1: # Filter cache stats
   fhGETS: 174344019 # Filtered GETS hits
   fhGETX: 37093020 # Filtered GETX hits
   hGETS: 5506055 # GETS hits
   hGETX: 1254791 # GETX hits
   mGETS: 827257 # GETS misses
   mGETXIM: 697719 # GETX I->M misses
   mGETXSM: 10121 # GETX S->M misses (upgrade misses)
   PUTS: 0 # Clean evictions (from lower level)
   PUTX: 0 # Dirty evictions (from lower level)
   INV: 11733 # Invalidates (from upper level)
   INVX: 7945 # Downgrades (from upper level)
   FWD: 0 # Forwards (from upper level)
   latGETnl: 143655923 # GET request latency on next level
   latGETnet: 0 # GET request latency on network to next level
  l1d-2: # Filter cache stats
   fhGETS: 163169517 # Filtered GETS hits
   fhGETX: 47856854 # Filtered GETX hits
   hGETS: 13450320 # GETS hits
   hGETX: 5069979 # GETX hits
   mGETS: 1213595 # GETS misses
   mGETXIM: 1121897 # GETX I->M misses
   mGETXSM: 5656 # GETX S->M misses (upgrade misses)
   PUTS: 0 # Clean evictions (from lower level)
   PUTX: 0 # Dirty evictions (from lower level)
   INV: 3911 # Invalidates (from upper level)
   INVX: 3564 # Downgrades (from upper level)
   FWD: 0 # Forwards (from upper level)
   latGETnl: 87022039 # GET request latency on next level
   latGETnet: 0 # GET request latency on network to next level
  l1d-3: # Filter cache stats
   fhGETS: 169969056 # Filtered GETS hits
   fhGETX: 31292028 # Filtered GETX hits
   hGETS: 5939038 # GETS hits
   hGETX: 1190046 # GETX hits
   mGETS: 779008 # GETS misses
   mGETXIM: 711051 # GETX I->M misses
   mGETXSM: 8196 # GETX S->M misses (upgrade misses)
   PUTS: 0 # Clean evictions (from lower level)
   PUTX: 0 # Dirty evictions (from lower level)
   INV: 9337 # Invalidates (from upper level)
   INVX: 7609 # Downgrades (from upper level)
   FWD: 0 # Forwards (from upper level)
   latGETnl: 142126146 # GET request latency on next level
   latGETnet: 0 # GET request latency on network to next level
  l1d-4: # Filter cache stats
   fhGETS: 167035328 # Filtered GETS hits
   fhGETX: 38936907 # Filtered GETX hits
   hGETS: 9137634 # GETS hits
   hGETX: 2970391 # GETX hits
   mGETS: 840396 # GETS misses
   mGETXIM: 941192 # GETX I->M misses
   mGETXSM: 6962 # GETX S->M misses (upgrade misses)
   PUTS: 0 # Clean evictions (from lower level)
   PUTX: 0 # Dirty evictions (from lower level)
   INV: 10832 # Invalidates (from upper level)
   INVX: 5400 # Downgrades (from upper level)
   FWD: 0 # Forwards (from upper level)
   latGETnl: 116342371 # GET request latency on next level
   latGETnet: 0 # GET request latency on network to next level
  l1d-5: # Filter cache stats
   fhGETS: 167831024 # Filtered GETS hits
   fhGETX: 37314418 # Filtered GETX hits
   hGETS: 8534537 # GETS hits
   hGETX: 2517534 # GETX hits
   mGETS: 929290 # GETS misses
   mGETXIM: 872655 # GETX I->M misses
   mGETXSM: 6622 # GETX S->M misses (upgrade misses)
   PUTS: 0 # Clean evictions (from lower level)
   PUTX: 0 # Dirty evictions (from lower level)
   INV: 7761 # Invalidates (from upper level)
   INVX: 4922 # Downgrades (from upper level)
   FWD: 0 # Forwards (from upper level)
   latGETnl: 125302254 # GET request latency on next level
   latGETnet: 0 # GET request latency on network to next level
  l1d-6: # Filter cache stats
   fhGETS: 159126069 # Filtered GETS hits
   fhGETX: 56261482 # Filtered GETX hits
   hGETS: 17524254 # GETS hits
   hGETX: 7656209 # GETX hits
   mGETS: 1869152 # GETS misses
   mGETXIM: 1291529 # GETX I->M misses
   mGETXSM: 3611 # GETX S->M misses (upgrade misses)
   PUTS: 0 # Clean evictions (from lower level)
   PUTX: 0 # Dirty evictions (from lower level)
   INV: 2312 # Invalidates (from upper level)
   INVX: 1372 # Downgrades (from upper level)
   FWD: 0 # Forwards (from upper level)
   latGETnl: 65239198 # GET request latency on next level
   latGETnet: 0 # GET request latency on network to next level
  l1d-7: # Filter cache stats
   fhGETS: 160021341 # Filtered GETS hits
   fhGETX: 59515420 # Filtered GETX hits
   hGETS: 17187086 # GETS hits
   hGETX: 7356826 # GETX hits
   mGETS: 1669724 # GETS misses
   mGETXIM: 1293577 # GETX I->M misses
   mGETXSM: 4595 # GETX S->M misses (upgrade misses)
   PUTS: 0 # Clean evictions (from lower level)
   PUTX: 0 # Dirty evictions (from lower level)
   INV: 8077 # Invalidates (from upper level)
   INVX: 2324 # Downgrades (from upper level)
   FWD: 0 # Forwards (from upper level)
   latGETnl: 67734542 # GET request latency on next level
   latGETnet: 0 # GET request latency on network to next level
 l2: # Cache stats
  l2-0: # Cache stats
   hGETS: 1541910 # GETS hits
   hGETX: 1021633 # GETX hits
   mGETS: 197144 # GETS misses
   mGETXIM: 293522 # GETX I->M misses
   mGETXSM: 5156 # GETX S->M misses (upgrade misses)
   PUTS: 814072 # Clean evictions (from lower level)
   PUTX: 2221536 # Dirty evictions (from lower level)
   INV: 38375 # Invalidates (from upper level)
   INVX: 7474 # Downgrades (from upper level)
   FWD: 0 # Forwards (from upper level)
   latGETnl: 45103019 # GET request latency on next level
   latGETnet: 0 # GET request latency on network to next level
  l2-1: # Cache stats
   hGETS: 239493 # GETS hits
   hGETX: 129191 # GETX hits
   mGETS: 607685 # GETS misses
   mGETXIM: 568409 # GETX I->M misses
   mGETXSM: 10240 # GETX S->M misses (upgrade misses)
   PUTS: 697784 # Clean evictions (from lower level)
   PUTX: 834360 # Dirty evictions (from lower level)
   INV: 18982 # Invalidates (from upper level)
   INVX: 10341 # Downgrades (from upper level)
   FWD: 0 # Forwards (from upper level)
   latGETnl: 128369063 # GET request latency on next level
   latGETnet: 0 # GET request latency on network to next level
  l2-2: # Cache stats
   hGETS: 1043436 # GETS hits
   hGETX: 768605 # GETX hits
   mGETS: 296197 # GETS misses
   mGETXIM: 352433 # GETX I->M misses
   mGETXSM: 6515 # GETX S->M misses (upgrade misses)
   PUTS: 818762 # Clean evictions (from lower level)
   PUTX: 1637835 # Dirty evictions (from lower level)
   INV: 8646 # Invalidates (from upper level)
   INVX: 7292 # Downgrades (from upper level)
   FWD: 0 # Forwards (from upper level)
   latGETnl: 63808787 # GET request latency on next level
   latGETnet: 0 # GET request latency on network to next level
  l2-3: # Cache stats
   hGETS: 215196 # GETS hits
   hGETX: 144344 # GETX hits
   mGETS: 587498 # GETS misses
   mGETXIM: 566007 # GETX I->M misses
   mGETXSM: 8896 # GETX S->M misses (upgrade misses)
   PUTS: 690273 # Clean evictions (from lower level)
   PUTX: 813112 # Dirty evictions (from lower level)
   INV: 14535 # Invalidates (from upper level)
   INVX: 10327 # Downgrades (from upper level)
   FWD: 0 # Forwards (from upper level)
   latGETnl: 127202078 # GET request latency on next level
   latGETnet: 0 # GET request latency on network to next level
  l2-4: # Cache stats
   hGETS: 467189 # GETS hits
   hGETX: 467726 # GETX hits
   mGETS: 449985 # GETS misses
   mGETXIM: 473294 # GETX I->M misses
   mGETXSM: 7134 # GETX S->M misses (upgrade misses)
   PUTS: 663800 # Clean evictions (from lower level)
   PUTX: 1182712 # Dirty evictions (from lower level)
   INV: 18865 # Invalidates (from upper level)
   INVX: 7935 # Downgrades (from upper level)
   FWD: 0 # Forwards (from upper level)
   latGETnl: 98570547 # GET request latency on next level
   latGETnet: 0 # GET request latency on network to next level
  l2-5: # Cache stats
   hGETS: 498493 # GETS hits
   hGETX: 375196 # GETX hits
   mGETS: 492233 # GETS misses
   mGETXIM: 497053 # GETX I->M misses
   mGETXSM: 7028 # GETX S->M misses (upgrade misses)
   PUTS: 744168 # Clean evictions (from lower level)
   PUTX: 1110433 # Dirty evictions (from lower level)
   INV: 10629 # Invalidates (from upper level)
   INVX: 8359 # Downgrades (from upper level)
   FWD: 0 # Forwards (from upper level)
   latGETnl: 107322238 # GET request latency on next level
   latGETnet: 0 # GET request latency on network to next level
  l2-6: # Cache stats
   hGETS: 1887881 # GETS hits
   hGETX: 1044293 # GETX hits
   mGETS: 146935 # GETS misses
   mGETXIM: 246831 # GETX I->M misses
   mGETXSM: 4016 # GETX S->M misses (upgrade misses)
   PUTS: 1104441 # Clean evictions (from lower level)
   PUTX: 2218571 # Dirty evictions (from lower level)
   INV: 7114 # Invalidates (from upper level)
   INVX: 4824 # Downgrades (from upper level)
   FWD: 0 # Forwards (from upper level)
   latGETnl: 33868810 # GET request latency on next level
   latGETnet: 0 # GET request latency on network to next level
  l2-7: # Cache stats
   hGETS: 1667638 # GETS hits
   hGETX: 1021482 # GETX hits
   mGETS: 169031 # GETS misses
   mGETXIM: 272088 # GETX I->M misses
   mGETXSM: 4602 # GETX S->M misses (upgrade misses)
   PUTS: 965389 # Clean evictions (from lower level)
   PUTX: 2155751 # Dirty evictions (from lower level)
   INV: 24860 # Invalidates (from upper level)
   INVX: 5707 # Downgrades (from upper level)
   FWD: 0 # Forwards (from upper level)
   latGETnl: 38383530 # GET request latency on next level
   latGETnet: 0 # GET request latency on network to next level
 l3: # Cache stats
  l3-0b0: # Cache stats
   hGETS: 29156 # GETS hits
   hGETX: 63257 # GETX hits
   mGETS: 334473 # GETS misses
   mGETXIM: 346206 # GETX I->M misses
   mGETXSM: 0 # GETX S->M misses (upgrade misses)
   PUTS: 329897 # Clean evictions (from lower level)
   PUTX: 424454 # Dirty evictions (from lower level)
   INV: 0 # Invalidates (from upper level)
   INVX: 0 # Downgrades (from upper level)
   FWD: 0 # Forwards (from upper level)
   latGETnl: 61261110 # GET request latency on next level
   latGETnet: 0 # GET request latency on network to next level
  l3-0b1: # Cache stats
   hGETS: 28676 # GETS hits
   hGETX: 65153 # GETX hits
   mGETS: 334504 # GETS misses
   mGETXIM: 346327 # GETX I->M misses
   mGETXSM: 0 # GETX S->M misses (upgrade misses)
   PUTS: 330143 # Clean evictions (from lower level)
   PUTX: 424846 # Dirty evictions (from lower level)
   INV: 0 # Invalidates (from upper level)
   INVX: 0 # Downgrades (from upper level)
   FWD: 0 # Forwards (from upper level)
   latGETnl: 61274790 # GET request latency on next level
   latGETnet: 0 # GET request latency on network to next level
  l3-0b2: # Cache stats
   hGETS: 35041 # GETS hits
   hGETX: 67027 # GETX hits
   mGETS: 334662 # GETS misses
   mGETXIM: 346103 # GETX I->M misses
   mGETXSM: 0 # GETX S->M misses (upgrade misses)
   PUTS: 330564 # Clean evictions (from lower level)
   PUTX: 425990 # Dirty evictions (from lower level)
   INV: 0 # Invalidates (from upper level)
   INVX: 0 # Downgrades (from upper level)
   FWD: 0 # Forwards (from upper level)
   latGETnl: 61268850 # GET request latency on next level
   latGETnet: 0 # GET request latency on network to next level
  l3-0b3: # Cache stats
   hGETS: 28954 # GETS hits
   hGETX: 62853 # GETX hits
   mGETS: 334798 # GETS misses
   mGETXIM: 346221 # GETX I->M misses
   mGETXSM: 0 # GETX S->M misses (upgrade misses)
   PUTS: 330601 # Clean evictions (from lower level)
   PUTX: 425030 # Dirty evictions (from lower level)
   INV: 0 # Invalidates (from upper level)
   INVX: 0 # Downgrades (from upper level)
   FWD: 0 # Forwards (from upper level)
   latGETnl: 61291710 # GET request latency on next level
   latGETnet: 0 # GET request latency on network to next level
  l3-0b4: # Cache stats
   hGETS: 32323 # GETS hits
   hGETX: 66067 # GETX hits
   mGETS: 334484 # GETS misses
   mGETXIM: 345840 # GETX I->M misses
   mGETXSM: 0 # GETX S->M misses (upgrade misses)
   PUTS: 329986 # Clean evictions (from lower level)
   PUTX: 426206 # Dirty evictions (from lower level)
   INV: 0 # Invalidates (from upper level)
   INVX: 0 # Downgrades (from upper level)
   FWD: 0 # Forwards (from upper level)
   latGETnl: 61229160 # GET request latency on next level
   latGETnet: 0 # GET request latency on network to next level
  l3-0b5: # Cache stats
   hGETS: 35258 # GETS hits
   hGETX: 70700 # GETX hits
   mGETS: 334661 # GETS misses
   mGETXIM: 345785 # GETX I->M misses
   mGETXSM: 0 # GETX S->M misses (upgrade misses)
   PUTS: 330009 # Clean evictions (from lower level)
   PUTX: 426542 # Dirty evictions (from lower level)
   INV: 0 # Invalidates (from upper level)
   INVX: 0 # Downgrades (from upper level)
   FWD: 0 # Forwards (from upper level)
   latGETnl: 61240140 # GET request latency on next level
   latGETnet: 0 # GET request latency on network to next level
  l3-0b6: # Cache stats
   hGETS: 49417 # GETS hits
   hGETX: 86388 # GETX hits
   mGETS: 334572 # GETS misses
   mGETXIM: 346108 # GETX I->M misses
   mGETXSM: 0 # GETX S->M misses (upgrade misses)
   PUTS: 327812 # Clean evictions (from lower level)
   PUTX: 426322 # Dirty evictions (from lower level)
   INV: 0 # Invalidates (from upper level)
   INVX: 0 # Downgrades (from upper level)
   FWD: 0 # Forwards (from upper level)
   latGETnl: 61261200 # GET request latency on next level
   latGETnet: 0 # GET request latency on network to next level
  l3-0b7: # Cache stats
   hGETS: 31285 # GETS hits
   hGETX: 73208 # GETX hits
   mGETS: 334444 # GETS misses
   mGETXIM: 345981 # GETX I->M misses
   mGETXSM: 0 # GETX S->M misses (upgrade misses)
   PUTS: 326380 # Clean evictions (from lower level)
   PUTX: 426832 # Dirty evictions (from lower level)
   INV: 0 # Invalidates (from upper level)
   INVX: 0 # Downgrades (from upper level)
   FWD: 0 # Forwards (from upper level)
   latGETnl: 61238250 # GET request latency on next level
   latGETnet: 0 # GET request latency on network to next level
 mem: # Memory controller stats
  mem-0: # Memory controller stats
   rd: 1362096 # Read requests
   wr: 721904 # Write requests
   rdlat: 186218948 # Total latency experienced by read requests
   wrlat: 117152667 # Total latency experienced by write requests
   rdhits: 854 # Read row hits
   wrhits: 1529 # Write row hits
   mlh: # latency histogram for memory requests
    0: 0
    1: 0
    2: 0
    3: 0
    4: 0
    5: 0
    6: 0
    7: 0
    8: 0
    9: 0
    10: 0
    11: 66
    12: 36
    13: 1238305
    14: 46532
    15: 23342
    16: 15944
    17: 2877
    18: 2565
    19: 2596
    20: 2440
    21: 2490
    22: 2400
    23: 2437
    24: 2347
    25: 1481
    26: 551
    27: 603
    28: 656
    29: 945
    30: 792
    31: 905
    32: 882
    33: 844
    34: 1317
    35: 960
    36: 1209
    37: 1062
    38: 962
    39: 875
    40: 773
    41: 821
    42: 791
    43: 404
    44: 229
    45: 244
    46: 163
    47: 115
    48: 60
    49: 13
    50: 10
    51: 9
    52: 13
    53: 7
    54: 2
    55: 5
    56: 3
    57: 2
    58: 2
    59: 0
    60: 0
    61: 0
    62: 1
    63: 1
    64: 0
    65: 1
    66: 2
    67: 0
    68: 0
    69: 2
    70: 0
    71: 1
    72: 0
    73: 0
    74: 0
    75: 0
    76: 0
    77: 1
    78: 0
    79: 0
    80: 0
    81: 0
    82: 0
    83: 0
    84: 0
    85: 0
    86: 0
    87: 0
    88: 0
    89: 0
    90: 0
    91: 0
    92: 0
    93: 0
    94: 0
    95: 0
    96: 0
    97: 0
    98: 0
    99: 0
  mem-1: # Memory controller stats
   rd: 1360748 # Read requests
   wr: 721187 # Write requests
   rdlat: 185996830 # Total latency experienced by read requests
   wrlat: 117259116 # Total latency experienced by write requests
   rdhits: 956 # Read row hits
   wrhits: 1521 # Write row hits
   mlh: # latency histogram for memory requests
    0: 0
    1: 0
    2: 0
    3: 0
    4: 0
    5: 0
    6: 0
    7: 0
    8: 0
    9: 0
    10: 0
    11: 52
    12: 31
    13: 1237684
    14: 46160
    15: 23520
    16: 15566
    17: 2993
    18: 2392
    19: 2646
    20: 2394
    21: 2411
    22: 2332
    23: 2563
    24: 2417
    25: 1524
    26: 519
    27: 587
    28: 653
    29: 1019
    30: 724
    31: 817
    32: 865
    33: 888
    34: 1310
    35: 869
    36: 1233
    37: 1059
    38: 931
    39: 948
    40: 814
    41: 835
    42: 769
    43: 386
    44: 203
    45: 240
    46: 147
    47: 101
    48: 69
    49: 10
    50: 17
    51: 10
    52: 10
    53: 14
    54: 7
    55: 5
    56: 1
    57: 1
    58: 1
    59: 0
    60: 1
    61: 0
    62: 0
    63: 0
    64: 0
    65: 0
    66: 0
    67: 0
    68: 0
    69: 0
    70: 0
    71: 0
    72: 0
    73: 0
    74: 0
    75: 0
    76: 0
    77: 0
    78: 0
    79: 0
    80: 0
    81: 0
    82: 0
    83: 0
    84: 0
    85: 0
    86: 0
    87: 0
    88: 0
    89: 0
    90: 0
    91: 0
    92: 0
    93: 0
    94: 0
    95: 0
    96: 0
    97: 0
    98: 0
    99: 0
  mem-2: # Memory controller stats
   rd: 1361067 # Read requests
   wr: 721197 # Write requests
   rdlat: 186126482 # Total latency experienced by read requests
   wrlat: 117016885 # Total latency experienced by write requests
   rdhits: 856 # Read row hits
   wrhits: 1443 # Write row hits
   mlh: # latency histogram for memory requests
    0: 0
    1: 0
    2: 0
    3: 0
    4: 0
    5: 0
    6: 0
    7: 0
    8: 0
    9: 0
    10: 0
    11: 55
    12: 37
    13: 1236870
    14: 46278
    15: 23447
    16: 15833
    17: 2982
    18: 2550
    19: 2636
    20: 2622
    21: 2521
    22: 2393
    23: 2562
    24: 2466
    25: 1638
    26: 489
    27: 592
    28: 705
    29: 1028
    30: 773
    31: 828
    32: 852
    33: 837
    34: 1336
    35: 952
    36: 1236
    37: 1044
    38: 959
    39: 916
    40: 813
    41: 803
    42: 780
    43: 369
    44: 215
    45: 231
    46: 161
    47: 115
    48: 60
    49: 11
    50: 14
    51: 10
    52: 12
    53: 8
    54: 10
    55: 5
    56: 5
    57: 3
    58: 0
    59: 2
    60: 0
    61: 0
    62: 1
    63: 1
    64: 1
    65: 0
    66: 0
    67: 0
    68: 0
    69: 0
    70: 0
    71: 0
    72: 0
    73: 0
    74: 0
    75: 0
    76: 0
    77: 0
    78: 0
    79: 0
    80: 0
    81: 0
    82: 0
    83: 0
    84: 0
    85: 0
    86: 0
    87: 0
    88: 0
    89: 0
    90: 0
    91: 0
    92: 0
    93: 0
    94: 0
    95: 0
    96: 0
    97: 0
    98: 0
    99: 0
  mem-3: # Memory controller stats
   rd: 1361254 # Read requests
   wr: 721399 # Write requests
   rdlat: 186127353 # Total latency experienced by read requests
   wrlat: 117256026 # Total latency experienced by write requests
   rdhits: 876 # Read row hits
   wrhits: 1435 # Write row hits
   mlh: # latency histogram for memory requests
    0: 0
    1: 0
    2: 0
    3: 0
    4: 0
    5: 0
    6: 0
    7: 0
    8: 0
    9: 0
    10: 0
    11: 51
    12: 30
    13: 1237756
    14: 46313
    15: 23106
    16: 15702
    17: 2956
    18: 2553
    19: 2658
    20: 2554
    21: 2465
    22: 2470
    23: 2530
    24: 2369
    25: 1585
    26: 499
    27: 639
    28: 645
    29: 946
    30: 699
    31: 851
    32: 859
    33: 875
    34: 1262
    35: 977
    36: 1225
    37: 1112
    38: 990
    39: 939
    40: 829
    41: 753
    42: 741
    43: 402
    44: 219
    45: 234
    46: 170
    47: 134
    48: 62
    49: 20
    50: 18
    51: 11
    52: 14
    53: 8
    54: 4
    55: 5
    56: 2
    57: 1
    58: 1
    59: 2
    60: 0
    61: 1
    62: 0
    63: 0
    64: 0
    65: 0
    66: 1
    67: 0
    68: 0
    69: 1
    70: 0
    71: 0
    72: 0
    73: 1
    74: 0
    75: 0
    76: 0
    77: 1
    78: 0
    79: 0
    80: 1
    81: 1
    82: 0
    83: 0
    84: 0
    85: 0
    86: 0
    87: 0
    88: 0
    89: 0
    90: 0
    91: 1
    92: 0
    93: 0
    94: 0
    95: 0
    96: 0
    97: 0
    98: 0
    99: 0
 sched: # Scheduler stats
  thCr: 25 # Threads created
  thFn: 4 # Threads finished
  schedEvs: 154 # Schedule events
  waitEvs: 132 # Wait events
  handoffEvs: 32 # Handoff events
  sleepEvs: 0 # Sleep events
  idlePhases: 0 # Phases with no thread active
  idlePeriods: 0 # Periods with no thread active
  occHist: # Occupancy histogram
   0: 0
   1: 0
   2: 1
   3: 0
   4: 0
   5: 0
   6: 0
   7: 1
   8: 44236
  rqSzHist: # Run queue size histogram
   0: 89
   1: 1
   2: 7
   3: 16
   4: 19
   5: 1
   6: 24
   7: 13
   8: 23
   9: 44
   10: 493
   11: 5855
   12: 23983
   13: 10618
   14: 3052
   15: 0
   16: 0
 procCycles: # Per-process unhalted core cycles
  0: 3537586789
  1: 0
  2: 0
  3: 0
  4: 0
  5: 0
  6: 0
  7: 0
  8: 0
  9: 0
  10: 0
  11: 0
  12: 0
  13: 0
  14: 0
  15: 0
  16: 0
  17: 0
  18: 0
  19: 0
  20: 0
  21: 0
  22: 0
  23: 0
  24: 0
  25: 0
  26: 0
  27: 0
  28: 0
  29: 0
  30: 0
  31: 0
  32: 0
  33: 0
  34: 0
  35: 0
  36: 0
  37: 0
  38: 0
  39: 0
  40: 0
  41: 0
  42: 0
  43: 0
  44: 0
  45: 0
  46: 0
  47: 0
  48: 0
  49: 0
  50: 0
  51: 0
  52: 0
  53: 0
  54: 0
  55: 0
  56: 0
  57: 0
  58: 0
  59: 0
  60: 0
  61: 0
  62: 0
  63: 0
 procInstrs: # Per-process instructions
  0: 5000105303
  1: 0
  2: 0
  3: 0
  4: 0
  5: 0
  6: 0
  7: 0
  8: 0
  9: 0
  10: 0
  11: 0
  12: 0
  13: 0
  14: 0
  15: 0
  16: 0
  17: 0
  18: 0
  19: 0
  20: 0
  21: 0
  22: 0
  23: 0
  24: 0
  25: 0
  26: 0
  27: 0
  28: 0
  29: 0
  30: 0
  31: 0
  32: 0
  33: 0
  34: 0
  35: 0
  36: 0
  37: 0
  38: 0
  39: 0
  40: 0
  41: 0
  42: 0
  43: 0
  44: 0
  45: 0
  46: 0
  47: 0
  48: 0
  49: 0
  50: 0
  51: 0
  52: 0
  53: 0
  54: 0
  55: 0
  56: 0
  57: 0
  58: 0
  59: 0
  60: 0
  61: 0
  62: 0
  63: 0
 heartbeats: # Per-process heartbeats
  0: 0
  1: 0
  2: 0
  3: 0
  4: 0
  5: 0
  6: 0
  7: 0
  8: 0
  9: 0
  10: 0
  11: 0
  12: 0
  13: 0
  14: 0
  15: 0
  16: 0
  17: 0
  18: 0
  19: 0
  20: 0
  21: 0
  22: 0
  23: 0
  24: 0
  25: 0
  26: 0
  27: 0
  28: 0
  29: 0
  30: 0
  31: 0
  32: 0
  33: 0
  34: 0
  35: 0
  36: 0
  37: 0
  38: 0
  39: 0
  40: 0
  41: 0
  42: 0
  43: 0
  44: 0
  45: 0
  46: 0
  47: 0
  48: 0
  49: 0
  50: 0
  51: 0
  52: 0
  53: 0
  54: 0
  55: 0
  56: 0
  57: 0
  58: 0
  59: 0
  60: 0
  61: 0
  62: 0
  63: 0
===
