# zsim stats
===
root: # Stats
 contention: # Contention simulation stats
  domain-0: # Domain stats
   time: 2600425924 # Weave simulation time
 time: # Simulator time breakdown
  init: 2428143106684
  bound: 18071955095
  weave: 2956713473
  ff: 0
 trigger: 20000 # Reason for this stats dump
 phase: 19333 # Simulated phases
 westmere: # Core stats
  westmere-0: # Core stats
   cycles: 193332324 # Simulated unhalted cycles
   cCycles: 36614198 # Cycles due to contention stalls
   instrs: 100001144 # Simulated instructions
   uops: 108863831 # Retired micro-ops
   bbls: 19688048 # Basic blocks
   approxInstrs: 1893835 # Instrs with approx uop decoding
   mispredBranches: 1212361 # Mispredicted branches
   condBranches: 18533572 # conditional branches
 l1i: # Cache stats
  l1i-0: # Filter cache stats
   fhGETS: 25849484 # Filtered GETS hits
   fhGETX: 0 # Filtered GETX hits
   hGETS: 198804 # GETS hits
   hGETX: 0 # GETX hits
   mGETS: 1908 # GETS misses
   mGETXIM: 0 # GETX I->M misses
   mGETXSM: 0 # GETX S->M misses (upgrade misses)
   PUTS: 0 # Clean evictions (from lower level)
   PUTX: 0 # Dirty evictions (from lower level)
   INV: 7 # Invalidates (from upper level)
   INVX: 0 # Downgrades (from upper level)
   FWD: 0 # Forwards (from upper level)
   latGETnl: 224292 # GET request latency on next level
   latGETnet: 0 # GET request latency on network to next level
 l1d: # Cache stats
  l1d-0: # Filter cache stats
   fhGETS: 22297958 # Filtered GETS hits
   fhGETX: 3968855 # Filtered GETX hits
   hGETS: 2285179 # GETS hits
   hGETX: 2717582 # GETX hits
   mGETS: 3374028 # GETS misses
   mGETXIM: 672077 # GETX I->M misses
   mGETXSM: 0 # GETX S->M misses (upgrade misses)
   PUTS: 0 # Clean evictions (from lower level)
   PUTX: 0 # Dirty evictions (from lower level)
   INV: 0 # Invalidates (from upper level)
   INVX: 0 # Downgrades (from upper level)
   FWD: 0 # Forwards (from upper level)
   latGETnl: 316506116 # GET request latency on next level
   latGETnet: 0 # GET request latency on network to next level
 l2: # Cache stats
  l2-0: # Cache stats
   hGETS: 619368 # GETS hits
   hGETX: 82953 # GETX hits
   mGETS: 2756568 # GETS misses
   mGETXIM: 589124 # GETX I->M misses
   mGETXSM: 0 # GETX S->M misses (upgrade misses)
   PUTS: 2305642 # Clean evictions (from lower level)
   PUTX: 1741356 # Dirty evictions (from lower level)
   INV: 0 # Invalidates (from upper level)
   INVX: 0 # Downgrades (from upper level)
   FWD: 0 # Forwards (from upper level)
   latGETnl: 276250278 # GET request latency on next level
   latGETnet: 0 # GET request latency on network to next level
 l3: # Cache stats
  l3-0: # Cache stats
   hGETS: 953606 # GETS hits
   hGETX: 214823 # GETX hits
   mGETS: 1802962 # GETS misses
   mGETXIM: 374301 # GETX I->M misses
   mGETXSM: 0 # GETX S->M misses (upgrade misses)
   PUTS: 1998211 # Clean evictions (from lower level)
   PUTX: 1343385 # Dirty evictions (from lower level)
   INV: 0 # Invalidates (from upper level)
   INVX: 0 # Downgrades (from upper level)
   FWD: 0 # Forwards (from upper level)
   latGETnl: 195953670 # GET request latency on next level
   latGETnet: 0 # GET request latency on network to next level
 mem: # Memory controller stats
  mem-0: # Memory controller stats
   rd: 543493 # Read requests
   wr: 216977 # Write requests
   rdlat: 74351117 # Total latency experienced by read requests
   wrlat: 33707196 # Total latency experienced by write requests
   rdhits: 13220 # Read row hits
   wrhits: 2011 # Write row hits
   mlh: # latency histogram for memory requests
    0: 0
    1: 0
    2: 0
    3: 0
    4: 0
    5: 0
    6: 0
    7: 0
    8: 0
    9: 0
    10: 0
    11: 749
    12: 602
    13: 467708
    14: 42780
    15: 12832
    16: 5015
    17: 1752
    18: 663
    19: 712
    20: 890
    21: 780
    22: 689
    23: 696
    24: 1276
    25: 886
    26: 178
    27: 210
    28: 242
    29: 271
    30: 296
    31: 332
    32: 308
    33: 321
    34: 285
    35: 379
    36: 331
    37: 320
    38: 326
    39: 322
    40: 310
    41: 291
    42: 301
    43: 148
    44: 52
    45: 36
    46: 56
    47: 60
    48: 53
    49: 15
    50: 3
    51: 6
    52: 7
    53: 2
    54: 0
    55: 1
    56: 0
    57: 1
    58: 0
    59: 0
    60: 0
    61: 0
    62: 0
    63: 0
    64: 0
    65: 0
    66: 0
    67: 0
    68: 0
    69: 0
    70: 0
    71: 0
    72: 0
    73: 0
    74: 0
    75: 0
    76: 0
    77: 0
    78: 0
    79: 0
    80: 0
    81: 0
    82: 0
    83: 0
    84: 0
    85: 0
    86: 0
    87: 0
    88: 0
    89: 0
    90: 0
    91: 0
    92: 0
    93: 0
    94: 0
    95: 0
    96: 0
    97: 0
    98: 0
    99: 0
  mem-1: # Memory controller stats
   rd: 545241 # Read requests
   wr: 218478 # Write requests
   rdlat: 74578634 # Total latency experienced by read requests
   wrlat: 33888463 # Total latency experienced by write requests
   rdhits: 13214 # Read row hits
   wrhits: 2057 # Write row hits
   mlh: # latency histogram for memory requests
    0: 0
    1: 0
    2: 0
    3: 0
    4: 0
    5: 0
    6: 0
    7: 0
    8: 0
    9: 1
    10: 0
    11: 761
    12: 529
    13: 470725
    14: 41564
    15: 12360
    16: 5030
    17: 1908
    18: 756
    19: 879
    20: 876
    21: 1038
    22: 600
    23: 781
    24: 1221
    25: 740
    26: 179
    27: 204
    28: 239
    29: 265
    30: 296
    31: 320
    32: 312
    33: 347
    34: 308
    35: 317
    36: 322
    37: 351
    38: 341
    39: 333
    40: 327
    41: 293
    42: 290
    43: 129
    44: 62
    45: 60
    46: 47
    47: 59
    48: 38
    49: 14
    50: 4
    51: 3
    52: 6
    53: 1
    54: 2
    55: 1
    56: 1
    57: 0
    58: 1
    59: 0
    60: 0
    61: 0
    62: 0
    63: 0
    64: 0
    65: 0
    66: 0
    67: 0
    68: 0
    69: 0
    70: 0
    71: 0
    72: 0
    73: 0
    74: 0
    75: 0
    76: 0
    77: 0
    78: 0
    79: 0
    80: 0
    81: 0
    82: 0
    83: 0
    84: 0
    85: 0
    86: 0
    87: 0
    88: 0
    89: 0
    90: 0
    91: 0
    92: 0
    93: 0
    94: 0
    95: 0
    96: 0
    97: 0
    98: 0
    99: 0
  mem-2: # Memory controller stats
   rd: 543987 # Read requests
   wr: 217037 # Write requests
   rdlat: 74469846 # Total latency experienced by read requests
   wrlat: 33654191 # Total latency experienced by write requests
   rdhits: 13450 # Read row hits
   wrhits: 1892 # Write row hits
   mlh: # latency histogram for memory requests
    0: 0
    1: 0
    2: 0
    3: 0
    4: 0
    5: 0
    6: 0
    7: 0
    8: 0
    9: 0
    10: 0
    11: 763
    12: 603
    13: 467253
    14: 43420
    15: 12834
    16: 4822
    17: 1843
    18: 804
    19: 877
    20: 964
    21: 837
    22: 546
    23: 713
    24: 1332
    25: 786
    26: 164
    27: 204
    28: 240
    29: 291
    30: 309
    31: 309
    32: 340
    33: 317
    34: 332
    35: 354
    36: 354
    37: 337
    38: 320
    39: 330
    40: 296
    41: 328
    42: 302
    43: 145
    44: 54
    45: 50
    46: 53
    47: 51
    48: 71
    49: 15
    50: 4
    51: 8
    52: 5
    53: 6
    54: 0
    55: 1
    56: 0
    57: 0
    58: 0
    59: 0
    60: 0
    61: 0
    62: 0
    63: 0
    64: 0
    65: 0
    66: 0
    67: 0
    68: 0
    69: 0
    70: 0
    71: 0
    72: 0
    73: 0
    74: 0
    75: 0
    76: 0
    77: 0
    78: 0
    79: 0
    80: 0
    81: 0
    82: 0
    83: 0
    84: 0
    85: 0
    86: 0
    87: 0
    88: 0
    89: 0
    90: 0
    91: 0
    92: 0
    93: 0
    94: 0
    95: 0
    96: 0
    97: 0
    98: 0
    99: 0
  mem-3: # Memory controller stats
   rd: 544500 # Read requests
   wr: 217974 # Write requests
   rdlat: 74489308 # Total latency experienced by read requests
   wrlat: 33883153 # Total latency experienced by write requests
   rdhits: 13256 # Read row hits
   wrhits: 1885 # Write row hits
   mlh: # latency histogram for memory requests
    0: 0
    1: 0
    2: 0
    3: 0
    4: 0
    5: 0
    6: 0
    7: 0
    8: 0
    9: 0
    10: 0
    11: 748
    12: 588
    13: 469898
    14: 42206
    15: 11932
    16: 4838
    17: 1948
    18: 784
    19: 742
    20: 779
    21: 865
    22: 688
    23: 746
    24: 1376
    25: 904
    26: 184
    27: 204
    28: 194
    29: 248
    30: 290
    31: 315
    32: 349
    33: 359
    34: 318
    35: 316
    36: 327
    37: 319
    38: 332
    39: 333
    40: 322
    41: 294
    42: 313
    43: 113
    44: 56
    45: 57
    46: 51
    47: 54
    48: 61
    49: 19
    50: 14
    51: 7
    52: 5
    53: 2
    54: 1
    55: 0
    56: 0
    57: 0
    58: 0
    59: 0
    60: 0
    61: 1
    62: 0
    63: 0
    64: 0
    65: 0
    66: 0
    67: 0
    68: 0
    69: 0
    70: 0
    71: 0
    72: 0
    73: 0
    74: 0
    75: 0
    76: 0
    77: 0
    78: 0
    79: 0
    80: 0
    81: 0
    82: 0
    83: 0
    84: 0
    85: 0
    86: 0
    87: 0
    88: 0
    89: 0
    90: 0
    91: 0
    92: 0
    93: 0
    94: 0
    95: 0
    96: 0
    97: 0
    98: 0
    99: 0
 sched: # Scheduler stats
  thCr: 1 # Threads created
  thFn: 1 # Threads finished
  schedEvs: 1 # Schedule events
  waitEvs: 0 # Wait events
  handoffEvs: 0 # Handoff events
  sleepEvs: 0 # Sleep events
  idlePhases: 0 # Phases with no thread active
  idlePeriods: 0 # Periods with no thread active
  occHist: # Occupancy histogram
   0: 0
   1: 19333
  rqSzHist: # Run queue size histogram
   0: 19333
   1: 0
   2: 0
   3: 0
   4: 0
   5: 0
   6: 0
   7: 0
   8: 0
   9: 0
   10: 0
   11: 0
   12: 0
   13: 0
   14: 0
   15: 0
   16: 0
 procCycles: # Per-process unhalted core cycles
  0: 193332324
  1: 0
  2: 0
  3: 0
  4: 0
  5: 0
  6: 0
  7: 0
  8: 0
  9: 0
  10: 0
  11: 0
  12: 0
  13: 0
  14: 0
  15: 0
  16: 0
  17: 0
  18: 0
  19: 0
  20: 0
  21: 0
  22: 0
  23: 0
  24: 0
  25: 0
  26: 0
  27: 0
  28: 0
  29: 0
  30: 0
  31: 0
  32: 0
  33: 0
  34: 0
  35: 0
  36: 0
  37: 0
  38: 0
  39: 0
  40: 0
  41: 0
  42: 0
  43: 0
  44: 0
  45: 0
  46: 0
  47: 0
  48: 0
  49: 0
  50: 0
  51: 0
  52: 0
  53: 0
  54: 0
  55: 0
  56: 0
  57: 0
  58: 0
  59: 0
  60: 0
  61: 0
  62: 0
  63: 0
 procInstrs: # Per-process instructions
  0: 100001144
  1: 0
  2: 0
  3: 0
  4: 0
  5: 0
  6: 0
  7: 0
  8: 0
  9: 0
  10: 0
  11: 0
  12: 0
  13: 0
  14: 0
  15: 0
  16: 0
  17: 0
  18: 0
  19: 0
  20: 0
  21: 0
  22: 0
  23: 0
  24: 0
  25: 0
  26: 0
  27: 0
  28: 0
  29: 0
  30: 0
  31: 0
  32: 0
  33: 0
  34: 0
  35: 0
  36: 0
  37: 0
  38: 0
  39: 0
  40: 0
  41: 0
  42: 0
  43: 0
  44: 0
  45: 0
  46: 0
  47: 0
  48: 0
  49: 0
  50: 0
  51: 0
  52: 0
  53: 0
  54: 0
  55: 0
  56: 0
  57: 0
  58: 0
  59: 0
  60: 0
  61: 0
  62: 0
  63: 0
 heartbeats: # Per-process heartbeats
  0: 0
  1: 0
  2: 0
  3: 0
  4: 0
  5: 0
  6: 0
  7: 0
  8: 0
  9: 0
  10: 0
  11: 0
  12: 0
  13: 0
  14: 0
  15: 0
  16: 0
  17: 0
  18: 0
  19: 0
  20: 0
  21: 0
  22: 0
  23: 0
  24: 0
  25: 0
  26: 0
  27: 0
  28: 0
  29: 0
  30: 0
  31: 0
  32: 0
  33: 0
  34: 0
  35: 0
  36: 0
  37: 0
  38: 0
  39: 0
  40: 0
  41: 0
  42: 0
  43: 0
  44: 0
  45: 0
  46: 0
  47: 0
  48: 0
  49: 0
  50: 0
  51: 0
  52: 0
  53: 0
  54: 0
  55: 0
  56: 0
  57: 0
  58: 0
  59: 0
  60: 0
  61: 0
  62: 0
  63: 0
===
