# zsim stats
===
root: # Stats
 contention: # Contention simulation stats
  domain-0: # Domain stats
   time: 429604229 # Weave simulation time
 time: # Simulator time breakdown
  init: 1089088056
  bound: 449389891775
  weave: 10934716092
  ff: 0
 trigger: 20000 # Reason for this stats dump
 phase: 39289 # Simulated phases
 westmere: # Core stats
  westmere-0: # Core stats
   cycles: 392890009 # Simulated unhalted cycles
   cCycles: 27601 # Cycles due to contention stalls
   instrs: 625008699 # Simulated instructions
   uops: 750425120 # Retired micro-ops
   bbls: 83821127 # Basic blocks
   approxInstrs: 6871241 # Instrs with approx uop decoding
   mispredBranches: 1800406 # Mispredicted branches
   condBranches: 64863277 # conditional branches
  westmere-1: # Core stats
   cycles: 392880001 # Simulated unhalted cycles
   cCycles: 25635 # Cycles due to contention stalls
   instrs: 625006415 # Simulated instructions
   uops: 750421956 # Retired micro-ops
   bbls: 83820519 # Basic blocks
   approxInstrs: 6871291 # Instrs with approx uop decoding
   mispredBranches: 1800383 # Mispredicted branches
   condBranches: 64862753 # conditional branches
  westmere-2: # Core stats
   cycles: 392880005 # Simulated unhalted cycles
   cCycles: 24858 # Cycles due to contention stalls
   instrs: 625012172 # Simulated instructions
   uops: 750428496 # Retired micro-ops
   bbls: 83821321 # Basic blocks
   approxInstrs: 6871290 # Instrs with approx uop decoding
   mispredBranches: 1800388 # Mispredicted branches
   condBranches: 64863559 # conditional branches
  westmere-3: # Core stats
   cycles: 392880001 # Simulated unhalted cycles
   cCycles: 25408 # Cycles due to contention stalls
   instrs: 625005783 # Simulated instructions
   uops: 750421243 # Retired micro-ops
   bbls: 83820427 # Basic blocks
   approxInstrs: 6871281 # Instrs with approx uop decoding
   mispredBranches: 1800378 # Mispredicted branches
   condBranches: 64862675 # conditional branches
  westmere-4: # Core stats
   cycles: 392880003 # Simulated unhalted cycles
   cCycles: 26054 # Cycles due to contention stalls
   instrs: 625008925 # Simulated instructions
   uops: 750424804 # Retired micro-ops
   bbls: 83820868 # Basic blocks
   approxInstrs: 6871290 # Instrs with approx uop decoding
   mispredBranches: 1800385 # Mispredicted branches
   condBranches: 64863106 # conditional branches
  westmere-5: # Core stats
   cycles: 392880015 # Simulated unhalted cycles
   cCycles: 24945 # Cycles due to contention stalls
   instrs: 625000374 # Simulated instructions
   uops: 750414537 # Retired micro-ops
   bbls: 83819690 # Basic blocks
   approxInstrs: 6871087 # Instrs with approx uop decoding
   mispredBranches: 1800323 # Mispredicted branches
   condBranches: 64862256 # conditional branches
  westmere-6: # Core stats
   cycles: 392880001 # Simulated unhalted cycles
   cCycles: 26333 # Cycles due to contention stalls
   instrs: 625011034 # Simulated instructions
   uops: 750427204 # Retired micro-ops
   bbls: 83821159 # Basic blocks
   approxInstrs: 6871289 # Instrs with approx uop decoding
   mispredBranches: 1800387 # Mispredicted branches
   condBranches: 64863401 # conditional branches
  westmere-7: # Core stats
   cycles: 392880001 # Simulated unhalted cycles
   cCycles: 24018 # Cycles due to contention stalls
   instrs: 625015279 # Simulated instructions
   uops: 750432029 # Retired micro-ops
   bbls: 83821756 # Basic blocks
   approxInstrs: 6871290 # Instrs with approx uop decoding
   mispredBranches: 1800390 # Mispredicted branches
   condBranches: 64863994 # conditional branches
 l1i: # Cache stats
  l1i-0: # Filter cache stats
   fhGETS: 112021787 # Filtered GETS hits
   fhGETX: 0 # Filtered GETX hits
   hGETS: 1226292 # GETS hits
   hGETX: 0 # GETX hits
   mGETS: 45498 # GETS misses
   mGETXIM: 0 # GETX I->M misses
   mGETXSM: 0 # GETX S->M misses (upgrade misses)
   PUTS: 0 # Clean evictions (from lower level)
   PUTX: 0 # Dirty evictions (from lower level)
   INV: 0 # Invalidates (from upper level)
   INVX: 0 # Downgrades (from upper level)
   FWD: 0 # Forwards (from upper level)
   latGETnl: 482004 # GET request latency on next level
   latGETnet: 0 # GET request latency on network to next level
  l1i-1: # Filter cache stats
   fhGETS: 112021334 # Filtered GETS hits
   fhGETX: 0 # Filtered GETX hits
   hGETS: 1226165 # GETS hits
   hGETX: 0 # GETX hits
   mGETS: 45421 # GETS misses
   mGETXIM: 0 # GETX I->M misses
   mGETXSM: 0 # GETX S->M misses (upgrade misses)
   PUTS: 0 # Clean evictions (from lower level)
   PUTX: 0 # Dirty evictions (from lower level)
   INV: 0 # Invalidates (from upper level)
   INVX: 0 # Downgrades (from upper level)
   FWD: 0 # Forwards (from upper level)
   latGETnl: 476560 # GET request latency on next level
   latGETnet: 0 # GET request latency on network to next level
  l1i-2: # Filter cache stats
   fhGETS: 112022405 # Filtered GETS hits
   fhGETX: 0 # Filtered GETX hits
   hGETS: 1226165 # GETS hits
   hGETX: 0 # GETX hits
   mGETS: 45426 # GETS misses
   mGETXIM: 0 # GETX I->M misses
   mGETXSM: 0 # GETX S->M misses (upgrade misses)
   PUTS: 0 # Clean evictions (from lower level)
   PUTX: 0 # Dirty evictions (from lower level)
   INV: 0 # Invalidates (from upper level)
   INVX: 0 # Downgrades (from upper level)
   FWD: 0 # Forwards (from upper level)
   latGETnl: 478098 # GET request latency on next level
   latGETnet: 0 # GET request latency on network to next level
  l1i-3: # Filter cache stats
   fhGETS: 112021250 # Filtered GETS hits
   fhGETX: 0 # Filtered GETX hits
   hGETS: 1226157 # GETS hits
   hGETX: 0 # GETX hits
   mGETS: 45425 # GETS misses
   mGETXIM: 0 # GETX I->M misses
   mGETXSM: 0 # GETX S->M misses (upgrade misses)
   PUTS: 0 # Clean evictions (from lower level)
   PUTX: 0 # Dirty evictions (from lower level)
   INV: 0 # Invalidates (from upper level)
   INVX: 0 # Downgrades (from upper level)
   FWD: 0 # Forwards (from upper level)
   latGETnl: 476606 # GET request latency on next level
   latGETnet: 0 # GET request latency on network to next level
  l1i-4: # Filter cache stats
   fhGETS: 112021859 # Filtered GETS hits
   fhGETX: 0 # Filtered GETX hits
   hGETS: 1226166 # GETS hits
   hGETX: 0 # GETX hits
   mGETS: 45427 # GETS misses
   mGETXIM: 0 # GETX I->M misses
   mGETXSM: 0 # GETX S->M misses (upgrade misses)
   PUTS: 0 # Clean evictions (from lower level)
   PUTX: 0 # Dirty evictions (from lower level)
   INV: 0 # Invalidates (from upper level)
   INVX: 0 # Downgrades (from upper level)
   FWD: 0 # Forwards (from upper level)
   latGETnl: 478222 # GET request latency on next level
   latGETnet: 0 # GET request latency on network to next level
  l1i-5: # Filter cache stats
   fhGETS: 112020049 # Filtered GETS hits
   fhGETX: 0 # Filtered GETX hits
   hGETS: 1226160 # GETS hits
   hGETX: 0 # GETX hits
   mGETS: 45420 # GETS misses
   mGETXIM: 0 # GETX I->M misses
   mGETXSM: 0 # GETX S->M misses (upgrade misses)
   PUTS: 0 # Clean evictions (from lower level)
   PUTX: 0 # Dirty evictions (from lower level)
   INV: 0 # Invalidates (from upper level)
   INVX: 0 # Downgrades (from upper level)
   FWD: 0 # Forwards (from upper level)
   latGETnl: 475854 # GET request latency on next level
   latGETnet: 0 # GET request latency on network to next level
  l1i-6: # Filter cache stats
   fhGETS: 112022164 # Filtered GETS hits
   fhGETX: 0 # Filtered GETX hits
   hGETS: 1226167 # GETS hits
   hGETX: 0 # GETX hits
   mGETS: 45422 # GETS misses
   mGETXIM: 0 # GETX I->M misses
   mGETXSM: 0 # GETX S->M misses (upgrade misses)
   PUTS: 0 # Clean evictions (from lower level)
   PUTX: 0 # Dirty evictions (from lower level)
   INV: 0 # Invalidates (from upper level)
   INVX: 0 # Downgrades (from upper level)
   FWD: 0 # Forwards (from upper level)
   latGETnl: 472904 # GET request latency on next level
   latGETnet: 0 # GET request latency on network to next level
  l1i-7: # Filter cache stats
   fhGETS: 112022947 # Filtered GETS hits
   fhGETX: 0 # Filtered GETX hits
   hGETS: 1226167 # GETS hits
   hGETX: 0 # GETX hits
   mGETS: 45423 # GETS misses
   mGETXIM: 0 # GETX I->M misses
   mGETXSM: 0 # GETX S->M misses (upgrade misses)
   PUTS: 0 # Clean evictions (from lower level)
   PUTX: 0 # Dirty evictions (from lower level)
   INV: 0 # Invalidates (from upper level)
   INVX: 0 # Downgrades (from upper level)
   FWD: 0 # Forwards (from upper level)
   latGETnl: 473952 # GET request latency on next level
   latGETnet: 0 # GET request latency on network to next level
 l1d: # Cache stats
  l1d-0: # Filter cache stats
   fhGETS: 160973944 # Filtered GETS hits
   fhGETX: 38007574 # Filtered GETX hits
   hGETS: 11096965 # GETS hits
   hGETX: 11692585 # GETX hits
   mGETS: 1335886 # GETS misses
   mGETXIM: 1105302 # GETX I->M misses
   mGETXSM: 7 # GETX S->M misses (upgrade misses)
   PUTS: 0 # Clean evictions (from lower level)
   PUTX: 0 # Dirty evictions (from lower level)
   INV: 37 # Invalidates (from upper level)
   INVX: 39 # Downgrades (from upper level)
   FWD: 0 # Forwards (from upper level)
   latGETnl: 24583176 # GET request latency on next level
   latGETnet: 0 # GET request latency on network to next level
  l1d-1: # Filter cache stats
   fhGETS: 157364736 # Filtered GETS hits
   fhGETX: 37716384 # Filtered GETX hits
   hGETS: 14704079 # GETS hits
   hGETX: 11989334 # GETX hits
   mGETS: 1337992 # GETS misses
   mGETXIM: 1098616 # GETX I->M misses
   mGETXSM: 4 # GETX S->M misses (upgrade misses)
   PUTS: 0 # Clean evictions (from lower level)
   PUTX: 0 # Dirty evictions (from lower level)
   INV: 8 # Invalidates (from upper level)
   INVX: 76 # Downgrades (from upper level)
   FWD: 0 # Forwards (from upper level)
   latGETnl: 24525252 # GET request latency on next level
   latGETnet: 0 # GET request latency on network to next level
  l1d-2: # Filter cache stats
   fhGETS: 160984151 # Filtered GETS hits
   fhGETX: 38008870 # Filtered GETX hits
   hGETS: 11089025 # GETS hits
   hGETX: 11690968 # GETX hits
   mGETS: 1335767 # GETS misses
   mGETXIM: 1104661 # GETX I->M misses
   mGETXSM: 6 # GETX S->M misses (upgrade misses)
   PUTS: 0 # Clean evictions (from lower level)
   PUTX: 0 # Dirty evictions (from lower level)
   INV: 6 # Invalidates (from upper level)
   INVX: 37 # Downgrades (from upper level)
   FWD: 0 # Forwards (from upper level)
   latGETnl: 24559710 # GET request latency on next level
   latGETnet: 0 # GET request latency on network to next level
  l1d-3: # Filter cache stats
   fhGETS: 160967149 # Filtered GETS hits
   fhGETX: 38008329 # Filtered GETX hits
   hGETS: 11102158 # GETS hits
   hGETX: 11691911 # GETX hits
   mGETS: 1337305 # GETS misses
   mGETXIM: 1104069 # GETX I->M misses
   mGETXSM: 5 # GETX S->M misses (upgrade misses)
   PUTS: 0 # Clean evictions (from lower level)
   PUTX: 0 # Dirty evictions (from lower level)
   INV: 6 # Invalidates (from upper level)
   INVX: 57 # Downgrades (from upper level)
   FWD: 0 # Forwards (from upper level)
   latGETnl: 24571883 # GET request latency on next level
   latGETnet: 0 # GET request latency on network to next level
  l1d-4: # Filter cache stats
   fhGETS: 158858710 # Filtered GETS hits
   fhGETX: 38012178 # Filtered GETX hits
   hGETS: 13210832 # GETS hits
   hGETX: 11684710 # GETX hits
   mGETS: 1338197 # GETS misses
   mGETXIM: 1107514 # GETX I->M misses
   mGETXSM: 6 # GETX S->M misses (upgrade misses)
   PUTS: 0 # Clean evictions (from lower level)
   PUTX: 0 # Dirty evictions (from lower level)
   INV: 6 # Invalidates (from upper level)
   INVX: 40 # Downgrades (from upper level)
   FWD: 0 # Forwards (from upper level)
   latGETnl: 24613064 # GET request latency on next level
   latGETnet: 0 # GET request latency on network to next level
  l1d-5: # Filter cache stats
   fhGETS: 161149789 # Filtered GETS hits
   fhGETX: 38009334 # Filtered GETX hits
   hGETS: 10917487 # GETS hits
   hGETX: 11694412 # GETX hits
   mGETS: 1337686 # GETS misses
   mGETXIM: 1100255 # GETX I->M misses
   mGETXSM: 6 # GETX S->M misses (upgrade misses)
   PUTS: 0 # Clean evictions (from lower level)
   PUTX: 0 # Dirty evictions (from lower level)
   INV: 6 # Invalidates (from upper level)
   INVX: 35 # Downgrades (from upper level)
   FWD: 0 # Forwards (from upper level)
   latGETnl: 24535365 # GET request latency on next level
   latGETnet: 0 # GET request latency on network to next level
  l1d-6: # Filter cache stats
   fhGETS: 160889581 # Filtered GETS hits
   fhGETX: 38019642 # Filtered GETX hits
   hGETS: 11182858 # GETS hits
   hGETX: 11672452 # GETX hits
   mGETS: 1336087 # GETS misses
   mGETXIM: 1112373 # GETX I->M misses
   mGETXSM: 6 # GETX S->M misses (upgrade misses)
   PUTS: 0 # Clean evictions (from lower level)
   PUTX: 0 # Dirty evictions (from lower level)
   INV: 6 # Invalidates (from upper level)
   INVX: 96 # Downgrades (from upper level)
   FWD: 0 # Forwards (from upper level)
   latGETnl: 24645737 # GET request latency on next level
   latGETnet: 0 # GET request latency on network to next level
  l1d-7: # Filter cache stats
   fhGETS: 156620969 # Filtered GETS hits
   fhGETX: 37728442 # Filtered GETX hits
   hGETS: 15449809 # GETS hits
   hGETX: 11976094 # GETX hits
   mGETS: 1339314 # GETS misses
   mGETXIM: 1100056 # GETX I->M misses
   mGETXSM: 6 # GETX S->M misses (upgrade misses)
   PUTS: 0 # Clean evictions (from lower level)
   PUTX: 0 # Dirty evictions (from lower level)
   INV: 6 # Invalidates (from upper level)
   INVX: 65 # Downgrades (from upper level)
   FWD: 0 # Forwards (from upper level)
   latGETnl: 24551662 # GET request latency on next level
   latGETnet: 0 # GET request latency on network to next level
 l2: # Cache stats
  l2-0: # Cache stats
   hGETS: 1380132 # GETS hits
   hGETX: 1104082 # GETX hits
   mGETS: 1252 # GETS misses
   mGETXIM: 1220 # GETX I->M misses
   mGETXSM: 7 # GETX S->M misses (upgrade misses)
   PUTS: 1190406 # Clean evictions (from lower level)
   PUTX: 1295239 # Dirty evictions (from lower level)
   INV: 37 # Invalidates (from upper level)
   INVX: 42 # Downgrades (from upper level)
   FWD: 0 # Forwards (from upper level)
   latGETnl: 198250 # GET request latency on next level
   latGETnet: 0 # GET request latency on network to next level
  l2-1: # Cache stats
   hGETS: 1382254 # GETS hits
   hGETX: 1097521 # GETX hits
   mGETS: 1159 # GETS misses
   mGETXIM: 1095 # GETX I->M misses
   mGETXSM: 4 # GETX S->M misses (upgrade misses)
   PUTS: 1192732 # Clean evictions (from lower level)
   PUTX: 1288295 # Dirty evictions (from lower level)
   INV: 8 # Invalidates (from upper level)
   INVX: 76 # Downgrades (from upper level)
   FWD: 0 # Forwards (from upper level)
   latGETnl: 181482 # GET request latency on next level
   latGETnet: 0 # GET request latency on network to next level
  l2-2: # Cache stats
   hGETS: 1380032 # GETS hits
   hGETX: 1103566 # GETX hits
   mGETS: 1161 # GETS misses
   mGETXIM: 1095 # GETX I->M misses
   mGETXSM: 6 # GETX S->M misses (upgrade misses)
   PUTS: 1189987 # Clean evictions (from lower level)
   PUTX: 1294868 # Dirty evictions (from lower level)
   INV: 6 # Invalidates (from upper level)
   INVX: 37 # Downgrades (from upper level)
   FWD: 0 # Forwards (from upper level)
   latGETnl: 179208 # GET request latency on next level
   latGETnet: 0 # GET request latency on network to next level
  l2-3: # Cache stats
   hGETS: 1381567 # GETS hits
   hGETX: 1102974 # GETX hits
   mGETS: 1163 # GETS misses
   mGETXIM: 1095 # GETX I->M misses
   mGETXSM: 5 # GETX S->M misses (upgrade misses)
   PUTS: 1191061 # Clean evictions (from lower level)
   PUTX: 1294738 # Dirty evictions (from lower level)
   INV: 6 # Invalidates (from upper level)
   INVX: 57 # Downgrades (from upper level)
   FWD: 0 # Forwards (from upper level)
   latGETnl: 180449 # GET request latency on next level
   latGETnet: 0 # GET request latency on network to next level
  l2-4: # Cache stats
   hGETS: 1382462 # GETS hits
   hGETX: 1106419 # GETX hits
   mGETS: 1162 # GETS misses
   mGETXIM: 1095 # GETX I->M misses
   mGETXSM: 6 # GETX S->M misses (upgrade misses)
   PUTS: 1191899 # Clean evictions (from lower level)
   PUTX: 1298240 # Dirty evictions (from lower level)
   INV: 6 # Invalidates (from upper level)
   INVX: 40 # Downgrades (from upper level)
   FWD: 0 # Forwards (from upper level)
   latGETnl: 179846 # GET request latency on next level
   latGETnet: 0 # GET request latency on network to next level
  l2-5: # Cache stats
   hGETS: 1381946 # GETS hits
   hGETX: 1099160 # GETX hits
   mGETS: 1160 # GETS misses
   mGETXIM: 1095 # GETX I->M misses
   mGETXSM: 6 # GETX S->M misses (upgrade misses)
   PUTS: 1192921 # Clean evictions (from lower level)
   PUTX: 1289443 # Dirty evictions (from lower level)
   INV: 6 # Invalidates (from upper level)
   INVX: 35 # Downgrades (from upper level)
   FWD: 0 # Forwards (from upper level)
   latGETnl: 177549 # GET request latency on next level
   latGETnet: 0 # GET request latency on network to next level
  l2-6: # Cache stats
   hGETS: 1380349 # GETS hits
   hGETX: 1111278 # GETX hits
   mGETS: 1160 # GETS misses
   mGETXIM: 1095 # GETX I->M misses
   mGETXSM: 6 # GETX S->M misses (upgrade misses)
   PUTS: 1190048 # Clean evictions (from lower level)
   PUTX: 1302837 # Dirty evictions (from lower level)
   INV: 6 # Invalidates (from upper level)
   INVX: 96 # Downgrades (from upper level)
   FWD: 0 # Forwards (from upper level)
   latGETnl: 179761 # GET request latency on next level
   latGETnet: 0 # GET request latency on network to next level
  l2-7: # Cache stats
   hGETS: 1383575 # GETS hits
   hGETX: 1098961 # GETX hits
   mGETS: 1162 # GETS misses
   mGETXIM: 1095 # GETX I->M misses
   mGETXSM: 6 # GETX S->M misses (upgrade misses)
   PUTS: 1191386 # Clean evictions (from lower level)
   PUTX: 1292408 # Dirty evictions (from lower level)
   INV: 6 # Invalidates (from upper level)
   INVX: 65 # Downgrades (from upper level)
   FWD: 0 # Forwards (from upper level)
   latGETnl: 177624 # GET request latency on next level
   latGETnet: 0 # GET request latency on network to next level
 l3: # Cache stats
  l3-0b0: # Cache stats
   hGETS: 869 # GETS hits
   hGETX: 6 # GETX hits
   mGETS: 296 # GETS misses
   mGETXIM: 1098 # GETX I->M misses
   mGETXSM: 0 # GETX S->M misses (upgrade misses)
   PUTS: 0 # Clean evictions (from lower level)
   PUTX: 0 # Dirty evictions (from lower level)
   INV: 0 # Invalidates (from upper level)
   INVX: 0 # Downgrades (from upper level)
   FWD: 0 # Forwards (from upper level)
   latGETnl: 125460 # GET request latency on next level
   latGETnet: 0 # GET request latency on network to next level
  l3-0b1: # Cache stats
   hGETS: 900 # GETS hits
   hGETX: 12 # GETX hits
   mGETS: 305 # GETS misses
   mGETXIM: 1092 # GETX I->M misses
   mGETXSM: 0 # GETX S->M misses (upgrade misses)
   PUTS: 1 # Clean evictions (from lower level)
   PUTX: 0 # Dirty evictions (from lower level)
   INV: 0 # Invalidates (from upper level)
   INVX: 0 # Downgrades (from upper level)
   FWD: 0 # Forwards (from upper level)
   latGETnl: 125730 # GET request latency on next level
   latGETnet: 0 # GET request latency on network to next level
  l3-0b2: # Cache stats
   hGETS: 899 # GETS hits
   hGETX: 5 # GETX hits
   mGETS: 279 # GETS misses
   mGETXIM: 1123 # GETX I->M misses
   mGETXSM: 0 # GETX S->M misses (upgrade misses)
   PUTS: 0 # Clean evictions (from lower level)
   PUTX: 0 # Dirty evictions (from lower level)
   INV: 0 # Invalidates (from upper level)
   INVX: 0 # Downgrades (from upper level)
   FWD: 0 # Forwards (from upper level)
   latGETnl: 126180 # GET request latency on next level
   latGETnet: 0 # GET request latency on network to next level
  l3-0b3: # Cache stats
   hGETS: 855 # GETS hits
   hGETX: 4 # GETX hits
   mGETS: 301 # GETS misses
   mGETXIM: 1099 # GETX I->M misses
   mGETXSM: 0 # GETX S->M misses (upgrade misses)
   PUTS: 0 # Clean evictions (from lower level)
   PUTX: 0 # Dirty evictions (from lower level)
   INV: 0 # Invalidates (from upper level)
   INVX: 0 # Downgrades (from upper level)
   FWD: 0 # Forwards (from upper level)
   latGETnl: 126000 # GET request latency on next level
   latGETnet: 0 # GET request latency on network to next level
  l3-0b4: # Cache stats
   hGETS: 850 # GETS hits
   hGETX: 6 # GETX hits
   mGETS: 278 # GETS misses
   mGETXIM: 1124 # GETX I->M misses
   mGETXSM: 0 # GETX S->M misses (upgrade misses)
   PUTS: 0 # Clean evictions (from lower level)
   PUTX: 0 # Dirty evictions (from lower level)
   INV: 0 # Invalidates (from upper level)
   INVX: 0 # Downgrades (from upper level)
   FWD: 0 # Forwards (from upper level)
   latGETnl: 126180 # GET request latency on next level
   latGETnet: 0 # GET request latency on network to next level
  l3-0b5: # Cache stats
   hGETS: 897 # GETS hits
   hGETX: 16 # GETX hits
   mGETS: 303 # GETS misses
   mGETXIM: 1105 # GETX I->M misses
   mGETXSM: 0 # GETX S->M misses (upgrade misses)
   PUTS: 0 # Clean evictions (from lower level)
   PUTX: 0 # Dirty evictions (from lower level)
   INV: 0 # Invalidates (from upper level)
   INVX: 0 # Downgrades (from upper level)
   FWD: 0 # Forwards (from upper level)
   latGETnl: 126720 # GET request latency on next level
   latGETnet: 0 # GET request latency on network to next level
  l3-0b6: # Cache stats
   hGETS: 869 # GETS hits
   hGETX: 14 # GETX hits
   mGETS: 294 # GETS misses
   mGETXIM: 1104 # GETX I->M misses
   mGETXSM: 0 # GETX S->M misses (upgrade misses)
   PUTS: 0 # Clean evictions (from lower level)
   PUTX: 1 # Dirty evictions (from lower level)
   INV: 0 # Invalidates (from upper level)
   INVX: 0 # Downgrades (from upper level)
   FWD: 0 # Forwards (from upper level)
   latGETnl: 125820 # GET request latency on next level
   latGETnet: 0 # GET request latency on network to next level
  l3-0b7: # Cache stats
   hGETS: 886 # GETS hits
   hGETX: 11 # GETX hits
   mGETS: 298 # GETS misses
   mGETXIM: 1112 # GETX I->M misses
   mGETXSM: 0 # GETX S->M misses (upgrade misses)
   PUTS: 0 # Clean evictions (from lower level)
   PUTX: 0 # Dirty evictions (from lower level)
   INV: 0 # Invalidates (from upper level)
   INVX: 0 # Downgrades (from upper level)
   FWD: 0 # Forwards (from upper level)
   latGETnl: 126900 # GET request latency on next level
   latGETnet: 0 # GET request latency on network to next level
 mem: # Memory controller stats
  mem-0: # Memory controller stats
   rd: 2845 # Read requests
   wr: 0 # Write requests
   rdlat: 503129 # Total latency experienced by read requests
   wrlat: 0 # Total latency experienced by write requests
   rdhits: 302 # Read row hits
   wrhits: 0 # Write row hits
   mlh: # latency histogram for memory requests
    0: 0
    1: 0
    2: 0
    3: 0
    4: 0
    5: 0
    6: 0
    7: 0
    8: 0
    9: 0
    10: 0
    11: 16
    12: 31
    13: 1759
    14: 241
    15: 97
    16: 81
    17: 30
    18: 33
    19: 28
    20: 29
    21: 29
    22: 27
    23: 23
    24: 24
    25: 15
    26: 12
    27: 11
    28: 18
    29: 10
    30: 11
    31: 15
    32: 14
    33: 18
    34: 11
    35: 13
    36: 17
    37: 22
    38: 14
    39: 13
    40: 19
    41: 15
    42: 14
    43: 14
    44: 15
    45: 15
    46: 11
    47: 12
    48: 8
    49: 7
    50: 9
    51: 7
    52: 10
    53: 2
    54: 8
    55: 2
    56: 5
    57: 1
    58: 2
    59: 1
    60: 3
    61: 1
    62: 1
    63: 1
    64: 0
    65: 0
    66: 0
    67: 0
    68: 0
    69: 0
    70: 0
    71: 0
    72: 0
    73: 0
    74: 0
    75: 0
    76: 0
    77: 0
    78: 0
    79: 0
    80: 0
    81: 0
    82: 0
    83: 0
    84: 0
    85: 0
    86: 0
    87: 0
    88: 0
    89: 0
    90: 0
    91: 0
    92: 0
    93: 0
    94: 0
    95: 0
    96: 0
    97: 0
    98: 0
    99: 0
  mem-1: # Memory controller stats
   rd: 2787 # Read requests
   wr: 0 # Write requests
   rdlat: 460183 # Total latency experienced by read requests
   wrlat: 0 # Total latency experienced by write requests
   rdhits: 311 # Read row hits
   wrhits: 0 # Write row hits
   mlh: # latency histogram for memory requests
    0: 0
    1: 0
    2: 0
    3: 0
    4: 0
    5: 0
    6: 0
    7: 0
    8: 0
    9: 0
    10: 0
    11: 14
    12: 42
    13: 1795
    14: 248
    15: 93
    16: 62
    17: 31
    18: 23
    19: 22
    20: 31
    21: 31
    22: 30
    23: 28
    24: 30
    25: 24
    26: 21
    27: 27
    28: 19
    29: 10
    30: 13
    31: 13
    32: 13
    33: 13
    34: 11
    35: 10
    36: 14
    37: 18
    38: 17
    39: 5
    40: 19
    41: 9
    42: 4
    43: 4
    44: 10
    45: 2
    46: 3
    47: 3
    48: 4
    49: 1
    50: 2
    51: 1
    52: 2
    53: 1
    54: 1
    55: 1
    56: 1
    57: 1
    58: 2
    59: 2
    60: 0
    61: 0
    62: 0
    63: 0
    64: 0
    65: 2
    66: 0
    67: 1
    68: 0
    69: 0
    70: 1
    71: 0
    72: 0
    73: 0
    74: 0
    75: 1
    76: 0
    77: 0
    78: 1
    79: 0
    80: 0
    81: 0
    82: 0
    83: 0
    84: 0
    85: 0
    86: 0
    87: 0
    88: 0
    89: 0
    90: 0
    91: 0
    92: 0
    93: 0
    94: 0
    95: 0
    96: 0
    97: 0
    98: 0
    99: 0
  mem-2: # Memory controller stats
   rd: 2795 # Read requests
   wr: 0 # Write requests
   rdlat: 478211 # Total latency experienced by read requests
   wrlat: 0 # Total latency experienced by write requests
   rdhits: 318 # Read row hits
   wrhits: 0 # Write row hits
   mlh: # latency histogram for memory requests
    0: 0
    1: 0
    2: 0
    3: 0
    4: 0
    5: 0
    6: 0
    7: 0
    8: 0
    9: 0
    10: 0
    11: 14
    12: 23
    13: 1749
    14: 246
    15: 97
    16: 83
    17: 21
    18: 42
    19: 35
    20: 27
    21: 26
    22: 16
    23: 33
    24: 15
    25: 25
    26: 20
    27: 17
    28: 17
    29: 12
    30: 17
    31: 12
    32: 15
    33: 10
    34: 21
    35: 15
    36: 13
    37: 20
    38: 14
    39: 15
    40: 24
    41: 19
    42: 12
    43: 5
    44: 8
    45: 7
    46: 5
    47: 8
    48: 2
    49: 6
    50: 11
    51: 4
    52: 3
    53: 1
    54: 2
    55: 2
    56: 1
    57: 2
    58: 1
    59: 0
    60: 1
    61: 0
    62: 0
    63: 1
    64: 0
    65: 0
    66: 0
    67: 0
    68: 0
    69: 0
    70: 0
    71: 0
    72: 0
    73: 0
    74: 0
    75: 0
    76: 0
    77: 0
    78: 0
    79: 0
    80: 0
    81: 0
    82: 0
    83: 0
    84: 0
    85: 0
    86: 0
    87: 0
    88: 0
    89: 0
    90: 0
    91: 0
    92: 0
    93: 0
    94: 0
    95: 0
    96: 0
    97: 0
    98: 0
    99: 0
  mem-3: # Memory controller stats
   rd: 2784 # Read requests
   wr: 0 # Write requests
   rdlat: 453746 # Total latency experienced by read requests
   wrlat: 0 # Total latency experienced by write requests
   rdhits: 304 # Read row hits
   wrhits: 0 # Write row hits
   mlh: # latency histogram for memory requests
    0: 0
    1: 0
    2: 0
    3: 0
    4: 0
    5: 0
    6: 0
    7: 0
    8: 0
    9: 0
    10: 0
    11: 15
    12: 36
    13: 1786
    14: 258
    15: 66
    16: 75
    17: 43
    18: 28
    19: 31
    20: 27
    21: 27
    22: 40
    23: 34
    24: 35
    25: 27
    26: 23
    27: 21
    28: 15
    29: 19
    30: 12
    31: 10
    32: 14
    33: 11
    34: 13
    35: 7
    36: 8
    37: 12
    38: 12
    39: 12
    40: 18
    41: 5
    42: 7
    43: 5
    44: 7
    45: 3
    46: 6
    47: 1
    48: 3
    49: 3
    50: 1
    51: 4
    52: 2
    53: 1
    54: 0
    55: 1
    56: 0
    57: 0
    58: 0
    59: 0
    60: 0
    61: 0
    62: 0
    63: 0
    64: 0
    65: 0
    66: 0
    67: 0
    68: 0
    69: 0
    70: 0
    71: 0
    72: 0
    73: 0
    74: 0
    75: 0
    76: 0
    77: 0
    78: 0
    79: 0
    80: 0
    81: 0
    82: 0
    83: 0
    84: 0
    85: 0
    86: 0
    87: 0
    88: 0
    89: 0
    90: 0
    91: 0
    92: 0
    93: 0
    94: 0
    95: 0
    96: 0
    97: 0
    98: 0
    99: 0
 sched: # Scheduler stats
  thCr: 9 # Threads created
  thFn: 0 # Threads finished
  schedEvs: 9 # Schedule events
  waitEvs: 1 # Wait events
  handoffEvs: 0 # Handoff events
  sleepEvs: 0 # Sleep events
  idlePhases: 0 # Phases with no thread active
  idlePeriods: 0 # Periods with no thread active
  occHist: # Occupancy histogram
   0: 0
   1: 1
   2: 0
   3: 0
   4: 0
   5: 0
   6: 0
   7: 0
   8: 39288
  rqSzHist: # Run queue size histogram
   0: 39288
   1: 1
   2: 0
   3: 0
   4: 0
   5: 0
   6: 0
   7: 0
   8: 0
   9: 0
   10: 0
   11: 0
   12: 0
   13: 0
   14: 0
   15: 0
   16: 0
 procCycles: # Per-process unhalted core cycles
  0: 3143050036
  1: 0
  2: 0
  3: 0
  4: 0
  5: 0
  6: 0
  7: 0
  8: 0
  9: 0
  10: 0
  11: 0
  12: 0
  13: 0
  14: 0
  15: 0
  16: 0
  17: 0
  18: 0
  19: 0
  20: 0
  21: 0
  22: 0
  23: 0
  24: 0
  25: 0
  26: 0
  27: 0
  28: 0
  29: 0
  30: 0
  31: 0
  32: 0
  33: 0
  34: 0
  35: 0
  36: 0
  37: 0
  38: 0
  39: 0
  40: 0
  41: 0
  42: 0
  43: 0
  44: 0
  45: 0
  46: 0
  47: 0
  48: 0
  49: 0
  50: 0
  51: 0
  52: 0
  53: 0
  54: 0
  55: 0
  56: 0
  57: 0
  58: 0
  59: 0
  60: 0
  61: 0
  62: 0
  63: 0
 procInstrs: # Per-process instructions
  0: 5000068681
  1: 0
  2: 0
  3: 0
  4: 0
  5: 0
  6: 0
  7: 0
  8: 0
  9: 0
  10: 0
  11: 0
  12: 0
  13: 0
  14: 0
  15: 0
  16: 0
  17: 0
  18: 0
  19: 0
  20: 0
  21: 0
  22: 0
  23: 0
  24: 0
  25: 0
  26: 0
  27: 0
  28: 0
  29: 0
  30: 0
  31: 0
  32: 0
  33: 0
  34: 0
  35: 0
  36: 0
  37: 0
  38: 0
  39: 0
  40: 0
  41: 0
  42: 0
  43: 0
  44: 0
  45: 0
  46: 0
  47: 0
  48: 0
  49: 0
  50: 0
  51: 0
  52: 0
  53: 0
  54: 0
  55: 0
  56: 0
  57: 0
  58: 0
  59: 0
  60: 0
  61: 0
  62: 0
  63: 0
 heartbeats: # Per-process heartbeats
  0: 0
  1: 0
  2: 0
  3: 0
  4: 0
  5: 0
  6: 0
  7: 0
  8: 0
  9: 0
  10: 0
  11: 0
  12: 0
  13: 0
  14: 0
  15: 0
  16: 0
  17: 0
  18: 0
  19: 0
  20: 0
  21: 0
  22: 0
  23: 0
  24: 0
  25: 0
  26: 0
  27: 0
  28: 0
  29: 0
  30: 0
  31: 0
  32: 0
  33: 0
  34: 0
  35: 0
  36: 0
  37: 0
  38: 0
  39: 0
  40: 0
  41: 0
  42: 0
  43: 0
  44: 0
  45: 0
  46: 0
  47: 0
  48: 0
  49: 0
  50: 0
  51: 0
  52: 0
  53: 0
  54: 0
  55: 0
  56: 0
  57: 0
  58: 0
  59: 0
  60: 0
  61: 0
  62: 0
  63: 0
===
