# zsim stats
===
root: # Stats
 contention: # Contention simulation stats
  domain-0: # Domain stats
   time: 244793132 # Weave simulation time
 time: # Simulator time breakdown
  init: 10393889126922
  bound: 17494529113
  weave: 4255871572
  ff: 0
 trigger: 20000 # Reason for this stats dump
 phase: 6192 # Simulated phases
 westmere: # Core stats
  westmere-0: # Core stats
   cycles: 61920961 # Simulated unhalted cycles
   cCycles: 3746270 # Cycles due to contention stalls
   instrs: 100008125 # Simulated instructions
   uops: 142680500 # Retired micro-ops
   bbls: 4785646 # Basic blocks
   approxInstrs: 432 # Instrs with approx uop decoding
   mispredBranches: 23096 # Mispredicted branches
   condBranches: 4718336 # conditional branches
 l1i: # Cache stats
  l1i-0: # Filter cache stats
   fhGETS: 9440655 # Filtered GETS hits
   fhGETX: 0 # Filtered GETX hits
   hGETS: 20722 # GETS hits
   hGETX: 0 # GETX hits
   mGETS: 1907 # GETS misses
   mGETXIM: 0 # GETX I->M misses
   mGETXSM: 0 # GETX S->M misses (upgrade misses)
   PUTS: 0 # Clean evictions (from lower level)
   PUTX: 0 # Dirty evictions (from lower level)
   INV: 0 # Invalidates (from upper level)
   INVX: 0 # Downgrades (from upper level)
   FWD: 0 # Forwards (from upper level)
   latGETnl: 109520 # GET request latency on next level
   latGETnet: 0 # GET request latency on network to next level
 l1d: # Cache stats
  l1d-0: # Filter cache stats
   fhGETS: 27161407 # Filtered GETS hits
   fhGETX: 9102379 # Filtered GETX hits
   hGETS: 15673383 # GETS hits
   hGETX: 5952528 # GETX hits
   mGETS: 242011 # GETS misses
   mGETXIM: 291827 # GETX I->M misses
   mGETXSM: 0 # GETX S->M misses (upgrade misses)
   PUTS: 0 # Clean evictions (from lower level)
   PUTX: 0 # Dirty evictions (from lower level)
   INV: 0 # Invalidates (from upper level)
   INVX: 0 # Downgrades (from upper level)
   FWD: 0 # Forwards (from upper level)
   latGETnl: 25744266 # GET request latency on next level
   latGETnet: 0 # GET request latency on network to next level
 l2: # Cache stats
  l2-0: # Cache stats
   hGETS: 214105 # GETS hits
   hGETX: 1311 # GETX hits
   mGETS: 29813 # GETS misses
   mGETXIM: 290516 # GETX I->M misses
   mGETXSM: 0 # GETX S->M misses (upgrade misses)
   PUTS: 242235 # Clean evictions (from lower level)
   PUTX: 292564 # Dirty evictions (from lower level)
   INV: 0 # Invalidates (from upper level)
   INVX: 0 # Downgrades (from upper level)
   FWD: 0 # Forwards (from upper level)
   latGETnl: 20496336 # GET request latency on next level
   latGETnet: 0 # GET request latency on network to next level
 l3: # Cache stats
  l3-0: # Cache stats
   hGETS: 25188 # GETS hits
   hGETX: 152825 # GETX hits
   mGETS: 4625 # GETS misses
   mGETXIM: 137691 # GETX I->M misses
   mGETXSM: 0 # GETX S->M misses (upgrade misses)
   PUTS: 27518 # Clean evictions (from lower level)
   PUTX: 288715 # Dirty evictions (from lower level)
   INV: 0 # Invalidates (from upper level)
   INVX: 0 # Downgrades (from upper level)
   FWD: 0 # Forwards (from upper level)
   latGETnl: 12808440 # GET request latency on next level
   latGETnet: 0 # GET request latency on network to next level
 mem: # Memory controller stats
  mem-0: # Memory controller stats
   rd: 35598 # Read requests
   wr: 26901 # Write requests
   rdlat: 5047063 # Total latency experienced by read requests
   wrlat: 3812895 # Total latency experienced by write requests
   rdhits: 3 # Read row hits
   wrhits: 23 # Write row hits
   mlh: # latency histogram for memory requests
    0: 0
    1: 0
    2: 0
    3: 0
    4: 0
    5: 0
    6: 0
    7: 0
    8: 0
    9: 0
    10: 0
    11: 1
    12: 1
    13: 28018
    14: 5504
    15: 35
    16: 51
    17: 12
    18: 20
    19: 10
    20: 16
    21: 16
    22: 16
    23: 1395
    24: 23
    25: 38
    26: 28
    27: 32
    28: 21
    29: 18
    30: 30
    31: 17
    32: 16
    33: 21
    34: 23
    35: 25
    36: 27
    37: 18
    38: 16
    39: 17
    40: 17
    41: 22
    42: 23
    43: 15
    44: 3
    45: 2
    46: 1
    47: 29
    48: 3
    49: 6
    50: 3
    51: 1
    52: 7
    53: 1
    54: 0
    55: 0
    56: 0
    57: 0
    58: 0
    59: 0
    60: 0
    61: 0
    62: 0
    63: 0
    64: 0
    65: 0
    66: 0
    67: 0
    68: 0
    69: 0
    70: 0
    71: 0
    72: 0
    73: 0
    74: 0
    75: 0
    76: 0
    77: 0
    78: 0
    79: 0
    80: 0
    81: 0
    82: 0
    83: 0
    84: 0
    85: 0
    86: 0
    87: 0
    88: 0
    89: 0
    90: 0
    91: 0
    92: 0
    93: 0
    94: 0
    95: 0
    96: 0
    97: 0
    98: 0
    99: 0
  mem-1: # Memory controller stats
   rd: 35647 # Read requests
   wr: 26953 # Write requests
   rdlat: 5045370 # Total latency experienced by read requests
   wrlat: 3814091 # Total latency experienced by write requests
   rdhits: 2 # Read row hits
   wrhits: 33 # Write row hits
   mlh: # latency histogram for memory requests
    0: 0
    1: 0
    2: 0
    3: 0
    4: 0
    5: 0
    6: 0
    7: 0
    8: 0
    9: 0
    10: 0
    11: 1
    12: 0
    13: 28084
    14: 5509
    15: 42
    16: 53
    17: 19
    18: 21
    19: 25
    20: 12
    21: 15
    22: 14
    23: 1409
    24: 26
    25: 31
    26: 11
    27: 21
    28: 26
    29: 18
    30: 23
    31: 20
    32: 19
    33: 14
    34: 19
    35: 14
    36: 20
    37: 14
    38: 14
    39: 10
    40: 21
    41: 28
    42: 19
    43: 13
    44: 6
    45: 1
    46: 2
    47: 37
    48: 6
    49: 3
    50: 0
    51: 3
    52: 4
    53: 0
    54: 0
    55: 0
    56: 0
    57: 0
    58: 0
    59: 0
    60: 0
    61: 0
    62: 0
    63: 0
    64: 0
    65: 0
    66: 0
    67: 0
    68: 0
    69: 0
    70: 0
    71: 0
    72: 0
    73: 0
    74: 0
    75: 0
    76: 0
    77: 0
    78: 0
    79: 0
    80: 0
    81: 0
    82: 0
    83: 0
    84: 0
    85: 0
    86: 0
    87: 0
    88: 0
    89: 0
    90: 0
    91: 0
    92: 0
    93: 0
    94: 0
    95: 0
    96: 0
    97: 0
    98: 0
    99: 0
  mem-2: # Memory controller stats
   rd: 35540 # Read requests
   wr: 26827 # Write requests
   rdlat: 5025923 # Total latency experienced by read requests
   wrlat: 3790520 # Total latency experienced by write requests
   rdhits: 2 # Read row hits
   wrhits: 24 # Write row hits
   mlh: # latency histogram for memory requests
    0: 0
    1: 0
    2: 0
    3: 0
    4: 0
    5: 0
    6: 0
    7: 0
    8: 0
    9: 0
    10: 0
    11: 1
    12: 0
    13: 27990
    14: 5476
    15: 44
    16: 46
    17: 16
    18: 18
    19: 20
    20: 12
    21: 15
    22: 17
    23: 1444
    24: 25
    25: 41
    26: 39
    27: 31
    28: 31
    29: 31
    30: 13
    31: 11
    32: 10
    33: 14
    34: 16
    35: 12
    36: 18
    37: 15
    38: 17
    39: 10
    40: 10
    41: 24
    42: 15
    43: 18
    44: 2
    45: 3
    46: 1
    47: 28
    48: 5
    49: 0
    50: 1
    51: 0
    52: 0
    53: 0
    54: 0
    55: 0
    56: 0
    57: 0
    58: 0
    59: 0
    60: 0
    61: 0
    62: 0
    63: 0
    64: 0
    65: 0
    66: 0
    67: 0
    68: 0
    69: 0
    70: 0
    71: 0
    72: 0
    73: 0
    74: 0
    75: 0
    76: 0
    77: 0
    78: 0
    79: 0
    80: 0
    81: 0
    82: 0
    83: 0
    84: 0
    85: 0
    86: 0
    87: 0
    88: 0
    89: 0
    90: 0
    91: 0
    92: 0
    93: 0
    94: 0
    95: 0
    96: 0
    97: 0
    98: 0
    99: 0
  mem-3: # Memory controller stats
   rd: 35527 # Read requests
   wr: 26845 # Write requests
   rdlat: 5010022 # Total latency experienced by read requests
   wrlat: 3807898 # Total latency experienced by write requests
   rdhits: 2 # Read row hits
   wrhits: 19 # Write row hits
   mlh: # latency histogram for memory requests
    0: 0
    1: 0
    2: 0
    3: 0
    4: 0
    5: 0
    6: 0
    7: 0
    8: 0
    9: 0
    10: 0
    11: 0
    12: 1
    13: 28030
    14: 5501
    15: 51
    16: 32
    17: 17
    18: 16
    19: 16
    20: 18
    21: 10
    22: 13
    23: 1442
    24: 23
    25: 24
    26: 19
    27: 30
    28: 28
    29: 24
    30: 20
    31: 22
    32: 16
    33: 21
    34: 16
    35: 13
    36: 16
    37: 20
    38: 17
    39: 11
    40: 4
    41: 12
    42: 8
    43: 9
    44: 3
    45: 0
    46: 1
    47: 14
    48: 7
    49: 0
    50: 0
    51: 1
    52: 1
    53: 0
    54: 0
    55: 0
    56: 0
    57: 0
    58: 0
    59: 0
    60: 0
    61: 0
    62: 0
    63: 0
    64: 0
    65: 0
    66: 0
    67: 0
    68: 0
    69: 0
    70: 0
    71: 0
    72: 0
    73: 0
    74: 0
    75: 0
    76: 0
    77: 0
    78: 0
    79: 0
    80: 0
    81: 0
    82: 0
    83: 0
    84: 0
    85: 0
    86: 0
    87: 0
    88: 0
    89: 0
    90: 0
    91: 0
    92: 0
    93: 0
    94: 0
    95: 0
    96: 0
    97: 0
    98: 0
    99: 0
 sched: # Scheduler stats
  thCr: 1 # Threads created
  thFn: 1 # Threads finished
  schedEvs: 1 # Schedule events
  waitEvs: 0 # Wait events
  handoffEvs: 0 # Handoff events
  sleepEvs: 0 # Sleep events
  idlePhases: 0 # Phases with no thread active
  idlePeriods: 0 # Periods with no thread active
  occHist: # Occupancy histogram
   0: 0
   1: 6192
  rqSzHist: # Run queue size histogram
   0: 6192
   1: 0
   2: 0
   3: 0
   4: 0
   5: 0
   6: 0
   7: 0
   8: 0
   9: 0
   10: 0
   11: 0
   12: 0
   13: 0
   14: 0
   15: 0
   16: 0
 procCycles: # Per-process unhalted core cycles
  0: 61920961
  1: 0
  2: 0
  3: 0
  4: 0
  5: 0
  6: 0
  7: 0
  8: 0
  9: 0
  10: 0
  11: 0
  12: 0
  13: 0
  14: 0
  15: 0
  16: 0
  17: 0
  18: 0
  19: 0
  20: 0
  21: 0
  22: 0
  23: 0
  24: 0
  25: 0
  26: 0
  27: 0
  28: 0
  29: 0
  30: 0
  31: 0
  32: 0
  33: 0
  34: 0
  35: 0
  36: 0
  37: 0
  38: 0
  39: 0
  40: 0
  41: 0
  42: 0
  43: 0
  44: 0
  45: 0
  46: 0
  47: 0
  48: 0
  49: 0
  50: 0
  51: 0
  52: 0
  53: 0
  54: 0
  55: 0
  56: 0
  57: 0
  58: 0
  59: 0
  60: 0
  61: 0
  62: 0
  63: 0
 procInstrs: # Per-process instructions
  0: 100008125
  1: 0
  2: 0
  3: 0
  4: 0
  5: 0
  6: 0
  7: 0
  8: 0
  9: 0
  10: 0
  11: 0
  12: 0
  13: 0
  14: 0
  15: 0
  16: 0
  17: 0
  18: 0
  19: 0
  20: 0
  21: 0
  22: 0
  23: 0
  24: 0
  25: 0
  26: 0
  27: 0
  28: 0
  29: 0
  30: 0
  31: 0
  32: 0
  33: 0
  34: 0
  35: 0
  36: 0
  37: 0
  38: 0
  39: 0
  40: 0
  41: 0
  42: 0
  43: 0
  44: 0
  45: 0
  46: 0
  47: 0
  48: 0
  49: 0
  50: 0
  51: 0
  52: 0
  53: 0
  54: 0
  55: 0
  56: 0
  57: 0
  58: 0
  59: 0
  60: 0
  61: 0
  62: 0
  63: 0
 heartbeats: # Per-process heartbeats
  0: 0
  1: 0
  2: 0
  3: 0
  4: 0
  5: 0
  6: 0
  7: 0
  8: 0
  9: 0
  10: 0
  11: 0
  12: 0
  13: 0
  14: 0
  15: 0
  16: 0
  17: 0
  18: 0
  19: 0
  20: 0
  21: 0
  22: 0
  23: 0
  24: 0
  25: 0
  26: 0
  27: 0
  28: 0
  29: 0
  30: 0
  31: 0
  32: 0
  33: 0
  34: 0
  35: 0
  36: 0
  37: 0
  38: 0
  39: 0
  40: 0
  41: 0
  42: 0
  43: 0
  44: 0
  45: 0
  46: 0
  47: 0
  48: 0
  49: 0
  50: 0
  51: 0
  52: 0
  53: 0
  54: 0
  55: 0
  56: 0
  57: 0
  58: 0
  59: 0
  60: 0
  61: 0
  62: 0
  63: 0
===
