# zsim stats
===
root: # Stats
 contention: # Contention simulation stats
  domain-0: # Domain stats
   time: 385505829 # Weave simulation time
 time: # Simulator time breakdown
  init: 62229113039
  bound: 11979117068
  weave: 535560260
  ff: 0
 trigger: 20000 # Reason for this stats dump
 phase: 9161 # Simulated phases
 westmere: # Core stats
  westmere-0: # Core stats
   cycles: 91610014 # Simulated unhalted cycles
   cCycles: 7054093 # Cycles due to contention stalls
   instrs: 100010270 # Simulated instructions
   uops: 113810975 # Retired micro-ops
   bbls: 14846668 # Basic blocks
   approxInstrs: 596117 # Instrs with approx uop decoding
   mispredBranches: 789665 # Mispredicted branches
   condBranches: 12875662 # conditional branches
 l1i: # Cache stats
  l1i-0: # Filter cache stats
   fhGETS: 19608454 # Filtered GETS hits
   fhGETX: 0 # Filtered GETX hits
   hGETS: 198 # GETS hits
   hGETX: 0 # GETX hits
   mGETS: 162 # GETS misses
   mGETXIM: 0 # GETX I->M misses
   mGETXSM: 0 # GETX S->M misses (upgrade misses)
   PUTS: 0 # Clean evictions (from lower level)
   PUTX: 0 # Dirty evictions (from lower level)
   INV: 0 # Invalidates (from upper level)
   INVX: 0 # Downgrades (from upper level)
   FWD: 0 # Forwards (from upper level)
   latGETnl: 20088 # GET request latency on next level
   latGETnet: 0 # GET request latency on network to next level
 l1d: # Cache stats
  l1d-0: # Filter cache stats
   fhGETS: 25346903 # Filtered GETS hits
   fhGETX: 11427176 # Filtered GETX hits
   hGETS: 1015772 # GETS hits
   hGETX: 1638035 # GETX hits
   mGETS: 1934565 # GETS misses
   mGETXIM: 1093154 # GETX I->M misses
   mGETXSM: 0 # GETX S->M misses (upgrade misses)
   PUTS: 0 # Clean evictions (from lower level)
   PUTX: 0 # Dirty evictions (from lower level)
   INV: 0 # Invalidates (from upper level)
   INVX: 0 # Downgrades (from upper level)
   FWD: 0 # Forwards (from upper level)
   latGETnl: 103084328 # GET request latency on next level
   latGETnet: 0 # GET request latency on network to next level
 l2: # Cache stats
  l2-0: # Cache stats
   hGETS: 939494 # GETS hits
   hGETX: 118983 # GETX hits
   mGETS: 995233 # GETS misses
   mGETXIM: 974171 # GETX I->M misses
   mGETXSM: 0 # GETX S->M misses (upgrade misses)
   PUTS: 942348 # Clean evictions (from lower level)
   PUTX: 2084859 # Dirty evictions (from lower level)
   INV: 0 # Invalidates (from upper level)
   INVX: 0 # Downgrades (from upper level)
   FWD: 0 # Forwards (from upper level)
   latGETnl: 72825606 # GET request latency on next level
   latGETnet: 0 # GET request latency on network to next level
 l3: # Cache stats
  l3-0: # Cache stats
   hGETS: 897151 # GETS hits
   hGETX: 788254 # GETX hits
   mGETS: 98082 # GETS misses
   mGETXIM: 185917 # GETX I->M misses
   mGETXSM: 0 # GETX S->M misses (upgrade misses)
   PUTS: 580315 # Clean evictions (from lower level)
   PUTX: 1384993 # Dirty evictions (from lower level)
   INV: 0 # Invalidates (from upper level)
   INVX: 0 # Downgrades (from upper level)
   FWD: 0 # Forwards (from upper level)
   latGETnl: 25559910 # GET request latency on next level
   latGETnet: 0 # GET request latency on network to next level
 mem: # Memory controller stats
  mem-0: # Memory controller stats
   rd: 70925 # Read requests
   wr: 54690 # Write requests
   rdlat: 9721015 # Total latency experienced by read requests
   wrlat: 8216715 # Total latency experienced by write requests
   rdhits: 2194 # Read row hits
   wrhits: 769 # Write row hits
   mlh: # latency histogram for memory requests
    0: 0
    1: 0
    2: 0
    3: 0
    4: 0
    5: 0
    6: 0
    7: 0
    8: 0
    9: 0
    10: 1
    11: 205
    12: 270
    13: 62753
    14: 2613
    15: 1312
    16: 799
    17: 323
    18: 364
    19: 437
    20: 480
    21: 281
    22: 119
    23: 89
    24: 79
    25: 60
    26: 28
    27: 39
    28: 29
    29: 41
    30: 30
    31: 37
    32: 53
    33: 51
    34: 48
    35: 53
    36: 38
    37: 42
    38: 39
    39: 39
    40: 51
    41: 42
    42: 40
    43: 11
    44: 3
    45: 6
    46: 6
    47: 9
    48: 1
    49: 2
    50: 0
    51: 2
    52: 0
    53: 0
    54: 0
    55: 0
    56: 0
    57: 0
    58: 0
    59: 0
    60: 0
    61: 0
    62: 0
    63: 0
    64: 0
    65: 0
    66: 0
    67: 0
    68: 0
    69: 0
    70: 0
    71: 0
    72: 0
    73: 0
    74: 0
    75: 0
    76: 0
    77: 0
    78: 0
    79: 0
    80: 0
    81: 0
    82: 0
    83: 0
    84: 0
    85: 0
    86: 0
    87: 0
    88: 0
    89: 0
    90: 0
    91: 0
    92: 0
    93: 0
    94: 0
    95: 0
    96: 0
    97: 0
    98: 0
    99: 0
  mem-1: # Memory controller stats
   rd: 71289 # Read requests
   wr: 55480 # Write requests
   rdlat: 9778257 # Total latency experienced by read requests
   wrlat: 8391935 # Total latency experienced by write requests
   rdhits: 2436 # Read row hits
   wrhits: 873 # Write row hits
   mlh: # latency histogram for memory requests
    0: 0
    1: 0
    2: 0
    3: 0
    4: 0
    5: 0
    6: 0
    7: 0
    8: 0
    9: 0
    10: 0
    11: 208
    12: 313
    13: 62778
    14: 2706
    15: 1403
    16: 868
    17: 354
    18: 417
    19: 485
    20: 422
    21: 294
    22: 96
    23: 90
    24: 78
    25: 57
    26: 49
    27: 23
    28: 30
    29: 32
    30: 41
    31: 33
    32: 43
    33: 40
    34: 52
    35: 32
    36: 45
    37: 48
    38: 36
    39: 48
    40: 35
    41: 35
    42: 39
    43: 15
    44: 8
    45: 14
    46: 11
    47: 4
    48: 2
    49: 2
    50: 0
    51: 0
    52: 0
    53: 1
    54: 2
    55: 0
    56: 0
    57: 0
    58: 0
    59: 0
    60: 0
    61: 0
    62: 0
    63: 0
    64: 0
    65: 0
    66: 0
    67: 0
    68: 0
    69: 0
    70: 0
    71: 0
    72: 0
    73: 0
    74: 0
    75: 0
    76: 0
    77: 0
    78: 0
    79: 0
    80: 0
    81: 0
    82: 0
    83: 0
    84: 0
    85: 0
    86: 0
    87: 0
    88: 0
    89: 0
    90: 0
    91: 0
    92: 0
    93: 0
    94: 0
    95: 0
    96: 0
    97: 0
    98: 0
    99: 0
  mem-2: # Memory controller stats
   rd: 71202 # Read requests
   wr: 55410 # Write requests
   rdlat: 9776518 # Total latency experienced by read requests
   wrlat: 8363865 # Total latency experienced by write requests
   rdhits: 2555 # Read row hits
   wrhits: 850 # Write row hits
   mlh: # latency histogram for memory requests
    0: 0
    1: 0
    2: 0
    3: 0
    4: 0
    5: 0
    6: 0
    7: 0
    8: 0
    9: 0
    10: 0
    11: 225
    12: 335
    13: 62512
    14: 2679
    15: 1436
    16: 836
    17: 383
    18: 424
    19: 481
    20: 487
    21: 324
    22: 112
    23: 90
    24: 78
    25: 58
    26: 30
    27: 35
    28: 36
    29: 35
    30: 42
    31: 33
    32: 49
    33: 41
    34: 48
    35: 36
    36: 31
    37: 43
    38: 45
    39: 39
    40: 64
    41: 44
    42: 38
    43: 15
    44: 15
    45: 7
    46: 4
    47: 5
    48: 4
    49: 2
    50: 1
    51: 0
    52: 0
    53: 0
    54: 0
    55: 0
    56: 0
    57: 0
    58: 0
    59: 0
    60: 0
    61: 0
    62: 0
    63: 0
    64: 0
    65: 0
    66: 0
    67: 0
    68: 0
    69: 0
    70: 0
    71: 0
    72: 0
    73: 0
    74: 0
    75: 0
    76: 0
    77: 0
    78: 0
    79: 0
    80: 0
    81: 0
    82: 0
    83: 0
    84: 0
    85: 0
    86: 0
    87: 0
    88: 0
    89: 0
    90: 0
    91: 0
    92: 0
    93: 0
    94: 0
    95: 0
    96: 0
    97: 0
    98: 0
    99: 0
  mem-3: # Memory controller stats
   rd: 70583 # Read requests
   wr: 54861 # Write requests
   rdlat: 9658843 # Total latency experienced by read requests
   wrlat: 8244753 # Total latency experienced by write requests
   rdhits: 2208 # Read row hits
   wrhits: 727 # Write row hits
   mlh: # latency histogram for memory requests
    0: 0
    1: 0
    2: 0
    3: 0
    4: 0
    5: 0
    6: 0
    7: 0
    8: 0
    9: 0
    10: 0
    11: 248
    12: 281
    13: 62559
    14: 2657
    15: 1315
    16: 839
    17: 344
    18: 351
    19: 423
    20: 360
    21: 216
    22: 84
    23: 71
    24: 86
    25: 47
    26: 26
    27: 28
    28: 35
    29: 32
    30: 42
    31: 26
    32: 40
    33: 36
    34: 47
    35: 47
    36: 36
    37: 47
    38: 48
    39: 32
    40: 34
    41: 36
    42: 35
    43: 13
    44: 4
    45: 11
    46: 12
    47: 7
    48: 9
    49: 2
    50: 2
    51: 4
    52: 5
    53: 2
    54: 1
    55: 0
    56: 0
    57: 1
    58: 0
    59: 1
    60: 1
    61: 0
    62: 0
    63: 0
    64: 0
    65: 0
    66: 0
    67: 0
    68: 0
    69: 0
    70: 0
    71: 0
    72: 0
    73: 0
    74: 0
    75: 0
    76: 0
    77: 0
    78: 0
    79: 0
    80: 0
    81: 0
    82: 0
    83: 0
    84: 0
    85: 0
    86: 0
    87: 0
    88: 0
    89: 0
    90: 0
    91: 0
    92: 0
    93: 0
    94: 0
    95: 0
    96: 0
    97: 0
    98: 0
    99: 0
 sched: # Scheduler stats
  thCr: 1 # Threads created
  thFn: 1 # Threads finished
  schedEvs: 1 # Schedule events
  waitEvs: 0 # Wait events
  handoffEvs: 0 # Handoff events
  sleepEvs: 0 # Sleep events
  idlePhases: 0 # Phases with no thread active
  idlePeriods: 0 # Periods with no thread active
  occHist: # Occupancy histogram
   0: 0
   1: 9161
  rqSzHist: # Run queue size histogram
   0: 9161
   1: 0
   2: 0
   3: 0
   4: 0
   5: 0
   6: 0
   7: 0
   8: 0
   9: 0
   10: 0
   11: 0
   12: 0
   13: 0
   14: 0
   15: 0
   16: 0
 procCycles: # Per-process unhalted core cycles
  0: 91610014
  1: 0
  2: 0
  3: 0
  4: 0
  5: 0
  6: 0
  7: 0
  8: 0
  9: 0
  10: 0
  11: 0
  12: 0
  13: 0
  14: 0
  15: 0
  16: 0
  17: 0
  18: 0
  19: 0
  20: 0
  21: 0
  22: 0
  23: 0
  24: 0
  25: 0
  26: 0
  27: 0
  28: 0
  29: 0
  30: 0
  31: 0
  32: 0
  33: 0
  34: 0
  35: 0
  36: 0
  37: 0
  38: 0
  39: 0
  40: 0
  41: 0
  42: 0
  43: 0
  44: 0
  45: 0
  46: 0
  47: 0
  48: 0
  49: 0
  50: 0
  51: 0
  52: 0
  53: 0
  54: 0
  55: 0
  56: 0
  57: 0
  58: 0
  59: 0
  60: 0
  61: 0
  62: 0
  63: 0
 procInstrs: # Per-process instructions
  0: 100010270
  1: 0
  2: 0
  3: 0
  4: 0
  5: 0
  6: 0
  7: 0
  8: 0
  9: 0
  10: 0
  11: 0
  12: 0
  13: 0
  14: 0
  15: 0
  16: 0
  17: 0
  18: 0
  19: 0
  20: 0
  21: 0
  22: 0
  23: 0
  24: 0
  25: 0
  26: 0
  27: 0
  28: 0
  29: 0
  30: 0
  31: 0
  32: 0
  33: 0
  34: 0
  35: 0
  36: 0
  37: 0
  38: 0
  39: 0
  40: 0
  41: 0
  42: 0
  43: 0
  44: 0
  45: 0
  46: 0
  47: 0
  48: 0
  49: 0
  50: 0
  51: 0
  52: 0
  53: 0
  54: 0
  55: 0
  56: 0
  57: 0
  58: 0
  59: 0
  60: 0
  61: 0
  62: 0
  63: 0
 heartbeats: # Per-process heartbeats
  0: 0
  1: 0
  2: 0
  3: 0
  4: 0
  5: 0
  6: 0
  7: 0
  8: 0
  9: 0
  10: 0
  11: 0
  12: 0
  13: 0
  14: 0
  15: 0
  16: 0
  17: 0
  18: 0
  19: 0
  20: 0
  21: 0
  22: 0
  23: 0
  24: 0
  25: 0
  26: 0
  27: 0
  28: 0
  29: 0
  30: 0
  31: 0
  32: 0
  33: 0
  34: 0
  35: 0
  36: 0
  37: 0
  38: 0
  39: 0
  40: 0
  41: 0
  42: 0
  43: 0
  44: 0
  45: 0
  46: 0
  47: 0
  48: 0
  49: 0
  50: 0
  51: 0
  52: 0
  53: 0
  54: 0
  55: 0
  56: 0
  57: 0
  58: 0
  59: 0
  60: 0
  61: 0
  62: 0
  63: 0
===
